
---
events:
  -
    kind: "message-v1"
    backtrace:
      - "C:/Program Files/Microsoft Visual Studio/2022/Enterprise/Common7/IDE/CommonExtensions/Microsoft/CMake/CMake/share/cmake-3.29/Modules/CMakeDetermineSystem.cmake:205 (message)"
      - "CMakeLists.txt:57 (project)"
    message: |
      The system is: Windows - 10.0.22631 - AMD64
  -
    kind: "message-v1"
    backtrace:
      - "C:/Program Files/Microsoft Visual Studio/2022/Enterprise/Common7/IDE/CommonExtensions/Microsoft/CMake/CMake/share/cmake-3.29/Modules/CMakeDetermineCompilerId.cmake:17 (message)"
      - "C:/Program Files/Microsoft Visual Studio/2022/Enterprise/Common7/IDE/CommonExtensions/Microsoft/CMake/CMake/share/cmake-3.29/Modules/CMakeDetermineCompilerId.cmake:64 (__determine_compiler_id_test)"
      - "C:/Program Files/Microsoft Visual Studio/2022/Enterprise/Common7/IDE/CommonExtensions/Microsoft/CMake/CMake/share/cmake-3.29/Modules/CMakeDetermineCXXCompiler.cmake:126 (CMAKE_DETERMINE_COMPILER_ID)"
      - "CMakeLists.txt:57 (project)"
    message: |
      Compiling the CXX compiler identification source file "CMakeCXXCompilerId.cpp" succeeded.
      Compiler: C:/Program Files/Microsoft Visual Studio/2022/Enterprise/VC/Tools/MSVC/14.42.34433/bin/Hostx64/x64/cl.exe 
      Build flags: /nologo;/DWIN32;/D_WINDOWS;/utf-8;/GR;/EHsc;/MP
      Id flags:  
      
      The output was:
      0
      CMakeCXXCompilerId.cpp
      
      
      Compilation of the CXX compiler identification source "CMakeCXXCompilerId.cpp" produced "CMakeCXXCompilerId.exe"
      
      Compilation of the CXX compiler identification source "CMakeCXXCompilerId.cpp" produced "CMakeCXXCompilerId.obj"
      
      The CXX compiler identification is MSVC, found in:
        D:/Seneca/GPU/work/Final_Data_Analysis_Stock/vcpkg_installed/vcpkg/blds/jsoncpp/x64-windows-dbg/CMakeFiles/3.29.5-msvc4/CompilerIdCXX/CMakeCXXCompilerId.exe
      
  -
    kind: "message-v1"
    backtrace:
      - "C:/Program Files/Microsoft Visual Studio/2022/Enterprise/Common7/IDE/CommonExtensions/Microsoft/CMake/CMake/share/cmake-3.29/Modules/CMakeDetermineCompilerId.cmake:1216 (message)"
      - "C:/Program Files/Microsoft Visual Studio/2022/Enterprise/Common7/IDE/CommonExtensions/Microsoft/CMake/CMake/share/cmake-3.29/Modules/CMakeDetermineCompilerId.cmake:250 (CMAKE_DETERMINE_MSVC_SHOWINCLUDES_PREFIX)"
      - "C:/Program Files/Microsoft Visual Studio/2022/Enterprise/Common7/IDE/CommonExtensions/Microsoft/CMake/CMake/share/cmake-3.29/Modules/CMakeDetermineCXXCompiler.cmake:126 (CMAKE_DETERMINE_COMPILER_ID)"
      - "CMakeLists.txt:57 (project)"
    message: |
      Detecting CXX compiler /showIncludes prefix:
        main.c
        Note: including file: D:\\Seneca\\GPU\\work\\Final_Data_Analysis_Stock\\vcpkg_installed\\vcpkg\\blds\\jsoncpp\\x64-windows-dbg\\CMakeFiles\\ShowIncludes\\foo.h
        
      Found prefix "Note: including file: "
  -
    kind: "try_compile-v1"
    backtrace:
      - "C:/Program Files/Microsoft Visual Studio/2022/Enterprise/Common7/IDE/CommonExtensions/Microsoft/CMake/CMake/share/cmake-3.29/Modules/CMakeDetermineCompilerABI.cmake:67 (try_compile)"
      - "C:/Program Files/Microsoft Visual Studio/2022/Enterprise/Common7/IDE/CommonExtensions/Microsoft/CMake/CMake/share/cmake-3.29/Modules/CMakeTestCXXCompiler.cmake:26 (CMAKE_DETERMINE_COMPILER_ABI)"
      - "CMakeLists.txt:57 (project)"
    checks:
      - "Detecting CXX compiler ABI info"
    directories:
      source: "D:/Seneca/GPU/work/Final_Data_Analysis_Stock/vcpkg_installed/vcpkg/blds/jsoncpp/x64-windows-dbg/CMakeFiles/CMakeScratch/TryCompile-e94731"
      binary: "D:/Seneca/GPU/work/Final_Data_Analysis_Stock/vcpkg_installed/vcpkg/blds/jsoncpp/x64-windows-dbg/CMakeFiles/CMakeScratch/TryCompile-e94731"
    cmakeVariables:
      CMAKE_CXX_FLAGS: " /nologo /DWIN32 /D_WINDOWS /utf-8 /GR /EHsc /MP "
      CMAKE_CXX_FLAGS_DEBUG: "/D_DEBUG /MDd /Z7 /Ob0 /Od /RTC1 "
      CMAKE_CXX_SCAN_FOR_MODULES: "OFF"
      CMAKE_EXE_LINKER_FLAGS: "/machine:x64"
      CMAKE_MODULE_PATH: "D:/Seneca/GPU/work/Final_Data_Analysis_Stock/vcpkg_installed/vcpkg/blds/jsoncpp/src/1.9.6-29ceffc35f.clean/cmake"
      CMAKE_MSVC_DEBUG_INFORMATION_FORMAT: ""
      CMAKE_MSVC_RUNTIME_LIBRARY: "MultiThreaded$<$<CONFIG:Debug>:Debug>$<$<STREQUAL:dynamic,dynamic>:DLL>"
      VCPKG_CHAINLOAD_TOOLCHAIN_FILE: "C:/Program Files/Microsoft Visual Studio/2022/Enterprise/VC/vcpkg/scripts/toolchains/windows.cmake"
      VCPKG_CRT_LINKAGE: "dynamic"
      VCPKG_CXX_FLAGS: ""
      VCPKG_CXX_FLAGS_DEBUG: ""
      VCPKG_CXX_FLAGS_RELEASE: ""
      VCPKG_C_FLAGS: ""
      VCPKG_C_FLAGS_DEBUG: ""
      VCPKG_C_FLAGS_RELEASE: ""
      VCPKG_INSTALLED_DIR: "D:/Seneca/GPU/work/Final_Data_Analysis_Stock/vcpkg_installed"
      VCPKG_LINKER_FLAGS: ""
      VCPKG_LINKER_FLAGS_DEBUG: ""
      VCPKG_LINKER_FLAGS_RELEASE: ""
      VCPKG_PLATFORM_TOOLSET: "v143"
      VCPKG_PREFER_SYSTEM_LIBS: "OFF"
      VCPKG_SET_CHARSET_FLAG: "ON"
      VCPKG_TARGET_ARCHITECTURE: "x64"
      VCPKG_TARGET_TRIPLET: "x64-windows"
      Z_VCPKG_ROOT_DIR: "C:/Program Files/Microsoft Visual Studio/2022/Enterprise/VC/vcpkg"
    buildResult:
      variable: "CMAKE_CXX_ABI_COMPILED"
      cached: true
      stdout: |
        Change Dir: 'D:/Seneca/GPU/work/Final_Data_Analysis_Stock/vcpkg_installed/vcpkg/blds/jsoncpp/x64-windows-dbg/CMakeFiles/CMakeScratch/TryCompile-e94731'
        
        Run Build Command(s): "C:/Program Files/Microsoft Visual Studio/2022/Enterprise/Common7/IDE/CommonExtensions/Microsoft/CMake/Ninja/ninja.exe" -v cmTC_17976
        [1/2] C:\\PROGRA~1\\MICROS~2\\2022\\ENTERP~1\\VC\\Tools\\MSVC\\1442~1.344\\bin\\Hostx64\\x64\\cl.exe  /nologo /TP   /nologo /DWIN32 /D_WINDOWS /utf-8 /GR /EHsc /MP   /D_DEBUG /MDd /Z7 /Ob0 /Od /RTC1  -MDd /showIncludes /FoCMakeFiles\\cmTC_17976.dir\\CMakeCXXCompilerABI.cpp.obj /FdCMakeFiles\\cmTC_17976.dir\\ /FS -c "C:\\Program Files\\Microsoft Visual Studio\\2022\\Enterprise\\Common7\\IDE\\CommonExtensions\\Microsoft\\CMake\\CMake\\share\\cmake-3.29\\Modules\\CMakeCXXCompilerABI.cpp"
        [2/2] C:\\Windows\\system32\\cmd.exe /C "cd . && "C:\\Program Files\\Microsoft Visual Studio\\2022\\Enterprise\\Common7\\IDE\\CommonExtensions\\Microsoft\\CMake\\CMake\\bin\\cmake.exe" -E vs_link_exe --intdir=CMakeFiles\\cmTC_17976.dir --rc=C:\\PROGRA~2\\WI3CF2~1\\10\\bin\\100261~1.0\\x64\\rc.exe --mt=C:\\PROGRA~2\\WI3CF2~1\\10\\bin\\100261~1.0\\x64\\mt.exe --manifests  -- C:\\PROGRA~1\\MICROS~2\\2022\\ENTERP~1\\VC\\Tools\\MSVC\\1442~1.344\\bin\\Hostx64\\x64\\link.exe /nologo CMakeFiles\\cmTC_17976.dir\\CMakeCXXCompilerABI.cpp.obj  /out:cmTC_17976.exe /implib:cmTC_17976.lib /pdb:cmTC_17976.pdb /version:0.0 /machine:x64  /nologo    /debug /INCREMENTAL /subsystem:console  kernel32.lib user32.lib gdi32.lib winspool.lib shell32.lib ole32.lib oleaut32.lib uuid.lib comdlg32.lib advapi32.lib && cd ."
        
      exitCode: 0
  -
    kind: "message-v1"
    backtrace:
      - "C:/Program Files/Microsoft Visual Studio/2022/Enterprise/Common7/IDE/CommonExtensions/Microsoft/CMake/CMake/share/cmake-3.29/Modules/CMakeDetermineCompilerABI.cmake:173 (message)"
      - "C:/Program Files/Microsoft Visual Studio/2022/Enterprise/Common7/IDE/CommonExtensions/Microsoft/CMake/CMake/share/cmake-3.29/Modules/CMakeTestCXXCompiler.cmake:26 (CMAKE_DETERMINE_COMPILER_ABI)"
      - "CMakeLists.txt:57 (project)"
    message: |
      Parsed CXX implicit link information:
        link line regex: [^( *|.*[/\\])(ld[0-9]*(\\.[a-z]+)?|link\\.exe|lld-link(\\.exe)?|CMAKE_LINK_STARTFILE-NOTFOUND|([^/\\]+-)?ld|collect2)[^/\\]*( |$)]
        linker tool regex: [^[ 	]*(->|")?[ 	]*(([^"]*[/\\])?(ld[0-9]*(\\.[a-z]+)?|link\\.exe|lld-link(\\.exe)?))("|,| |$)]
        linker tool for 'CXX': C:/PROGRA~1/MICROS~2/2022/ENTERP~1/VC/Tools/MSVC/1442~1.344/bin/Hostx64/x64/link.exe
        implicit libs: []
        implicit objs: []
        implicit dirs: []
        implicit fwks: []
      
      
  -
    kind: "message-v1"
    backtrace:
      - "C:/Program Files/Microsoft Visual Studio/2022/Enterprise/Common7/IDE/CommonExtensions/Microsoft/CMake/CMake/share/cmake-3.29/Modules/Internal/CMakeDetermineLinkerId.cmake:40 (message)"
      - "C:/Program Files/Microsoft Visual Studio/2022/Enterprise/Common7/IDE/CommonExtensions/Microsoft/CMake/CMake/share/cmake-3.29/Modules/CMakeDetermineCompilerABI.cmake:210 (cmake_determine_linker_id)"
      - "C:/Program Files/Microsoft Visual Studio/2022/Enterprise/Common7/IDE/CommonExtensions/Microsoft/CMake/CMake/share/cmake-3.29/Modules/CMakeTestCXXCompiler.cmake:26 (CMAKE_DETERMINE_COMPILER_ABI)"
      - "CMakeLists.txt:57 (project)"
    message: |
      Running the CXX compiler's linker: "C:/PROGRA~1/MICROS~2/2022/ENTERP~1/VC/Tools/MSVC/1442~1.344/bin/Hostx64/x64/link.exe" "-v"
      Microsoft (R) Incremental Linker Version 14.42.34435.0
      Copyright (C) Microsoft Corporation.  All rights reserved.
  -
    kind: "try_compile-v1"
    backtrace:
      - "C:/Program Files/Microsoft Visual Studio/2022/Enterprise/Common7/IDE/CommonExtensions/Microsoft/CMake/CMake/share/cmake-3.29/Modules/CheckIncludeFileCXX.cmake:89 (try_compile)"
      - "src/lib_json/CMakeLists.txt:11 (check_include_file_cxx)"
    checks:
      - "Looking for C++ include clocale"
    directories:
      source: "D:/Seneca/GPU/work/Final_Data_Analysis_Stock/vcpkg_installed/vcpkg/blds/jsoncpp/x64-windows-dbg/CMakeFiles/CMakeScratch/TryCompile-hhoh0g"
      binary: "D:/Seneca/GPU/work/Final_Data_Analysis_Stock/vcpkg_installed/vcpkg/blds/jsoncpp/x64-windows-dbg/CMakeFiles/CMakeScratch/TryCompile-hhoh0g"
    cmakeVariables:
      CMAKE_CXX_FLAGS: " /nologo /DWIN32 /D_WINDOWS /utf-8 /GR /EHsc /MP "
      CMAKE_CXX_FLAGS_DEBUG: "/D_DEBUG /MDd /Z7 /Ob0 /Od /RTC1 "
      CMAKE_EXE_LINKER_FLAGS: "/machine:x64"
      CMAKE_MODULE_PATH: "D:/Seneca/GPU/work/Final_Data_Analysis_Stock/vcpkg_installed/vcpkg/blds/jsoncpp/src/1.9.6-29ceffc35f.clean/cmake"
      CMAKE_MSVC_DEBUG_INFORMATION_FORMAT: ""
      CMAKE_MSVC_RUNTIME_LIBRARY: "MultiThreaded$<$<CONFIG:Debug>:Debug>$<$<STREQUAL:dynamic,dynamic>:DLL>"
      VCPKG_CHAINLOAD_TOOLCHAIN_FILE: "C:/Program Files/Microsoft Visual Studio/2022/Enterprise/VC/vcpkg/scripts/toolchains/windows.cmake"
      VCPKG_CRT_LINKAGE: "dynamic"
      VCPKG_CXX_FLAGS: ""
      VCPKG_CXX_FLAGS_DEBUG: ""
      VCPKG_CXX_FLAGS_RELEASE: ""
      VCPKG_C_FLAGS: ""
      VCPKG_C_FLAGS_DEBUG: ""
      VCPKG_C_FLAGS_RELEASE: ""
      VCPKG_INSTALLED_DIR: "D:/Seneca/GPU/work/Final_Data_Analysis_Stock/vcpkg_installed"
      VCPKG_LINKER_FLAGS: ""
      VCPKG_LINKER_FLAGS_DEBUG: ""
      VCPKG_LINKER_FLAGS_RELEASE: ""
      VCPKG_PLATFORM_TOOLSET: "v143"
      VCPKG_PREFER_SYSTEM_LIBS: "OFF"
      VCPKG_SET_CHARSET_FLAG: "ON"
      VCPKG_TARGET_ARCHITECTURE: "x64"
      VCPKG_TARGET_TRIPLET: "x64-windows"
      Z_VCPKG_ROOT_DIR: "C:/Program Files/Microsoft Visual Studio/2022/Enterprise/VC/vcpkg"
    buildResult:
      variable: "HAVE_CLOCALE"
      cached: true
      stdout: |
        Change Dir: 'D:/Seneca/GPU/work/Final_Data_Analysis_Stock/vcpkg_installed/vcpkg/blds/jsoncpp/x64-windows-dbg/CMakeFiles/CMakeScratch/TryCompile-hhoh0g'
        
        Run Build Command(s): "C:/Program Files/Microsoft Visual Studio/2022/Enterprise/Common7/IDE/CommonExtensions/Microsoft/CMake/Ninja/ninja.exe" -v cmTC_30969
        [1/2] C:\\PROGRA~1\\MICROS~2\\2022\\ENTERP~1\\VC\\Tools\\MSVC\\1442~1.344\\bin\\Hostx64\\x64\\cl.exe  /nologo /TP   /nologo /DWIN32 /D_WINDOWS /utf-8 /GR /EHsc /MP   /D_DEBUG /MDd /Z7 /Ob0 /Od /RTC1  -MDd /showIncludes /FoCMakeFiles\\cmTC_30969.dir\\CheckIncludeFile.cxx.obj /FdCMakeFiles\\cmTC_30969.dir\\ /FS -c D:\\Seneca\\GPU\\work\\Final_Data_Analysis_Stock\\vcpkg_installed\\vcpkg\\blds\\jsoncpp\\x64-windows-dbg\\CMakeFiles\\CMakeScratch\\TryCompile-hhoh0g\\CheckIncludeFile.cxx
        [2/2] C:\\Windows\\system32\\cmd.exe /C "cd . && "C:\\Program Files\\Microsoft Visual Studio\\2022\\Enterprise\\Common7\\IDE\\CommonExtensions\\Microsoft\\CMake\\CMake\\bin\\cmake.exe" -E vs_link_exe --intdir=CMakeFiles\\cmTC_30969.dir --rc=C:\\PROGRA~2\\WI3CF2~1\\10\\bin\\100261~1.0\\x64\\rc.exe --mt=C:\\PROGRA~2\\WI3CF2~1\\10\\bin\\100261~1.0\\x64\\mt.exe --manifests  -- C:\\PROGRA~1\\MICROS~2\\2022\\ENTERP~1\\VC\\Tools\\MSVC\\1442~1.344\\bin\\Hostx64\\x64\\link.exe /nologo CMakeFiles\\cmTC_30969.dir\\CheckIncludeFile.cxx.obj  /out:cmTC_30969.exe /implib:cmTC_30969.lib /pdb:cmTC_30969.pdb /version:0.0 /machine:x64  /nologo    /debug /INCREMENTAL /subsystem:console  kernel32.lib user32.lib gdi32.lib winspool.lib shell32.lib ole32.lib oleaut32.lib uuid.lib comdlg32.lib advapi32.lib && cd ."
        
      exitCode: 0
  -
    kind: "try_compile-v1"
    backtrace:
      - "C:/Program Files/Microsoft Visual Studio/2022/Enterprise/Common7/IDE/CommonExtensions/Microsoft/CMake/CMake/share/cmake-3.29/Modules/CheckSymbolExists.cmake:140 (try_compile)"
      - "C:/Program Files/Microsoft Visual Studio/2022/Enterprise/Common7/IDE/CommonExtensions/Microsoft/CMake/CMake/share/cmake-3.29/Modules/CheckCXXSymbolExists.cmake:72 (__CHECK_SYMBOL_EXISTS_IMPL)"
      - "src/lib_json/CMakeLists.txt:12 (check_cxx_symbol_exists)"
    checks:
      - "Looking for localeconv"
    directories:
      source: "D:/Seneca/GPU/work/Final_Data_Analysis_Stock/vcpkg_installed/vcpkg/blds/jsoncpp/x64-windows-dbg/CMakeFiles/CMakeScratch/TryCompile-yob0iv"
      binary: "D:/Seneca/GPU/work/Final_Data_Analysis_Stock/vcpkg_installed/vcpkg/blds/jsoncpp/x64-windows-dbg/CMakeFiles/CMakeScratch/TryCompile-yob0iv"
    cmakeVariables:
      CMAKE_CXX_FLAGS: " /nologo /DWIN32 /D_WINDOWS /utf-8 /GR /EHsc /MP "
      CMAKE_CXX_FLAGS_DEBUG: "/D_DEBUG /MDd /Z7 /Ob0 /Od /RTC1 "
      CMAKE_EXE_LINKER_FLAGS: "/machine:x64"
      CMAKE_MODULE_PATH: "D:/Seneca/GPU/work/Final_Data_Analysis_Stock/vcpkg_installed/vcpkg/blds/jsoncpp/src/1.9.6-29ceffc35f.clean/cmake"
      CMAKE_MSVC_DEBUG_INFORMATION_FORMAT: ""
      CMAKE_MSVC_RUNTIME_LIBRARY: "MultiThreaded$<$<CONFIG:Debug>:Debug>$<$<STREQUAL:dynamic,dynamic>:DLL>"
      VCPKG_CHAINLOAD_TOOLCHAIN_FILE: "C:/Program Files/Microsoft Visual Studio/2022/Enterprise/VC/vcpkg/scripts/toolchains/windows.cmake"
      VCPKG_CRT_LINKAGE: "dynamic"
      VCPKG_CXX_FLAGS: ""
      VCPKG_CXX_FLAGS_DEBUG: ""
      VCPKG_CXX_FLAGS_RELEASE: ""
      VCPKG_C_FLAGS: ""
      VCPKG_C_FLAGS_DEBUG: ""
      VCPKG_C_FLAGS_RELEASE: ""
      VCPKG_INSTALLED_DIR: "D:/Seneca/GPU/work/Final_Data_Analysis_Stock/vcpkg_installed"
      VCPKG_LINKER_FLAGS: ""
      VCPKG_LINKER_FLAGS_DEBUG: ""
      VCPKG_LINKER_FLAGS_RELEASE: ""
      VCPKG_PLATFORM_TOOLSET: "v143"
      VCPKG_PREFER_SYSTEM_LIBS: "OFF"
      VCPKG_SET_CHARSET_FLAG: "ON"
      VCPKG_TARGET_ARCHITECTURE: "x64"
      VCPKG_TARGET_TRIPLET: "x64-windows"
      Z_VCPKG_ROOT_DIR: "C:/Program Files/Microsoft Visual Studio/2022/Enterprise/VC/vcpkg"
    buildResult:
      variable: "HAVE_LOCALECONV"
      cached: true
      stdout: |
        Change Dir: 'D:/Seneca/GPU/work/Final_Data_Analysis_Stock/vcpkg_installed/vcpkg/blds/jsoncpp/x64-windows-dbg/CMakeFiles/CMakeScratch/TryCompile-yob0iv'
        
        Run Build Command(s): "C:/Program Files/Microsoft Visual Studio/2022/Enterprise/Common7/IDE/CommonExtensions/Microsoft/CMake/Ninja/ninja.exe" -v cmTC_88484
        [1/2] C:\\PROGRA~1\\MICROS~2\\2022\\ENTERP~1\\VC\\Tools\\MSVC\\1442~1.344\\bin\\Hostx64\\x64\\cl.exe  /nologo /TP   /nologo /DWIN32 /D_WINDOWS /utf-8 /GR /EHsc /MP   /D_DEBUG /MDd /Z7 /Ob0 /Od /RTC1  -MDd /showIncludes /FoCMakeFiles\\cmTC_88484.dir\\CheckSymbolExists.cxx.obj /FdCMakeFiles\\cmTC_88484.dir\\ /FS -c D:\\Seneca\\GPU\\work\\Final_Data_Analysis_Stock\\vcpkg_installed\\vcpkg\\blds\\jsoncpp\\x64-windows-dbg\\CMakeFiles\\CMakeScratch\\TryCompile-yob0iv\\CheckSymbolExists.cxx
        [2/2] C:\\Windows\\system32\\cmd.exe /C "cd . && "C:\\Program Files\\Microsoft Visual Studio\\2022\\Enterprise\\Common7\\IDE\\CommonExtensions\\Microsoft\\CMake\\CMake\\bin\\cmake.exe" -E vs_link_exe --intdir=CMakeFiles\\cmTC_88484.dir --rc=C:\\PROGRA~2\\WI3CF2~1\\10\\bin\\100261~1.0\\x64\\rc.exe --mt=C:\\PROGRA~2\\WI3CF2~1\\10\\bin\\100261~1.0\\x64\\mt.exe --manifests  -- C:\\PROGRA~1\\MICROS~2\\2022\\ENTERP~1\\VC\\Tools\\MSVC\\1442~1.344\\bin\\Hostx64\\x64\\link.exe /nologo CMakeFiles\\cmTC_88484.dir\\CheckSymbolExists.cxx.obj  /out:cmTC_88484.exe /implib:cmTC_88484.lib /pdb:cmTC_88484.pdb /version:0.0 /machine:x64  /nologo    /debug /INCREMENTAL /subsystem:console  kernel32.lib user32.lib gdi32.lib winspool.lib shell32.lib ole32.lib oleaut32.lib uuid.lib comdlg32.lib advapi32.lib && cd ."
        
      exitCode: 0
  -
    kind: "try_compile-v1"
    backtrace:
      - "C:/Program Files/Microsoft Visual Studio/2022/Enterprise/Common7/IDE/CommonExtensions/Microsoft/CMake/CMake/share/cmake-3.29/Modules/CheckIncludeFileCXX.cmake:89 (try_compile)"
      - "C:/Program Files/Microsoft Visual Studio/2022/Enterprise/Common7/IDE/CommonExtensions/Microsoft/CMake/CMake/share/cmake-3.29/Modules/CheckTypeSize.cmake:254 (check_include_file_cxx)"
      - "src/lib_json/CMakeLists.txt:15 (check_type_size)"
    checks:
      - "Looking for C++ include sys/types.h"
    directories:
      source: "D:/Seneca/GPU/work/Final_Data_Analysis_Stock/vcpkg_installed/vcpkg/blds/jsoncpp/x64-windows-dbg/CMakeFiles/CMakeScratch/TryCompile-po8vpv"
      binary: "D:/Seneca/GPU/work/Final_Data_Analysis_Stock/vcpkg_installed/vcpkg/blds/jsoncpp/x64-windows-dbg/CMakeFiles/CMakeScratch/TryCompile-po8vpv"
    cmakeVariables:
      CMAKE_CXX_FLAGS: " /nologo /DWIN32 /D_WINDOWS /utf-8 /GR /EHsc /MP "
      CMAKE_CXX_FLAGS_DEBUG: "/D_DEBUG /MDd /Z7 /Ob0 /Od /RTC1 "
      CMAKE_EXE_LINKER_FLAGS: "/machine:x64"
      CMAKE_MODULE_PATH: "D:/Seneca/GPU/work/Final_Data_Analysis_Stock/vcpkg_installed/vcpkg/blds/jsoncpp/src/1.9.6-29ceffc35f.clean/cmake"
      CMAKE_MSVC_DEBUG_INFORMATION_FORMAT: ""
      CMAKE_MSVC_RUNTIME_LIBRARY: "MultiThreaded$<$<CONFIG:Debug>:Debug>$<$<STREQUAL:dynamic,dynamic>:DLL>"
      VCPKG_CHAINLOAD_TOOLCHAIN_FILE: "C:/Program Files/Microsoft Visual Studio/2022/Enterprise/VC/vcpkg/scripts/toolchains/windows.cmake"
      VCPKG_CRT_LINKAGE: "dynamic"
      VCPKG_CXX_FLAGS: ""
      VCPKG_CXX_FLAGS_DEBUG: ""
      VCPKG_CXX_FLAGS_RELEASE: ""
      VCPKG_C_FLAGS: ""
      VCPKG_C_FLAGS_DEBUG: ""
      VCPKG_C_FLAGS_RELEASE: ""
      VCPKG_INSTALLED_DIR: "D:/Seneca/GPU/work/Final_Data_Analysis_Stock/vcpkg_installed"
      VCPKG_LINKER_FLAGS: ""
      VCPKG_LINKER_FLAGS_DEBUG: ""
      VCPKG_LINKER_FLAGS_RELEASE: ""
      VCPKG_PLATFORM_TOOLSET: "v143"
      VCPKG_PREFER_SYSTEM_LIBS: "OFF"
      VCPKG_SET_CHARSET_FLAG: "ON"
      VCPKG_TARGET_ARCHITECTURE: "x64"
      VCPKG_TARGET_TRIPLET: "x64-windows"
      Z_VCPKG_ROOT_DIR: "C:/Program Files/Microsoft Visual Studio/2022/Enterprise/VC/vcpkg"
    buildResult:
      variable: "HAVE_SYS_TYPES_H"
      cached: true
      stdout: |
        Change Dir: 'D:/Seneca/GPU/work/Final_Data_Analysis_Stock/vcpkg_installed/vcpkg/blds/jsoncpp/x64-windows-dbg/CMakeFiles/CMakeScratch/TryCompile-po8vpv'
        
        Run Build Command(s): "C:/Program Files/Microsoft Visual Studio/2022/Enterprise/Common7/IDE/CommonExtensions/Microsoft/CMake/Ninja/ninja.exe" -v cmTC_5a601
        [1/2] C:\\PROGRA~1\\MICROS~2\\2022\\ENTERP~1\\VC\\Tools\\MSVC\\1442~1.344\\bin\\Hostx64\\x64\\cl.exe  /nologo /TP   /nologo /DWIN32 /D_WINDOWS /utf-8 /GR /EHsc /MP   /D_DEBUG /MDd /Z7 /Ob0 /Od /RTC1  -MDd /showIncludes /FoCMakeFiles\\cmTC_5a601.dir\\CheckIncludeFile.cxx.obj /FdCMakeFiles\\cmTC_5a601.dir\\ /FS -c D:\\Seneca\\GPU\\work\\Final_Data_Analysis_Stock\\vcpkg_installed\\vcpkg\\blds\\jsoncpp\\x64-windows-dbg\\CMakeFiles\\CMakeScratch\\TryCompile-po8vpv\\CheckIncludeFile.cxx
        [2/2] C:\\Windows\\system32\\cmd.exe /C "cd . && "C:\\Program Files\\Microsoft Visual Studio\\2022\\Enterprise\\Common7\\IDE\\CommonExtensions\\Microsoft\\CMake\\CMake\\bin\\cmake.exe" -E vs_link_exe --intdir=CMakeFiles\\cmTC_5a601.dir --rc=C:\\PROGRA~2\\WI3CF2~1\\10\\bin\\100261~1.0\\x64\\rc.exe --mt=C:\\PROGRA~2\\WI3CF2~1\\10\\bin\\100261~1.0\\x64\\mt.exe --manifests  -- C:\\PROGRA~1\\MICROS~2\\2022\\ENTERP~1\\VC\\Tools\\MSVC\\1442~1.344\\bin\\Hostx64\\x64\\link.exe /nologo CMakeFiles\\cmTC_5a601.dir\\CheckIncludeFile.cxx.obj  /out:cmTC_5a601.exe /implib:cmTC_5a601.lib /pdb:cmTC_5a601.pdb /version:0.0 /machine:x64  /nologo    /debug /INCREMENTAL /subsystem:console  kernel32.lib user32.lib gdi32.lib winspool.lib shell32.lib ole32.lib oleaut32.lib uuid.lib comdlg32.lib advapi32.lib && cd ."
        
      exitCode: 0
  -
    kind: "try_compile-v1"
    backtrace:
      - "C:/Program Files/Microsoft Visual Studio/2022/Enterprise/Common7/IDE/CommonExtensions/Microsoft/CMake/CMake/share/cmake-3.29/Modules/CheckIncludeFileCXX.cmake:89 (try_compile)"
      - "C:/Program Files/Microsoft Visual Studio/2022/Enterprise/Common7/IDE/CommonExtensions/Microsoft/CMake/CMake/share/cmake-3.29/Modules/CheckTypeSize.cmake:259 (check_include_file_cxx)"
      - "src/lib_json/CMakeLists.txt:15 (check_type_size)"
    checks:
      - "Looking for C++ include stdint.h"
    directories:
      source: "D:/Seneca/GPU/work/Final_Data_Analysis_Stock/vcpkg_installed/vcpkg/blds/jsoncpp/x64-windows-dbg/CMakeFiles/CMakeScratch/TryCompile-w859v6"
      binary: "D:/Seneca/GPU/work/Final_Data_Analysis_Stock/vcpkg_installed/vcpkg/blds/jsoncpp/x64-windows-dbg/CMakeFiles/CMakeScratch/TryCompile-w859v6"
    cmakeVariables:
      CMAKE_CXX_FLAGS: " /nologo /DWIN32 /D_WINDOWS /utf-8 /GR /EHsc /MP "
      CMAKE_CXX_FLAGS_DEBUG: "/D_DEBUG /MDd /Z7 /Ob0 /Od /RTC1 "
      CMAKE_EXE_LINKER_FLAGS: "/machine:x64"
      CMAKE_MODULE_PATH: "D:/Seneca/GPU/work/Final_Data_Analysis_Stock/vcpkg_installed/vcpkg/blds/jsoncpp/src/1.9.6-29ceffc35f.clean/cmake"
      CMAKE_MSVC_DEBUG_INFORMATION_FORMAT: ""
      CMAKE_MSVC_RUNTIME_LIBRARY: "MultiThreaded$<$<CONFIG:Debug>:Debug>$<$<STREQUAL:dynamic,dynamic>:DLL>"
      VCPKG_CHAINLOAD_TOOLCHAIN_FILE: "C:/Program Files/Microsoft Visual Studio/2022/Enterprise/VC/vcpkg/scripts/toolchains/windows.cmake"
      VCPKG_CRT_LINKAGE: "dynamic"
      VCPKG_CXX_FLAGS: ""
      VCPKG_CXX_FLAGS_DEBUG: ""
      VCPKG_CXX_FLAGS_RELEASE: ""
      VCPKG_C_FLAGS: ""
      VCPKG_C_FLAGS_DEBUG: ""
      VCPKG_C_FLAGS_RELEASE: ""
      VCPKG_INSTALLED_DIR: "D:/Seneca/GPU/work/Final_Data_Analysis_Stock/vcpkg_installed"
      VCPKG_LINKER_FLAGS: ""
      VCPKG_LINKER_FLAGS_DEBUG: ""
      VCPKG_LINKER_FLAGS_RELEASE: ""
      VCPKG_PLATFORM_TOOLSET: "v143"
      VCPKG_PREFER_SYSTEM_LIBS: "OFF"
      VCPKG_SET_CHARSET_FLAG: "ON"
      VCPKG_TARGET_ARCHITECTURE: "x64"
      VCPKG_TARGET_TRIPLET: "x64-windows"
      Z_VCPKG_ROOT_DIR: "C:/Program Files/Microsoft Visual Studio/2022/Enterprise/VC/vcpkg"
    buildResult:
      variable: "HAVE_STDINT_H"
      cached: true
      stdout: |
        Change Dir: 'D:/Seneca/GPU/work/Final_Data_Analysis_Stock/vcpkg_installed/vcpkg/blds/jsoncpp/x64-windows-dbg/CMakeFiles/CMakeScratch/TryCompile-w859v6'
        
        Run Build Command(s): "C:/Program Files/Microsoft Visual Studio/2022/Enterprise/Common7/IDE/CommonExtensions/Microsoft/CMake/Ninja/ninja.exe" -v cmTC_19f3f
        [1/2] C:\\PROGRA~1\\MICROS~2\\2022\\ENTERP~1\\VC\\Tools\\MSVC\\1442~1.344\\bin\\Hostx64\\x64\\cl.exe  /nologo /TP   /nologo /DWIN32 /D_WINDOWS /utf-8 /GR /EHsc /MP   /D_DEBUG /MDd /Z7 /Ob0 /Od /RTC1  -MDd /showIncludes /FoCMakeFiles\\cmTC_19f3f.dir\\CheckIncludeFile.cxx.obj /FdCMakeFiles\\cmTC_19f3f.dir\\ /FS -c D:\\Seneca\\GPU\\work\\Final_Data_Analysis_Stock\\vcpkg_installed\\vcpkg\\blds\\jsoncpp\\x64-windows-dbg\\CMakeFiles\\CMakeScratch\\TryCompile-w859v6\\CheckIncludeFile.cxx
        [2/2] C:\\Windows\\system32\\cmd.exe /C "cd . && "C:\\Program Files\\Microsoft Visual Studio\\2022\\Enterprise\\Common7\\IDE\\CommonExtensions\\Microsoft\\CMake\\CMake\\bin\\cmake.exe" -E vs_link_exe --intdir=CMakeFiles\\cmTC_19f3f.dir --rc=C:\\PROGRA~2\\WI3CF2~1\\10\\bin\\100261~1.0\\x64\\rc.exe --mt=C:\\PROGRA~2\\WI3CF2~1\\10\\bin\\100261~1.0\\x64\\mt.exe --manifests  -- C:\\PROGRA~1\\MICROS~2\\2022\\ENTERP~1\\VC\\Tools\\MSVC\\1442~1.344\\bin\\Hostx64\\x64\\link.exe /nologo CMakeFiles\\cmTC_19f3f.dir\\CheckIncludeFile.cxx.obj  /out:cmTC_19f3f.exe /implib:cmTC_19f3f.lib /pdb:cmTC_19f3f.pdb /version:0.0 /machine:x64  /nologo    /debug /INCREMENTAL /subsystem:console  kernel32.lib user32.lib gdi32.lib winspool.lib shell32.lib ole32.lib oleaut32.lib uuid.lib comdlg32.lib advapi32.lib && cd ."
        
      exitCode: 0
  -
    kind: "try_compile-v1"
    backtrace:
      - "C:/Program Files/Microsoft Visual Studio/2022/Enterprise/Common7/IDE/CommonExtensions/Microsoft/CMake/CMake/share/cmake-3.29/Modules/CheckIncludeFileCXX.cmake:89 (try_compile)"
      - "C:/Program Files/Microsoft Visual Studio/2022/Enterprise/Common7/IDE/CommonExtensions/Microsoft/CMake/CMake/share/cmake-3.29/Modules/CheckTypeSize.cmake:260 (check_include_file_cxx)"
      - "src/lib_json/CMakeLists.txt:15 (check_type_size)"
    checks:
      - "Looking for C++ include stddef.h"
    directories:
      source: "D:/Seneca/GPU/work/Final_Data_Analysis_Stock/vcpkg_installed/vcpkg/blds/jsoncpp/x64-windows-dbg/CMakeFiles/CMakeScratch/TryCompile-ybav2d"
      binary: "D:/Seneca/GPU/work/Final_Data_Analysis_Stock/vcpkg_installed/vcpkg/blds/jsoncpp/x64-windows-dbg/CMakeFiles/CMakeScratch/TryCompile-ybav2d"
    cmakeVariables:
      CMAKE_CXX_FLAGS: " /nologo /DWIN32 /D_WINDOWS /utf-8 /GR /EHsc /MP "
      CMAKE_CXX_FLAGS_DEBUG: "/D_DEBUG /MDd /Z7 /Ob0 /Od /RTC1 "
      CMAKE_EXE_LINKER_FLAGS: "/machine:x64"
      CMAKE_MODULE_PATH: "D:/Seneca/GPU/work/Final_Data_Analysis_Stock/vcpkg_installed/vcpkg/blds/jsoncpp/src/1.9.6-29ceffc35f.clean/cmake"
      CMAKE_MSVC_DEBUG_INFORMATION_FORMAT: ""
      CMAKE_MSVC_RUNTIME_LIBRARY: "MultiThreaded$<$<CONFIG:Debug>:Debug>$<$<STREQUAL:dynamic,dynamic>:DLL>"
      VCPKG_CHAINLOAD_TOOLCHAIN_FILE: "C:/Program Files/Microsoft Visual Studio/2022/Enterprise/VC/vcpkg/scripts/toolchains/windows.cmake"
      VCPKG_CRT_LINKAGE: "dynamic"
      VCPKG_CXX_FLAGS: ""
      VCPKG_CXX_FLAGS_DEBUG: ""
      VCPKG_CXX_FLAGS_RELEASE: ""
      VCPKG_C_FLAGS: ""
      VCPKG_C_FLAGS_DEBUG: ""
      VCPKG_C_FLAGS_RELEASE: ""
      VCPKG_INSTALLED_DIR: "D:/Seneca/GPU/work/Final_Data_Analysis_Stock/vcpkg_installed"
      VCPKG_LINKER_FLAGS: ""
      VCPKG_LINKER_FLAGS_DEBUG: ""
      VCPKG_LINKER_FLAGS_RELEASE: ""
      VCPKG_PLATFORM_TOOLSET: "v143"
      VCPKG_PREFER_SYSTEM_LIBS: "OFF"
      VCPKG_SET_CHARSET_FLAG: "ON"
      VCPKG_TARGET_ARCHITECTURE: "x64"
      VCPKG_TARGET_TRIPLET: "x64-windows"
      Z_VCPKG_ROOT_DIR: "C:/Program Files/Microsoft Visual Studio/2022/Enterprise/VC/vcpkg"
    buildResult:
      variable: "HAVE_STDDEF_H"
      cached: true
      stdout: |
        Change Dir: 'D:/Seneca/GPU/work/Final_Data_Analysis_Stock/vcpkg_installed/vcpkg/blds/jsoncpp/x64-windows-dbg/CMakeFiles/CMakeScratch/TryCompile-ybav2d'
        
        Run Build Command(s): "C:/Program Files/Microsoft Visual Studio/2022/Enterprise/Common7/IDE/CommonExtensions/Microsoft/CMake/Ninja/ninja.exe" -v cmTC_2cd7f
        [1/2] C:\\PROGRA~1\\MICROS~2\\2022\\ENTERP~1\\VC\\Tools\\MSVC\\1442~1.344\\bin\\Hostx64\\x64\\cl.exe  /nologo /TP   /nologo /DWIN32 /D_WINDOWS /utf-8 /GR /EHsc /MP   /D_DEBUG /MDd /Z7 /Ob0 /Od /RTC1  -MDd /showIncludes /FoCMakeFiles\\cmTC_2cd7f.dir\\CheckIncludeFile.cxx.obj /FdCMakeFiles\\cmTC_2cd7f.dir\\ /FS -c D:\\Seneca\\GPU\\work\\Final_Data_Analysis_Stock\\vcpkg_installed\\vcpkg\\blds\\jsoncpp\\x64-windows-dbg\\CMakeFiles\\CMakeScratch\\TryCompile-ybav2d\\CheckIncludeFile.cxx
        [2/2] C:\\Windows\\system32\\cmd.exe /C "cd . && "C:\\Program Files\\Microsoft Visual Studio\\2022\\Enterprise\\Common7\\IDE\\CommonExtensions\\Microsoft\\CMake\\CMake\\bin\\cmake.exe" -E vs_link_exe --intdir=CMakeFiles\\cmTC_2cd7f.dir --rc=C:\\PROGRA~2\\WI3CF2~1\\10\\bin\\100261~1.0\\x64\\rc.exe --mt=C:\\PROGRA~2\\WI3CF2~1\\10\\bin\\100261~1.0\\x64\\mt.exe --manifests  -- C:\\PROGRA~1\\MICROS~2\\2022\\ENTERP~1\\VC\\Tools\\MSVC\\1442~1.344\\bin\\Hostx64\\x64\\link.exe /nologo CMakeFiles\\cmTC_2cd7f.dir\\CheckIncludeFile.cxx.obj  /out:cmTC_2cd7f.exe /implib:cmTC_2cd7f.lib /pdb:cmTC_2cd7f.pdb /version:0.0 /machine:x64  /nologo    /debug /INCREMENTAL /subsystem:console  kernel32.lib user32.lib gdi32.lib winspool.lib shell32.lib ole32.lib oleaut32.lib uuid.lib comdlg32.lib advapi32.lib && cd ."
        
      exitCode: 0
  -
    kind: "try_compile-v1"
    backtrace:
      - "C:/Program Files/Microsoft Visual Studio/2022/Enterprise/Common7/IDE/CommonExtensions/Microsoft/CMake/CMake/share/cmake-3.29/Modules/CheckTypeSize.cmake:146 (try_compile)"
      - "C:/Program Files/Microsoft Visual Studio/2022/Enterprise/Common7/IDE/CommonExtensions/Microsoft/CMake/CMake/share/cmake-3.29/Modules/CheckTypeSize.cmake:271 (__check_type_size_impl)"
      - "src/lib_json/CMakeLists.txt:15 (check_type_size)"
    checks:
      - "Check size of lconv"
    directories:
      source: "D:/Seneca/GPU/work/Final_Data_Analysis_Stock/vcpkg_installed/vcpkg/blds/jsoncpp/x64-windows-dbg/CMakeFiles/CMakeScratch/TryCompile-yx2udf"
      binary: "D:/Seneca/GPU/work/Final_Data_Analysis_Stock/vcpkg_installed/vcpkg/blds/jsoncpp/x64-windows-dbg/CMakeFiles/CMakeScratch/TryCompile-yx2udf"
    cmakeVariables:
      CMAKE_CXX_FLAGS: " /nologo /DWIN32 /D_WINDOWS /utf-8 /GR /EHsc /MP "
      CMAKE_CXX_FLAGS_DEBUG: "/D_DEBUG /MDd /Z7 /Ob0 /Od /RTC1 "
      CMAKE_EXE_LINKER_FLAGS: "/machine:x64"
      CMAKE_MODULE_PATH: "D:/Seneca/GPU/work/Final_Data_Analysis_Stock/vcpkg_installed/vcpkg/blds/jsoncpp/src/1.9.6-29ceffc35f.clean/cmake"
      CMAKE_MSVC_DEBUG_INFORMATION_FORMAT: ""
      CMAKE_MSVC_RUNTIME_LIBRARY: "MultiThreaded$<$<CONFIG:Debug>:Debug>$<$<STREQUAL:dynamic,dynamic>:DLL>"
      VCPKG_CHAINLOAD_TOOLCHAIN_FILE: "C:/Program Files/Microsoft Visual Studio/2022/Enterprise/VC/vcpkg/scripts/toolchains/windows.cmake"
      VCPKG_CRT_LINKAGE: "dynamic"
      VCPKG_CXX_FLAGS: ""
      VCPKG_CXX_FLAGS_DEBUG: ""
      VCPKG_CXX_FLAGS_RELEASE: ""
      VCPKG_C_FLAGS: ""
      VCPKG_C_FLAGS_DEBUG: ""
      VCPKG_C_FLAGS_RELEASE: ""
      VCPKG_INSTALLED_DIR: "D:/Seneca/GPU/work/Final_Data_Analysis_Stock/vcpkg_installed"
      VCPKG_LINKER_FLAGS: ""
      VCPKG_LINKER_FLAGS_DEBUG: ""
      VCPKG_LINKER_FLAGS_RELEASE: ""
      VCPKG_PLATFORM_TOOLSET: "v143"
      VCPKG_PREFER_SYSTEM_LIBS: "OFF"
      VCPKG_SET_CHARSET_FLAG: "ON"
      VCPKG_TARGET_ARCHITECTURE: "x64"
      VCPKG_TARGET_TRIPLET: "x64-windows"
      Z_VCPKG_ROOT_DIR: "C:/Program Files/Microsoft Visual Studio/2022/Enterprise/VC/vcpkg"
    buildResult:
      variable: "HAVE_LCONV_SIZE"
      cached: true
      stdout: |
        Change Dir: 'D:/Seneca/GPU/work/Final_Data_Analysis_Stock/vcpkg_installed/vcpkg/blds/jsoncpp/x64-windows-dbg/CMakeFiles/CMakeScratch/TryCompile-yx2udf'
        
        Run Build Command(s): "C:/Program Files/Microsoft Visual Studio/2022/Enterprise/Common7/IDE/CommonExtensions/Microsoft/CMake/Ninja/ninja.exe" -v cmTC_b6a0d
        [1/2] C:\\PROGRA~1\\MICROS~2\\2022\\ENTERP~1\\VC\\Tools\\MSVC\\1442~1.344\\bin\\Hostx64\\x64\\cl.exe  /nologo /TP   /nologo /DWIN32 /D_WINDOWS /utf-8 /GR /EHsc /MP   /D_DEBUG /MDd /Z7 /Ob0 /Od /RTC1  -MDd /showIncludes /FoCMakeFiles\\cmTC_b6a0d.dir\\LCONV_SIZE.cpp.obj /FdCMakeFiles\\cmTC_b6a0d.dir\\ /FS -c D:\\Seneca\\GPU\\work\\Final_Data_Analysis_Stock\\vcpkg_installed\\vcpkg\\blds\\jsoncpp\\x64-windows-dbg\\CMakeFiles\\CMakeScratch\\TryCompile-yx2udf\\LCONV_SIZE.cpp
        [2/2] C:\\Windows\\system32\\cmd.exe /C "cd . && "C:\\Program Files\\Microsoft Visual Studio\\2022\\Enterprise\\Common7\\IDE\\CommonExtensions\\Microsoft\\CMake\\CMake\\bin\\cmake.exe" -E vs_link_exe --intdir=CMakeFiles\\cmTC_b6a0d.dir --rc=C:\\PROGRA~2\\WI3CF2~1\\10\\bin\\100261~1.0\\x64\\rc.exe --mt=C:\\PROGRA~2\\WI3CF2~1\\10\\bin\\100261~1.0\\x64\\mt.exe --manifests  -- C:\\PROGRA~1\\MICROS~2\\2022\\ENTERP~1\\VC\\Tools\\MSVC\\1442~1.344\\bin\\Hostx64\\x64\\link.exe /nologo CMakeFiles\\cmTC_b6a0d.dir\\LCONV_SIZE.cpp.obj  /out:cmTC_b6a0d.exe /implib:cmTC_b6a0d.lib /pdb:cmTC_b6a0d.pdb /version:0.0 /machine:x64  /nologo    /debug /INCREMENTAL /subsystem:console  kernel32.lib user32.lib gdi32.lib winspool.lib shell32.lib ole32.lib oleaut32.lib uuid.lib comdlg32.lib advapi32.lib && cd ."
        
      exitCode: 0
  -
    kind: "try_compile-v1"
    backtrace:
      - "C:/Program Files/Microsoft Visual Studio/2022/Enterprise/Common7/IDE/CommonExtensions/Microsoft/CMake/CMake/share/cmake-3.29/Modules/Internal/CheckSourceCompiles.cmake:101 (try_compile)"
      - "C:/Program Files/Microsoft Visual Studio/2022/Enterprise/Common7/IDE/CommonExtensions/Microsoft/CMake/CMake/share/cmake-3.29/Modules/CheckSourceCompiles.cmake:77 (cmake_check_source_compiles)"
      - "C:/Program Files/Microsoft Visual Studio/2022/Enterprise/Common7/IDE/CommonExtensions/Microsoft/CMake/CMake/share/cmake-3.29/Modules/CheckStructHasMember.cmake:79 (CHECK_SOURCE_COMPILES)"
      - "src/lib_json/CMakeLists.txt:17 (check_struct_has_member)"
    checks:
      - "Performing Test HAVE_DECIMAL_POINT"
    directories:
      source: "D:/Seneca/GPU/work/Final_Data_Analysis_Stock/vcpkg_installed/vcpkg/blds/jsoncpp/x64-windows-dbg/CMakeFiles/CMakeScratch/TryCompile-zfvmt3"
      binary: "D:/Seneca/GPU/work/Final_Data_Analysis_Stock/vcpkg_installed/vcpkg/blds/jsoncpp/x64-windows-dbg/CMakeFiles/CMakeScratch/TryCompile-zfvmt3"
    cmakeVariables:
      CMAKE_CXX_FLAGS: " /nologo /DWIN32 /D_WINDOWS /utf-8 /GR /EHsc /MP "
      CMAKE_CXX_FLAGS_DEBUG: "/D_DEBUG /MDd /Z7 /Ob0 /Od /RTC1 "
      CMAKE_EXE_LINKER_FLAGS: "/machine:x64"
      CMAKE_MODULE_PATH: "D:/Seneca/GPU/work/Final_Data_Analysis_Stock/vcpkg_installed/vcpkg/blds/jsoncpp/src/1.9.6-29ceffc35f.clean/cmake"
      CMAKE_MSVC_DEBUG_INFORMATION_FORMAT: ""
      CMAKE_MSVC_RUNTIME_LIBRARY: "MultiThreaded$<$<CONFIG:Debug>:Debug>$<$<STREQUAL:dynamic,dynamic>:DLL>"
      VCPKG_CHAINLOAD_TOOLCHAIN_FILE: "C:/Program Files/Microsoft Visual Studio/2022/Enterprise/VC/vcpkg/scripts/toolchains/windows.cmake"
      VCPKG_CRT_LINKAGE: "dynamic"
      VCPKG_CXX_FLAGS: ""
      VCPKG_CXX_FLAGS_DEBUG: ""
      VCPKG_CXX_FLAGS_RELEASE: ""
      VCPKG_C_FLAGS: ""
      VCPKG_C_FLAGS_DEBUG: ""
      VCPKG_C_FLAGS_RELEASE: ""
      VCPKG_INSTALLED_DIR: "D:/Seneca/GPU/work/Final_Data_Analysis_Stock/vcpkg_installed"
      VCPKG_LINKER_FLAGS: ""
      VCPKG_LINKER_FLAGS_DEBUG: ""
      VCPKG_LINKER_FLAGS_RELEASE: ""
      VCPKG_PLATFORM_TOOLSET: "v143"
      VCPKG_PREFER_SYSTEM_LIBS: "OFF"
      VCPKG_SET_CHARSET_FLAG: "ON"
      VCPKG_TARGET_ARCHITECTURE: "x64"
      VCPKG_TARGET_TRIPLET: "x64-windows"
      Z_VCPKG_ROOT_DIR: "C:/Program Files/Microsoft Visual Studio/2022/Enterprise/VC/vcpkg"
    buildResult:
      variable: "HAVE_DECIMAL_POINT"
      cached: true
      stdout: |
        Change Dir: 'D:/Seneca/GPU/work/Final_Data_Analysis_Stock/vcpkg_installed/vcpkg/blds/jsoncpp/x64-windows-dbg/CMakeFiles/CMakeScratch/TryCompile-zfvmt3'
        
        Run Build Command(s): "C:/Program Files/Microsoft Visual Studio/2022/Enterprise/Common7/IDE/CommonExtensions/Microsoft/CMake/Ninja/ninja.exe" -v cmTC_1c911
        [1/2] C:\\PROGRA~1\\MICROS~2\\2022\\ENTERP~1\\VC\\Tools\\MSVC\\1442~1.344\\bin\\Hostx64\\x64\\cl.exe  /nologo /TP -DHAVE_DECIMAL_POINT  /nologo /DWIN32 /D_WINDOWS /utf-8 /GR /EHsc /MP   /D_DEBUG /MDd /Z7 /Ob0 /Od /RTC1  -MDd /showIncludes /FoCMakeFiles\\cmTC_1c911.dir\\src.cxx.obj /FdCMakeFiles\\cmTC_1c911.dir\\ /FS -c D:\\Seneca\\GPU\\work\\Final_Data_Analysis_Stock\\vcpkg_installed\\vcpkg\\blds\\jsoncpp\\x64-windows-dbg\\CMakeFiles\\CMakeScratch\\TryCompile-zfvmt3\\src.cxx
        [2/2] C:\\Windows\\system32\\cmd.exe /C "cd . && "C:\\Program Files\\Microsoft Visual Studio\\2022\\Enterprise\\Common7\\IDE\\CommonExtensions\\Microsoft\\CMake\\CMake\\bin\\cmake.exe" -E vs_link_exe --intdir=CMakeFiles\\cmTC_1c911.dir --rc=C:\\PROGRA~2\\WI3CF2~1\\10\\bin\\100261~1.0\\x64\\rc.exe --mt=C:\\PROGRA~2\\WI3CF2~1\\10\\bin\\100261~1.0\\x64\\mt.exe --manifests  -- C:\\PROGRA~1\\MICROS~2\\2022\\ENTERP~1\\VC\\Tools\\MSVC\\1442~1.344\\bin\\Hostx64\\x64\\link.exe /nologo CMakeFiles\\cmTC_1c911.dir\\src.cxx.obj  /out:cmTC_1c911.exe /implib:cmTC_1c911.lib /pdb:cmTC_1c911.pdb /version:0.0 /machine:x64  /nologo    /debug /INCREMENTAL /subsystem:console  kernel32.lib user32.lib gdi32.lib winspool.lib shell32.lib ole32.lib oleaut32.lib uuid.lib comdlg32.lib advapi32.lib && cd ."
        
      exitCode: 0
...
