Change Dir: 'D:/Seneca/GPU/work/Final_Data_Analysis_Stock/vcpkg_installed/vcpkg/blds/jsoncpp/x64-windows-dbg'

Run Build Command(s): "C:/Program Files/Microsoft Visual Studio/2022/Enterprise/Common7/IDE/CommonExtensions/Microsoft/CMake/Ninja/ninja.exe" -v -v -j33 install
[1/5] C:\PROGRA~1\MICROS~2\2022\ENTERP~1\VC\Tools\MSVC\1442~1.344\bin\Hostx64\x64\cl.exe   /TP -DJSON_DLL_BUILD -Djsoncpp_lib_EXPORTS -ID:\Seneca\GPU\work\Final_Data_Analysis_Stock\vcpkg_installed\vcpkg\blds\jsoncpp\src\1.9.6-29ceffc35f.clean\include -ID:\Seneca\GPU\work\Final_Data_Analysis_Stock\vcpkg_installed\vcpkg\blds\jsoncpp\src\1.9.6-29ceffc35f.clean\src\lib_json\..\..\include /nologo /DWIN32 /D_WINDOWS /utf-8 /GR /EHsc /MP  /D_DEBUG /MDd /Z7 /Ob0 /Od /RTC1  -MDd /W4 /showIncludes /Fosrc\lib_json\CMakeFiles\jsoncpp_lib.dir\json_writer.cpp.obj /Fdsrc\lib_json\CMakeFiles\jsoncpp_lib.dir\ /FS -c D:\Seneca\GPU\work\Final_Data_Analysis_Stock\vcpkg_installed\vcpkg\blds\jsoncpp\src\1.9.6-29ceffc35f.clean\src\lib_json\json_writer.cpp
[2/5] C:\PROGRA~1\MICROS~2\2022\ENTERP~1\VC\Tools\MSVC\1442~1.344\bin\Hostx64\x64\cl.exe   /TP -DJSON_DLL_BUILD -Djsoncpp_lib_EXPORTS -ID:\Seneca\GPU\work\Final_Data_Analysis_Stock\vcpkg_installed\vcpkg\blds\jsoncpp\src\1.9.6-29ceffc35f.clean\include -ID:\Seneca\GPU\work\Final_Data_Analysis_Stock\vcpkg_installed\vcpkg\blds\jsoncpp\src\1.9.6-29ceffc35f.clean\src\lib_json\..\..\include /nologo /DWIN32 /D_WINDOWS /utf-8 /GR /EHsc /MP  /D_DEBUG /MDd /Z7 /Ob0 /Od /RTC1  -MDd /W4 /showIncludes /Fosrc\lib_json\CMakeFiles\jsoncpp_lib.dir\json_value.cpp.obj /Fdsrc\lib_json\CMakeFiles\jsoncpp_lib.dir\ /FS -c D:\Seneca\GPU\work\Final_Data_Analysis_Stock\vcpkg_installed\vcpkg\blds\jsoncpp\src\1.9.6-29ceffc35f.clean\src\lib_json\json_value.cpp
[3/5] C:\PROGRA~1\MICROS~2\2022\ENTERP~1\VC\Tools\MSVC\1442~1.344\bin\Hostx64\x64\cl.exe   /TP -DJSON_DLL_BUILD -Djsoncpp_lib_EXPORTS -ID:\Seneca\GPU\work\Final_Data_Analysis_Stock\vcpkg_installed\vcpkg\blds\jsoncpp\src\1.9.6-29ceffc35f.clean\include -ID:\Seneca\GPU\work\Final_Data_Analysis_Stock\vcpkg_installed\vcpkg\blds\jsoncpp\src\1.9.6-29ceffc35f.clean\src\lib_json\..\..\include /nologo /DWIN32 /D_WINDOWS /utf-8 /GR /EHsc /MP  /D_DEBUG /MDd /Z7 /Ob0 /Od /RTC1  -MDd /W4 /showIncludes /Fosrc\lib_json\CMakeFiles\jsoncpp_lib.dir\json_reader.cpp.obj /Fdsrc\lib_json\CMakeFiles\jsoncpp_lib.dir\ /FS -c D:\Seneca\GPU\work\Final_Data_Analysis_Stock\vcpkg_installed\vcpkg\blds\jsoncpp\src\1.9.6-29ceffc35f.clean\src\lib_json\json_reader.cpp
[4/5] C:\Windows\system32\cmd.exe /C "cd . && "C:\Program Files\Microsoft Visual Studio\2022\Enterprise\Common7\IDE\CommonExtensions\Microsoft\CMake\CMake\bin\cmake.exe" -E vs_link_dll --intdir=src\lib_json\CMakeFiles\jsoncpp_lib.dir --rc=C:\PROGRA~2\WI3CF2~1\10\bin\100261~1.0\x64\rc.exe --mt=C:\PROGRA~2\WI3CF2~1\10\bin\100261~1.0\x64\mt.exe --manifests  -- C:\PROGRA~1\MICROS~2\2022\ENTERP~1\VC\Tools\MSVC\1442~1.344\bin\Hostx64\x64\link.exe  src\lib_json\CMakeFiles\jsoncpp_lib.dir\json_reader.cpp.obj src\lib_json\CMakeFiles\jsoncpp_lib.dir\json_value.cpp.obj src\lib_json\CMakeFiles\jsoncpp_lib.dir\json_writer.cpp.obj  /out:bin\jsoncpp.dll /implib:lib\jsoncpp.lib /pdb:bin\jsoncpp.pdb /dll /version:1.9 /machine:x64 /nologo    /debug /INCREMENTAL  kernel32.lib user32.lib gdi32.lib winspool.lib shell32.lib ole32.lib oleaut32.lib uuid.lib comdlg32.lib advapi32.lib && cd ."
[4/5] C:\Windows\system32\cmd.exe /C "cd /D D:\Seneca\GPU\work\Final_Data_Analysis_Stock\vcpkg_installed\vcpkg\blds\jsoncpp\x64-windows-dbg && "C:\Program Files\Microsoft Visual Studio\2022\Enterprise\Common7\IDE\CommonExtensions\Microsoft\CMake\CMake\bin\cmake.exe" -P cmake_install.cmake"
-- Install configuration: "Debug"
-- Installing: D:/Seneca/GPU/work/Final_Data_Analysis_Stock/vcpkg_installed/vcpkg/pkgs/jsoncpp_x64-windows/debug/lib/pkgconfig/jsoncpp.pc
-- Installing: D:/Seneca/GPU/work/Final_Data_Analysis_Stock/vcpkg_installed/vcpkg/pkgs/jsoncpp_x64-windows/debug/lib/cmake/jsoncpp/jsoncpp-targets.cmake
-- Installing: D:/Seneca/GPU/work/Final_Data_Analysis_Stock/vcpkg_installed/vcpkg/pkgs/jsoncpp_x64-windows/debug/lib/cmake/jsoncpp/jsoncpp-targets-debug.cmake
-- Installing: D:/Seneca/GPU/work/Final_Data_Analysis_Stock/vcpkg_installed/vcpkg/pkgs/jsoncpp_x64-windows/debug/lib/cmake/jsoncpp/jsoncppConfigVersion.cmake
-- Installing: D:/Seneca/GPU/work/Final_Data_Analysis_Stock/vcpkg_installed/vcpkg/pkgs/jsoncpp_x64-windows/debug/lib/cmake/jsoncpp/jsoncppConfig.cmake
-- Installing: D:/Seneca/GPU/work/Final_Data_Analysis_Stock/vcpkg_installed/vcpkg/pkgs/jsoncpp_x64-windows/debug/lib/cmake/jsoncpp/jsoncpp-namespaced-targets.cmake
-- Installing: D:/Seneca/GPU/work/Final_Data_Analysis_Stock/vcpkg_installed/vcpkg/pkgs/jsoncpp_x64-windows/debug/lib/jsoncpp.lib
-- Installing: D:/Seneca/GPU/work/Final_Data_Analysis_Stock/vcpkg_installed/vcpkg/pkgs/jsoncpp_x64-windows/debug/bin/jsoncpp.dll
-- Installing: D:/Seneca/GPU/work/Final_Data_Analysis_Stock/vcpkg_installed/vcpkg/pkgs/jsoncpp_x64-windows/debug/include/json/allocator.h
-- Installing: D:/Seneca/GPU/work/Final_Data_Analysis_Stock/vcpkg_installed/vcpkg/pkgs/jsoncpp_x64-windows/debug/include/json/assertions.h
-- Installing: D:/Seneca/GPU/work/Final_Data_Analysis_Stock/vcpkg_installed/vcpkg/pkgs/jsoncpp_x64-windows/debug/include/json/config.h
-- Installing: D:/Seneca/GPU/work/Final_Data_Analysis_Stock/vcpkg_installed/vcpkg/pkgs/jsoncpp_x64-windows/debug/include/json/forwards.h
-- Installing: D:/Seneca/GPU/work/Final_Data_Analysis_Stock/vcpkg_installed/vcpkg/pkgs/jsoncpp_x64-windows/debug/include/json/json.h
-- Installing: D:/Seneca/GPU/work/Final_Data_Analysis_Stock/vcpkg_installed/vcpkg/pkgs/jsoncpp_x64-windows/debug/include/json/json_features.h
-- Installing: D:/Seneca/GPU/work/Final_Data_Analysis_Stock/vcpkg_installed/vcpkg/pkgs/jsoncpp_x64-windows/debug/include/json/reader.h
-- Installing: D:/Seneca/GPU/work/Final_Data_Analysis_Stock/vcpkg_installed/vcpkg/pkgs/jsoncpp_x64-windows/debug/include/json/value.h
-- Installing: D:/Seneca/GPU/work/Final_Data_Analysis_Stock/vcpkg_installed/vcpkg/pkgs/jsoncpp_x64-windows/debug/include/json/version.h
-- Installing: D:/Seneca/GPU/work/Final_Data_Analysis_Stock/vcpkg_installed/vcpkg/pkgs/jsoncpp_x64-windows/debug/include/json/writer.h

