
---
events:
  -
    kind: "message-v1"
    backtrace:
      - "C:/Program Files/Microsoft Visual Studio/2022/Enterprise/Common7/IDE/CommonExtensions/Microsoft/CMake/CMake/share/cmake-3.29/Modules/CMakeDetermineSystem.cmake:205 (message)"
      - "CMakeLists.txt:91 (project)"
    message: |
      The system is: Windows - 10.0.22631 - AMD64
  -
    kind: "message-v1"
    backtrace:
      - "C:/Program Files/Microsoft Visual Studio/2022/Enterprise/Common7/IDE/CommonExtensions/Microsoft/CMake/CMake/share/cmake-3.29/Modules/CMakeDetermineCompilerId.cmake:17 (message)"
      - "C:/Program Files/Microsoft Visual Studio/2022/Enterprise/Common7/IDE/CommonExtensions/Microsoft/CMake/CMake/share/cmake-3.29/Modules/CMakeDetermineCompilerId.cmake:64 (__determine_compiler_id_test)"
      - "C:/Program Files/Microsoft Visual Studio/2022/Enterprise/Common7/IDE/CommonExtensions/Microsoft/CMake/CMake/share/cmake-3.29/Modules/CMakeDetermineCCompiler.cmake:123 (CMAKE_DETERMINE_COMPILER_ID)"
      - "CMakeLists.txt:91 (project)"
    message: |
      Compiling the C compiler identification source file "CMakeCCompilerId.c" succeeded.
      Compiler: C:/Program Files/Microsoft Visual Studio/2022/Enterprise/VC/Tools/MSVC/14.42.34433/bin/Hostx64/x64/cl.exe 
      Build flags: /nologo;/DWIN32;/D_WINDOWS;/utf-8;/MP
      Id flags:  
      
      The output was:
      0
      CMakeCCompilerId.c
      
      
      Compilation of the C compiler identification source "CMakeCCompilerId.c" produced "CMakeCCompilerId.exe"
      
      Compilation of the C compiler identification source "CMakeCCompilerId.c" produced "CMakeCCompilerId.obj"
      
      The C compiler identification is MSVC, found in:
        D:/Seneca/GPU/work/Final_Data_Analysis_Stock/vcpkg_installed/vcpkg/blds/curl/x64-windows-dbg/CMakeFiles/3.29.5-msvc4/CompilerIdC/CMakeCCompilerId.exe
      
  -
    kind: "message-v1"
    backtrace:
      - "C:/Program Files/Microsoft Visual Studio/2022/Enterprise/Common7/IDE/CommonExtensions/Microsoft/CMake/CMake/share/cmake-3.29/Modules/CMakeDetermineCompilerId.cmake:1216 (message)"
      - "C:/Program Files/Microsoft Visual Studio/2022/Enterprise/Common7/IDE/CommonExtensions/Microsoft/CMake/CMake/share/cmake-3.29/Modules/CMakeDetermineCompilerId.cmake:250 (CMAKE_DETERMINE_MSVC_SHOWINCLUDES_PREFIX)"
      - "C:/Program Files/Microsoft Visual Studio/2022/Enterprise/Common7/IDE/CommonExtensions/Microsoft/CMake/CMake/share/cmake-3.29/Modules/CMakeDetermineCCompiler.cmake:123 (CMAKE_DETERMINE_COMPILER_ID)"
      - "CMakeLists.txt:91 (project)"
    message: |
      Detecting C compiler /showIncludes prefix:
        main.c
        Note: including file: D:\\Seneca\\GPU\\work\\Final_Data_Analysis_Stock\\vcpkg_installed\\vcpkg\\blds\\curl\\x64-windows-dbg\\CMakeFiles\\ShowIncludes\\foo.h
        
      Found prefix "Note: including file: "
  -
    kind: "try_compile-v1"
    backtrace:
      - "C:/Program Files/Microsoft Visual Studio/2022/Enterprise/Common7/IDE/CommonExtensions/Microsoft/CMake/CMake/share/cmake-3.29/Modules/CMakeDetermineCompilerABI.cmake:67 (try_compile)"
      - "C:/Program Files/Microsoft Visual Studio/2022/Enterprise/Common7/IDE/CommonExtensions/Microsoft/CMake/CMake/share/cmake-3.29/Modules/CMakeTestCCompiler.cmake:26 (CMAKE_DETERMINE_COMPILER_ABI)"
      - "CMakeLists.txt:91 (project)"
    checks:
      - "Detecting C compiler ABI info"
    directories:
      source: "D:/Seneca/GPU/work/Final_Data_Analysis_Stock/vcpkg_installed/vcpkg/blds/curl/x64-windows-dbg/CMakeFiles/CMakeScratch/TryCompile-p021qf"
      binary: "D:/Seneca/GPU/work/Final_Data_Analysis_Stock/vcpkg_installed/vcpkg/blds/curl/x64-windows-dbg/CMakeFiles/CMakeScratch/TryCompile-p021qf"
    cmakeVariables:
      CMAKE_C_FLAGS: " /nologo /DWIN32 /D_WINDOWS /utf-8 /MP "
      CMAKE_C_FLAGS_DEBUG: "/D_DEBUG /MDd /Z7 /Ob0 /Od /RTC1 "
      CMAKE_EXE_LINKER_FLAGS: "/machine:x64"
      CMAKE_MODULE_PATH: "D:/Seneca/GPU/work/Final_Data_Analysis_Stock/vcpkg_installed/vcpkg/blds/curl/src/url-8_11_0-2be05894fb.clean/CMake;"
      CMAKE_MSVC_DEBUG_INFORMATION_FORMAT: ""
      CMAKE_MSVC_RUNTIME_LIBRARY: "MultiThreaded$<$<CONFIG:Debug>:Debug>$<$<STREQUAL:dynamic,dynamic>:DLL>"
      VCPKG_CHAINLOAD_TOOLCHAIN_FILE: "C:/Program Files/Microsoft Visual Studio/2022/Enterprise/VC/vcpkg/scripts/toolchains/windows.cmake"
      VCPKG_CRT_LINKAGE: "dynamic"
      VCPKG_CXX_FLAGS: ""
      VCPKG_CXX_FLAGS_DEBUG: ""
      VCPKG_CXX_FLAGS_RELEASE: ""
      VCPKG_C_FLAGS: ""
      VCPKG_C_FLAGS_DEBUG: ""
      VCPKG_C_FLAGS_RELEASE: ""
      VCPKG_INSTALLED_DIR: "D:/Seneca/GPU/work/Final_Data_Analysis_Stock/vcpkg_installed"
      VCPKG_LINKER_FLAGS: ""
      VCPKG_LINKER_FLAGS_DEBUG: ""
      VCPKG_LINKER_FLAGS_RELEASE: ""
      VCPKG_PLATFORM_TOOLSET: "v143"
      VCPKG_PREFER_SYSTEM_LIBS: "OFF"
      VCPKG_SET_CHARSET_FLAG: "ON"
      VCPKG_TARGET_ARCHITECTURE: "x64"
      VCPKG_TARGET_TRIPLET: "x64-windows"
      Z_VCPKG_ROOT_DIR: "C:/Program Files/Microsoft Visual Studio/2022/Enterprise/VC/vcpkg"
    buildResult:
      variable: "CMAKE_C_ABI_COMPILED"
      cached: true
      stdout: |
        Change Dir: 'D:/Seneca/GPU/work/Final_Data_Analysis_Stock/vcpkg_installed/vcpkg/blds/curl/x64-windows-dbg/CMakeFiles/CMakeScratch/TryCompile-p021qf'
        
        Run Build Command(s): "C:/Program Files/Microsoft Visual Studio/2022/Enterprise/Common7/IDE/CommonExtensions/Microsoft/CMake/Ninja/ninja.exe" -v cmTC_a921c
        [1/2] C:\\PROGRA~1\\MICROS~2\\2022\\ENTERP~1\\VC\\Tools\\MSVC\\1442~1.344\\bin\\Hostx64\\x64\\cl.exe  /nologo   /nologo /DWIN32 /D_WINDOWS /utf-8 /MP   /D_DEBUG /MDd /Z7 /Ob0 /Od /RTC1  -MDd /showIncludes /FoCMakeFiles\\cmTC_a921c.dir\\CMakeCCompilerABI.c.obj /FdCMakeFiles\\cmTC_a921c.dir\\ /FS -c "C:\\Program Files\\Microsoft Visual Studio\\2022\\Enterprise\\Common7\\IDE\\CommonExtensions\\Microsoft\\CMake\\CMake\\share\\cmake-3.29\\Modules\\CMakeCCompilerABI.c"
        [2/2] C:\\Windows\\system32\\cmd.exe /C "cd . && "C:\\Program Files\\Microsoft Visual Studio\\2022\\Enterprise\\Common7\\IDE\\CommonExtensions\\Microsoft\\CMake\\CMake\\bin\\cmake.exe" -E vs_link_exe --intdir=CMakeFiles\\cmTC_a921c.dir --rc=C:\\PROGRA~2\\WI3CF2~1\\10\\bin\\100261~1.0\\x64\\rc.exe --mt=C:\\PROGRA~2\\WI3CF2~1\\10\\bin\\100261~1.0\\x64\\mt.exe --manifests  -- C:\\PROGRA~1\\MICROS~2\\2022\\ENTERP~1\\VC\\Tools\\MSVC\\1442~1.344\\bin\\Hostx64\\x64\\link.exe /nologo CMakeFiles\\cmTC_a921c.dir\\CMakeCCompilerABI.c.obj  /out:cmTC_a921c.exe /implib:cmTC_a921c.lib /pdb:cmTC_a921c.pdb /version:0.0 /machine:x64  /nologo    /debug /INCREMENTAL /subsystem:console  kernel32.lib user32.lib gdi32.lib winspool.lib shell32.lib ole32.lib oleaut32.lib uuid.lib comdlg32.lib advapi32.lib && cd ."
        
      exitCode: 0
  -
    kind: "message-v1"
    backtrace:
      - "C:/Program Files/Microsoft Visual Studio/2022/Enterprise/Common7/IDE/CommonExtensions/Microsoft/CMake/CMake/share/cmake-3.29/Modules/CMakeDetermineCompilerABI.cmake:173 (message)"
      - "C:/Program Files/Microsoft Visual Studio/2022/Enterprise/Common7/IDE/CommonExtensions/Microsoft/CMake/CMake/share/cmake-3.29/Modules/CMakeTestCCompiler.cmake:26 (CMAKE_DETERMINE_COMPILER_ABI)"
      - "CMakeLists.txt:91 (project)"
    message: |
      Parsed C implicit link information:
        link line regex: [^( *|.*[/\\])(ld[0-9]*(\\.[a-z]+)?|link\\.exe|lld-link(\\.exe)?|CMAKE_LINK_STARTFILE-NOTFOUND|([^/\\]+-)?ld|collect2)[^/\\]*( |$)]
        linker tool regex: [^[ 	]*(->|")?[ 	]*(([^"]*[/\\])?(ld[0-9]*(\\.[a-z]+)?|link\\.exe|lld-link(\\.exe)?))("|,| |$)]
        linker tool for 'C': C:/PROGRA~1/MICROS~2/2022/ENTERP~1/VC/Tools/MSVC/1442~1.344/bin/Hostx64/x64/link.exe
        implicit libs: []
        implicit objs: []
        implicit dirs: []
        implicit fwks: []
      
      
  -
    kind: "message-v1"
    backtrace:
      - "C:/Program Files/Microsoft Visual Studio/2022/Enterprise/Common7/IDE/CommonExtensions/Microsoft/CMake/CMake/share/cmake-3.29/Modules/Internal/CMakeDetermineLinkerId.cmake:40 (message)"
      - "C:/Program Files/Microsoft Visual Studio/2022/Enterprise/Common7/IDE/CommonExtensions/Microsoft/CMake/CMake/share/cmake-3.29/Modules/CMakeDetermineCompilerABI.cmake:210 (cmake_determine_linker_id)"
      - "C:/Program Files/Microsoft Visual Studio/2022/Enterprise/Common7/IDE/CommonExtensions/Microsoft/CMake/CMake/share/cmake-3.29/Modules/CMakeTestCCompiler.cmake:26 (CMAKE_DETERMINE_COMPILER_ABI)"
      - "CMakeLists.txt:91 (project)"
    message: |
      Running the C compiler's linker: "C:/PROGRA~1/MICROS~2/2022/ENTERP~1/VC/Tools/MSVC/1442~1.344/bin/Hostx64/x64/link.exe" "-v"
      Microsoft (R) Incremental Linker Version 14.42.34435.0
      Copyright (C) Microsoft Corporation.  All rights reserved.
  -
    kind: "try_compile-v1"
    backtrace:
      - "CMake/Macros.cmake:48 (try_compile)"
      - "CMakeLists.txt:183 (curl_internal_test)"
    directories:
      source: "D:/Seneca/GPU/work/Final_Data_Analysis_Stock/vcpkg_installed/vcpkg/blds/curl/x64-windows-dbg/CMakeFiles/CMakeTmp"
      binary: "D:/Seneca/GPU/work/Final_Data_Analysis_Stock/vcpkg_installed/vcpkg/blds/curl/x64-windows-dbg/CMakeFiles/CMakeTmp"
    cmakeVariables:
      CMAKE_C_FLAGS: " /nologo /DWIN32 /D_WINDOWS /utf-8 /MP "
      CMAKE_C_FLAGS_DEBUG: "/D_DEBUG /MDd /Z7 /Ob0 /Od /RTC1 "
      CMAKE_EXE_LINKER_FLAGS: "/machine:x64"
      CMAKE_MODULE_PATH: "D:/Seneca/GPU/work/Final_Data_Analysis_Stock/vcpkg_installed/vcpkg/blds/curl/src/url-8_11_0-2be05894fb.clean/CMake;"
      CMAKE_MSVC_DEBUG_INFORMATION_FORMAT: ""
      CMAKE_MSVC_RUNTIME_LIBRARY: "MultiThreaded$<$<CONFIG:Debug>:Debug>$<$<STREQUAL:dynamic,dynamic>:DLL>"
      VCPKG_CHAINLOAD_TOOLCHAIN_FILE: "C:/Program Files/Microsoft Visual Studio/2022/Enterprise/VC/vcpkg/scripts/toolchains/windows.cmake"
      VCPKG_CRT_LINKAGE: "dynamic"
      VCPKG_CXX_FLAGS: ""
      VCPKG_CXX_FLAGS_DEBUG: ""
      VCPKG_CXX_FLAGS_RELEASE: ""
      VCPKG_C_FLAGS: ""
      VCPKG_C_FLAGS_DEBUG: ""
      VCPKG_C_FLAGS_RELEASE: ""
      VCPKG_INSTALLED_DIR: "D:/Seneca/GPU/work/Final_Data_Analysis_Stock/vcpkg_installed"
      VCPKG_LINKER_FLAGS: ""
      VCPKG_LINKER_FLAGS_DEBUG: ""
      VCPKG_LINKER_FLAGS_RELEASE: ""
      VCPKG_PLATFORM_TOOLSET: "v143"
      VCPKG_PREFER_SYSTEM_LIBS: "OFF"
      VCPKG_SET_CHARSET_FLAG: "ON"
      VCPKG_TARGET_ARCHITECTURE: "x64"
      VCPKG_TARGET_TRIPLET: "x64-windows"
      Z_VCPKG_ROOT_DIR: "C:/Program Files/Microsoft Visual Studio/2022/Enterprise/VC/vcpkg"
    buildResult:
      variable: "HAVE_WIN32_WINNT"
      cached: true
      stdout: |
        Change Dir: 'D:/Seneca/GPU/work/Final_Data_Analysis_Stock/vcpkg_installed/vcpkg/blds/curl/x64-windows-dbg/CMakeFiles/CMakeTmp'
        
        Run Build Command(s): "C:/Program Files/Microsoft Visual Studio/2022/Enterprise/Common7/IDE/CommonExtensions/Microsoft/CMake/Ninja/ninja.exe" -v cmTC_8fcdb
        [1/2] C:\\PROGRA~1\\MICROS~2\\2022\\ENTERP~1\\VC\\Tools\\MSVC\\1442~1.344\\bin\\Hostx64\\x64\\cl.exe  /nologo   /nologo /DWIN32 /D_WINDOWS /utf-8 /MP  -DHAVE_WIN32_WINNT  -DWIN32_LEAN_AND_MEAN /D_DEBUG /MDd /Z7 /Ob0 /Od /RTC1  -MDd /showIncludes /FoCMakeFiles\\cmTC_8fcdb.dir\\CurlTests.c.obj /FdCMakeFiles\\cmTC_8fcdb.dir\\ /FS -c D:\\Seneca\\GPU\\work\\Final_Data_Analysis_Stock\\vcpkg_installed\\vcpkg\\blds\\curl\\src\\url-8_11_0-2be05894fb.clean\\CMake\\CurlTests.c
        _WIN32_WINNT=0x0A00
        [2/2] C:\\Windows\\system32\\cmd.exe /C "cd . && "C:\\Program Files\\Microsoft Visual Studio\\2022\\Enterprise\\Common7\\IDE\\CommonExtensions\\Microsoft\\CMake\\CMake\\bin\\cmake.exe" -E vs_link_exe --intdir=CMakeFiles\\cmTC_8fcdb.dir --rc=C:\\PROGRA~2\\WI3CF2~1\\10\\bin\\100261~1.0\\x64\\rc.exe --mt=C:\\PROGRA~2\\WI3CF2~1\\10\\bin\\100261~1.0\\x64\\mt.exe --manifests  -- C:\\PROGRA~1\\MICROS~2\\2022\\ENTERP~1\\VC\\Tools\\MSVC\\1442~1.344\\bin\\Hostx64\\x64\\link.exe /nologo CMakeFiles\\cmTC_8fcdb.dir\\CurlTests.c.obj  /out:cmTC_8fcdb.exe /implib:cmTC_8fcdb.lib /pdb:cmTC_8fcdb.pdb /version:0.0 /machine:x64  /nologo    /debug /INCREMENTAL /subsystem:console  kernel32.lib user32.lib gdi32.lib winspool.lib shell32.lib ole32.lib oleaut32.lib uuid.lib comdlg32.lib advapi32.lib && cd ."
        
      exitCode: 0
  -
    kind: "try_compile-v1"
    backtrace:
      - "C:/Program Files/Microsoft Visual Studio/2022/Enterprise/Common7/IDE/CommonExtensions/Microsoft/CMake/CMake/share/cmake-3.29/Modules/CheckIncludeFile.cmake:90 (try_compile)"
      - "C:/Program Files/Microsoft Visual Studio/2022/Enterprise/Common7/IDE/CommonExtensions/Microsoft/CMake/CMake/share/cmake-3.29/Modules/CheckTypeSize.cmake:251 (check_include_file)"
      - "CMakeLists.txt:1530 (check_type_size)"
    checks:
      - "Looking for stdint.h"
    directories:
      source: "D:/Seneca/GPU/work/Final_Data_Analysis_Stock/vcpkg_installed/vcpkg/blds/curl/x64-windows-dbg/CMakeFiles/CMakeScratch/TryCompile-4wngky"
      binary: "D:/Seneca/GPU/work/Final_Data_Analysis_Stock/vcpkg_installed/vcpkg/blds/curl/x64-windows-dbg/CMakeFiles/CMakeScratch/TryCompile-4wngky"
    cmakeVariables:
      CMAKE_C_FLAGS: " /nologo /DWIN32 /D_WINDOWS /utf-8 /MP "
      CMAKE_C_FLAGS_DEBUG: "/D_DEBUG /MDd /Z7 /Ob0 /Od /RTC1 "
      CMAKE_EXE_LINKER_FLAGS: "/machine:x64"
      CMAKE_MODULE_PATH: "D:/Seneca/GPU/work/Final_Data_Analysis_Stock/vcpkg_installed/vcpkg/blds/curl/src/url-8_11_0-2be05894fb.clean/CMake;"
      CMAKE_MSVC_DEBUG_INFORMATION_FORMAT: ""
      CMAKE_MSVC_RUNTIME_LIBRARY: "MultiThreaded$<$<CONFIG:Debug>:Debug>$<$<STREQUAL:dynamic,dynamic>:DLL>"
      VCPKG_CHAINLOAD_TOOLCHAIN_FILE: "C:/Program Files/Microsoft Visual Studio/2022/Enterprise/VC/vcpkg/scripts/toolchains/windows.cmake"
      VCPKG_CRT_LINKAGE: "dynamic"
      VCPKG_CXX_FLAGS: ""
      VCPKG_CXX_FLAGS_DEBUG: ""
      VCPKG_CXX_FLAGS_RELEASE: ""
      VCPKG_C_FLAGS: ""
      VCPKG_C_FLAGS_DEBUG: ""
      VCPKG_C_FLAGS_RELEASE: ""
      VCPKG_INSTALLED_DIR: "D:/Seneca/GPU/work/Final_Data_Analysis_Stock/vcpkg_installed"
      VCPKG_LINKER_FLAGS: ""
      VCPKG_LINKER_FLAGS_DEBUG: ""
      VCPKG_LINKER_FLAGS_RELEASE: ""
      VCPKG_PLATFORM_TOOLSET: "v143"
      VCPKG_PREFER_SYSTEM_LIBS: "OFF"
      VCPKG_SET_CHARSET_FLAG: "ON"
      VCPKG_TARGET_ARCHITECTURE: "x64"
      VCPKG_TARGET_TRIPLET: "x64-windows"
      Z_VCPKG_ROOT_DIR: "C:/Program Files/Microsoft Visual Studio/2022/Enterprise/VC/vcpkg"
    buildResult:
      variable: "HAVE_STDINT_H"
      cached: true
      stdout: |
        Change Dir: 'D:/Seneca/GPU/work/Final_Data_Analysis_Stock/vcpkg_installed/vcpkg/blds/curl/x64-windows-dbg/CMakeFiles/CMakeScratch/TryCompile-4wngky'
        
        Run Build Command(s): "C:/Program Files/Microsoft Visual Studio/2022/Enterprise/Common7/IDE/CommonExtensions/Microsoft/CMake/Ninja/ninja.exe" -v cmTC_d295f
        [1/2] C:\\PROGRA~1\\MICROS~2\\2022\\ENTERP~1\\VC\\Tools\\MSVC\\1442~1.344\\bin\\Hostx64\\x64\\cl.exe  /nologo -DWIN32_LEAN_AND_MEAN  /nologo /DWIN32 /D_WINDOWS /utf-8 /MP   /D_DEBUG /MDd /Z7 /Ob0 /Od /RTC1  -MDd /showIncludes /FoCMakeFiles\\cmTC_d295f.dir\\CheckIncludeFile.c.obj /FdCMakeFiles\\cmTC_d295f.dir\\ /FS -c D:\\Seneca\\GPU\\work\\Final_Data_Analysis_Stock\\vcpkg_installed\\vcpkg\\blds\\curl\\x64-windows-dbg\\CMakeFiles\\CMakeScratch\\TryCompile-4wngky\\CheckIncludeFile.c
        [2/2] C:\\Windows\\system32\\cmd.exe /C "cd . && "C:\\Program Files\\Microsoft Visual Studio\\2022\\Enterprise\\Common7\\IDE\\CommonExtensions\\Microsoft\\CMake\\CMake\\bin\\cmake.exe" -E vs_link_exe --intdir=CMakeFiles\\cmTC_d295f.dir --rc=C:\\PROGRA~2\\WI3CF2~1\\10\\bin\\100261~1.0\\x64\\rc.exe --mt=C:\\PROGRA~2\\WI3CF2~1\\10\\bin\\100261~1.0\\x64\\mt.exe --manifests  -- C:\\PROGRA~1\\MICROS~2\\2022\\ENTERP~1\\VC\\Tools\\MSVC\\1442~1.344\\bin\\Hostx64\\x64\\link.exe /nologo CMakeFiles\\cmTC_d295f.dir\\CheckIncludeFile.c.obj  /out:cmTC_d295f.exe /implib:cmTC_d295f.lib /pdb:cmTC_d295f.pdb /version:0.0 /machine:x64  /nologo    /debug /INCREMENTAL /subsystem:console  kernel32.lib user32.lib gdi32.lib winspool.lib shell32.lib ole32.lib oleaut32.lib uuid.lib comdlg32.lib advapi32.lib && cd ."
        
      exitCode: 0
  -
    kind: "try_compile-v1"
    backtrace:
      - "C:/Program Files/Microsoft Visual Studio/2022/Enterprise/Common7/IDE/CommonExtensions/Microsoft/CMake/CMake/share/cmake-3.29/Modules/CheckTypeSize.cmake:146 (try_compile)"
      - "C:/Program Files/Microsoft Visual Studio/2022/Enterprise/Common7/IDE/CommonExtensions/Microsoft/CMake/CMake/share/cmake-3.29/Modules/CheckTypeSize.cmake:271 (__check_type_size_impl)"
      - "CMakeLists.txt:1530 (check_type_size)"
    checks:
      - "Check size of size_t"
    directories:
      source: "D:/Seneca/GPU/work/Final_Data_Analysis_Stock/vcpkg_installed/vcpkg/blds/curl/x64-windows-dbg/CMakeFiles/CMakeScratch/TryCompile-v9vuln"
      binary: "D:/Seneca/GPU/work/Final_Data_Analysis_Stock/vcpkg_installed/vcpkg/blds/curl/x64-windows-dbg/CMakeFiles/CMakeScratch/TryCompile-v9vuln"
    cmakeVariables:
      CMAKE_C_FLAGS: " /nologo /DWIN32 /D_WINDOWS /utf-8 /MP "
      CMAKE_C_FLAGS_DEBUG: "/D_DEBUG /MDd /Z7 /Ob0 /Od /RTC1 "
      CMAKE_EXE_LINKER_FLAGS: "/machine:x64"
      CMAKE_MODULE_PATH: "D:/Seneca/GPU/work/Final_Data_Analysis_Stock/vcpkg_installed/vcpkg/blds/curl/src/url-8_11_0-2be05894fb.clean/CMake;"
      CMAKE_MSVC_DEBUG_INFORMATION_FORMAT: ""
      CMAKE_MSVC_RUNTIME_LIBRARY: "MultiThreaded$<$<CONFIG:Debug>:Debug>$<$<STREQUAL:dynamic,dynamic>:DLL>"
      VCPKG_CHAINLOAD_TOOLCHAIN_FILE: "C:/Program Files/Microsoft Visual Studio/2022/Enterprise/VC/vcpkg/scripts/toolchains/windows.cmake"
      VCPKG_CRT_LINKAGE: "dynamic"
      VCPKG_CXX_FLAGS: ""
      VCPKG_CXX_FLAGS_DEBUG: ""
      VCPKG_CXX_FLAGS_RELEASE: ""
      VCPKG_C_FLAGS: ""
      VCPKG_C_FLAGS_DEBUG: ""
      VCPKG_C_FLAGS_RELEASE: ""
      VCPKG_INSTALLED_DIR: "D:/Seneca/GPU/work/Final_Data_Analysis_Stock/vcpkg_installed"
      VCPKG_LINKER_FLAGS: ""
      VCPKG_LINKER_FLAGS_DEBUG: ""
      VCPKG_LINKER_FLAGS_RELEASE: ""
      VCPKG_PLATFORM_TOOLSET: "v143"
      VCPKG_PREFER_SYSTEM_LIBS: "OFF"
      VCPKG_SET_CHARSET_FLAG: "ON"
      VCPKG_TARGET_ARCHITECTURE: "x64"
      VCPKG_TARGET_TRIPLET: "x64-windows"
      Z_VCPKG_ROOT_DIR: "C:/Program Files/Microsoft Visual Studio/2022/Enterprise/VC/vcpkg"
    buildResult:
      variable: "HAVE_SIZEOF_SIZE_T"
      cached: true
      stdout: |
        Change Dir: 'D:/Seneca/GPU/work/Final_Data_Analysis_Stock/vcpkg_installed/vcpkg/blds/curl/x64-windows-dbg/CMakeFiles/CMakeScratch/TryCompile-v9vuln'
        
        Run Build Command(s): "C:/Program Files/Microsoft Visual Studio/2022/Enterprise/Common7/IDE/CommonExtensions/Microsoft/CMake/Ninja/ninja.exe" -v cmTC_471a5
        [1/2] C:\\PROGRA~1\\MICROS~2\\2022\\ENTERP~1\\VC\\Tools\\MSVC\\1442~1.344\\bin\\Hostx64\\x64\\cl.exe  /nologo -DWIN32_LEAN_AND_MEAN  /nologo /DWIN32 /D_WINDOWS /utf-8 /MP   /D_DEBUG /MDd /Z7 /Ob0 /Od /RTC1  -MDd /showIncludes /FoCMakeFiles\\cmTC_471a5.dir\\SIZEOF_SIZE_T.c.obj /FdCMakeFiles\\cmTC_471a5.dir\\ /FS -c D:\\Seneca\\GPU\\work\\Final_Data_Analysis_Stock\\vcpkg_installed\\vcpkg\\blds\\curl\\x64-windows-dbg\\CMakeFiles\\CMakeScratch\\TryCompile-v9vuln\\SIZEOF_SIZE_T.c
        [2/2] C:\\Windows\\system32\\cmd.exe /C "cd . && "C:\\Program Files\\Microsoft Visual Studio\\2022\\Enterprise\\Common7\\IDE\\CommonExtensions\\Microsoft\\CMake\\CMake\\bin\\cmake.exe" -E vs_link_exe --intdir=CMakeFiles\\cmTC_471a5.dir --rc=C:\\PROGRA~2\\WI3CF2~1\\10\\bin\\100261~1.0\\x64\\rc.exe --mt=C:\\PROGRA~2\\WI3CF2~1\\10\\bin\\100261~1.0\\x64\\mt.exe --manifests  -- C:\\PROGRA~1\\MICROS~2\\2022\\ENTERP~1\\VC\\Tools\\MSVC\\1442~1.344\\bin\\Hostx64\\x64\\link.exe /nologo CMakeFiles\\cmTC_471a5.dir\\SIZEOF_SIZE_T.c.obj  /out:cmTC_471a5.exe /implib:cmTC_471a5.lib /pdb:cmTC_471a5.pdb /version:0.0 /machine:x64  /nologo    /debug /INCREMENTAL /subsystem:console  kernel32.lib user32.lib gdi32.lib winspool.lib shell32.lib ole32.lib oleaut32.lib uuid.lib comdlg32.lib advapi32.lib && cd ."
        
      exitCode: 0
  -
    kind: "try_compile-v1"
    backtrace:
      - "C:/Program Files/Microsoft Visual Studio/2022/Enterprise/Common7/IDE/CommonExtensions/Microsoft/CMake/CMake/share/cmake-3.29/Modules/CheckTypeSize.cmake:146 (try_compile)"
      - "C:/Program Files/Microsoft Visual Studio/2022/Enterprise/Common7/IDE/CommonExtensions/Microsoft/CMake/CMake/share/cmake-3.29/Modules/CheckTypeSize.cmake:271 (__check_type_size_impl)"
      - "CMakeLists.txt:1531 (check_type_size)"
    checks:
      - "Check size of ssize_t"
    directories:
      source: "D:/Seneca/GPU/work/Final_Data_Analysis_Stock/vcpkg_installed/vcpkg/blds/curl/x64-windows-dbg/CMakeFiles/CMakeScratch/TryCompile-u38t4u"
      binary: "D:/Seneca/GPU/work/Final_Data_Analysis_Stock/vcpkg_installed/vcpkg/blds/curl/x64-windows-dbg/CMakeFiles/CMakeScratch/TryCompile-u38t4u"
    cmakeVariables:
      CMAKE_C_FLAGS: " /nologo /DWIN32 /D_WINDOWS /utf-8 /MP "
      CMAKE_C_FLAGS_DEBUG: "/D_DEBUG /MDd /Z7 /Ob0 /Od /RTC1 "
      CMAKE_EXE_LINKER_FLAGS: "/machine:x64"
      CMAKE_MODULE_PATH: "D:/Seneca/GPU/work/Final_Data_Analysis_Stock/vcpkg_installed/vcpkg/blds/curl/src/url-8_11_0-2be05894fb.clean/CMake;"
      CMAKE_MSVC_DEBUG_INFORMATION_FORMAT: ""
      CMAKE_MSVC_RUNTIME_LIBRARY: "MultiThreaded$<$<CONFIG:Debug>:Debug>$<$<STREQUAL:dynamic,dynamic>:DLL>"
      VCPKG_CHAINLOAD_TOOLCHAIN_FILE: "C:/Program Files/Microsoft Visual Studio/2022/Enterprise/VC/vcpkg/scripts/toolchains/windows.cmake"
      VCPKG_CRT_LINKAGE: "dynamic"
      VCPKG_CXX_FLAGS: ""
      VCPKG_CXX_FLAGS_DEBUG: ""
      VCPKG_CXX_FLAGS_RELEASE: ""
      VCPKG_C_FLAGS: ""
      VCPKG_C_FLAGS_DEBUG: ""
      VCPKG_C_FLAGS_RELEASE: ""
      VCPKG_INSTALLED_DIR: "D:/Seneca/GPU/work/Final_Data_Analysis_Stock/vcpkg_installed"
      VCPKG_LINKER_FLAGS: ""
      VCPKG_LINKER_FLAGS_DEBUG: ""
      VCPKG_LINKER_FLAGS_RELEASE: ""
      VCPKG_PLATFORM_TOOLSET: "v143"
      VCPKG_PREFER_SYSTEM_LIBS: "OFF"
      VCPKG_SET_CHARSET_FLAG: "ON"
      VCPKG_TARGET_ARCHITECTURE: "x64"
      VCPKG_TARGET_TRIPLET: "x64-windows"
      Z_VCPKG_ROOT_DIR: "C:/Program Files/Microsoft Visual Studio/2022/Enterprise/VC/vcpkg"
    buildResult:
      variable: "HAVE_SIZEOF_SSIZE_T"
      cached: true
      stdout: |
        Change Dir: 'D:/Seneca/GPU/work/Final_Data_Analysis_Stock/vcpkg_installed/vcpkg/blds/curl/x64-windows-dbg/CMakeFiles/CMakeScratch/TryCompile-u38t4u'
        
        Run Build Command(s): "C:/Program Files/Microsoft Visual Studio/2022/Enterprise/Common7/IDE/CommonExtensions/Microsoft/CMake/Ninja/ninja.exe" -v cmTC_921b7
        [1/2] C:\\PROGRA~1\\MICROS~2\\2022\\ENTERP~1\\VC\\Tools\\MSVC\\1442~1.344\\bin\\Hostx64\\x64\\cl.exe  /nologo -DWIN32_LEAN_AND_MEAN  /nologo /DWIN32 /D_WINDOWS /utf-8 /MP   /D_DEBUG /MDd /Z7 /Ob0 /Od /RTC1  -MDd /showIncludes /FoCMakeFiles\\cmTC_921b7.dir\\SIZEOF_SSIZE_T.c.obj /FdCMakeFiles\\cmTC_921b7.dir\\ /FS -c D:\\Seneca\\GPU\\work\\Final_Data_Analysis_Stock\\vcpkg_installed\\vcpkg\\blds\\curl\\x64-windows-dbg\\CMakeFiles\\CMakeScratch\\TryCompile-u38t4u\\SIZEOF_SSIZE_T.c
        FAILED: CMakeFiles/cmTC_921b7.dir/SIZEOF_SSIZE_T.c.obj 
        C:\\PROGRA~1\\MICROS~2\\2022\\ENTERP~1\\VC\\Tools\\MSVC\\1442~1.344\\bin\\Hostx64\\x64\\cl.exe  /nologo -DWIN32_LEAN_AND_MEAN  /nologo /DWIN32 /D_WINDOWS /utf-8 /MP   /D_DEBUG /MDd /Z7 /Ob0 /Od /RTC1  -MDd /showIncludes /FoCMakeFiles\\cmTC_921b7.dir\\SIZEOF_SSIZE_T.c.obj /FdCMakeFiles\\cmTC_921b7.dir\\ /FS -c D:\\Seneca\\GPU\\work\\Final_Data_Analysis_Stock\\vcpkg_installed\\vcpkg\\blds\\curl\\x64-windows-dbg\\CMakeFiles\\CMakeScratch\\TryCompile-u38t4u\\SIZEOF_SSIZE_T.c
        D:\\Seneca\\GPU\\work\\Final_Data_Analysis_Stock\\vcpkg_installed\\vcpkg\\blds\\curl\\x64-windows-dbg\\CMakeFiles\\CMakeScratch\\TryCompile-u38t4u\\SIZEOF_SSIZE_T.c(29): error C2065: 'ssize_t': undeclared identifier
        D:\\Seneca\\GPU\\work\\Final_Data_Analysis_Stock\\vcpkg_installed\\vcpkg\\blds\\curl\\x64-windows-dbg\\CMakeFiles\\CMakeScratch\\TryCompile-u38t4u\\SIZEOF_SSIZE_T.c(30): error C2065: 'ssize_t': undeclared identifier
        D:\\Seneca\\GPU\\work\\Final_Data_Analysis_Stock\\vcpkg_installed\\vcpkg\\blds\\curl\\x64-windows-dbg\\CMakeFiles\\CMakeScratch\\TryCompile-u38t4u\\SIZEOF_SSIZE_T.c(31): error C2065: 'ssize_t': undeclared identifier
        D:\\Seneca\\GPU\\work\\Final_Data_Analysis_Stock\\vcpkg_installed\\vcpkg\\blds\\curl\\x64-windows-dbg\\CMakeFiles\\CMakeScratch\\TryCompile-u38t4u\\SIZEOF_SSIZE_T.c(32): error C2065: 'ssize_t': undeclared identifier
        D:\\Seneca\\GPU\\work\\Final_Data_Analysis_Stock\\vcpkg_installed\\vcpkg\\blds\\curl\\x64-windows-dbg\\CMakeFiles\\CMakeScratch\\TryCompile-u38t4u\\SIZEOF_SSIZE_T.c(33): error C2065: 'ssize_t': undeclared identifier
        ninja: build stopped: subcommand failed.
        
      exitCode: 1
  -
    kind: "try_compile-v1"
    backtrace:
      - "C:/Program Files/Microsoft Visual Studio/2022/Enterprise/Common7/IDE/CommonExtensions/Microsoft/CMake/CMake/share/cmake-3.29/Modules/CheckTypeSize.cmake:146 (try_compile)"
      - "C:/Program Files/Microsoft Visual Studio/2022/Enterprise/Common7/IDE/CommonExtensions/Microsoft/CMake/CMake/share/cmake-3.29/Modules/CheckTypeSize.cmake:271 (__check_type_size_impl)"
      - "CMakeLists.txt:1532 (check_type_size)"
    checks:
      - "Check size of long long"
    directories:
      source: "D:/Seneca/GPU/work/Final_Data_Analysis_Stock/vcpkg_installed/vcpkg/blds/curl/x64-windows-dbg/CMakeFiles/CMakeScratch/TryCompile-cd0pwp"
      binary: "D:/Seneca/GPU/work/Final_Data_Analysis_Stock/vcpkg_installed/vcpkg/blds/curl/x64-windows-dbg/CMakeFiles/CMakeScratch/TryCompile-cd0pwp"
    cmakeVariables:
      CMAKE_C_FLAGS: " /nologo /DWIN32 /D_WINDOWS /utf-8 /MP "
      CMAKE_C_FLAGS_DEBUG: "/D_DEBUG /MDd /Z7 /Ob0 /Od /RTC1 "
      CMAKE_EXE_LINKER_FLAGS: "/machine:x64"
      CMAKE_MODULE_PATH: "D:/Seneca/GPU/work/Final_Data_Analysis_Stock/vcpkg_installed/vcpkg/blds/curl/src/url-8_11_0-2be05894fb.clean/CMake;"
      CMAKE_MSVC_DEBUG_INFORMATION_FORMAT: ""
      CMAKE_MSVC_RUNTIME_LIBRARY: "MultiThreaded$<$<CONFIG:Debug>:Debug>$<$<STREQUAL:dynamic,dynamic>:DLL>"
      VCPKG_CHAINLOAD_TOOLCHAIN_FILE: "C:/Program Files/Microsoft Visual Studio/2022/Enterprise/VC/vcpkg/scripts/toolchains/windows.cmake"
      VCPKG_CRT_LINKAGE: "dynamic"
      VCPKG_CXX_FLAGS: ""
      VCPKG_CXX_FLAGS_DEBUG: ""
      VCPKG_CXX_FLAGS_RELEASE: ""
      VCPKG_C_FLAGS: ""
      VCPKG_C_FLAGS_DEBUG: ""
      VCPKG_C_FLAGS_RELEASE: ""
      VCPKG_INSTALLED_DIR: "D:/Seneca/GPU/work/Final_Data_Analysis_Stock/vcpkg_installed"
      VCPKG_LINKER_FLAGS: ""
      VCPKG_LINKER_FLAGS_DEBUG: ""
      VCPKG_LINKER_FLAGS_RELEASE: ""
      VCPKG_PLATFORM_TOOLSET: "v143"
      VCPKG_PREFER_SYSTEM_LIBS: "OFF"
      VCPKG_SET_CHARSET_FLAG: "ON"
      VCPKG_TARGET_ARCHITECTURE: "x64"
      VCPKG_TARGET_TRIPLET: "x64-windows"
      Z_VCPKG_ROOT_DIR: "C:/Program Files/Microsoft Visual Studio/2022/Enterprise/VC/vcpkg"
    buildResult:
      variable: "HAVE_SIZEOF_LONG_LONG"
      cached: true
      stdout: |
        Change Dir: 'D:/Seneca/GPU/work/Final_Data_Analysis_Stock/vcpkg_installed/vcpkg/blds/curl/x64-windows-dbg/CMakeFiles/CMakeScratch/TryCompile-cd0pwp'
        
        Run Build Command(s): "C:/Program Files/Microsoft Visual Studio/2022/Enterprise/Common7/IDE/CommonExtensions/Microsoft/CMake/Ninja/ninja.exe" -v cmTC_76e5f
        [1/2] C:\\PROGRA~1\\MICROS~2\\2022\\ENTERP~1\\VC\\Tools\\MSVC\\1442~1.344\\bin\\Hostx64\\x64\\cl.exe  /nologo -DWIN32_LEAN_AND_MEAN  /nologo /DWIN32 /D_WINDOWS /utf-8 /MP   /D_DEBUG /MDd /Z7 /Ob0 /Od /RTC1  -MDd /showIncludes /FoCMakeFiles\\cmTC_76e5f.dir\\SIZEOF_LONG_LONG.c.obj /FdCMakeFiles\\cmTC_76e5f.dir\\ /FS -c D:\\Seneca\\GPU\\work\\Final_Data_Analysis_Stock\\vcpkg_installed\\vcpkg\\blds\\curl\\x64-windows-dbg\\CMakeFiles\\CMakeScratch\\TryCompile-cd0pwp\\SIZEOF_LONG_LONG.c
        [2/2] C:\\Windows\\system32\\cmd.exe /C "cd . && "C:\\Program Files\\Microsoft Visual Studio\\2022\\Enterprise\\Common7\\IDE\\CommonExtensions\\Microsoft\\CMake\\CMake\\bin\\cmake.exe" -E vs_link_exe --intdir=CMakeFiles\\cmTC_76e5f.dir --rc=C:\\PROGRA~2\\WI3CF2~1\\10\\bin\\100261~1.0\\x64\\rc.exe --mt=C:\\PROGRA~2\\WI3CF2~1\\10\\bin\\100261~1.0\\x64\\mt.exe --manifests  -- C:\\PROGRA~1\\MICROS~2\\2022\\ENTERP~1\\VC\\Tools\\MSVC\\1442~1.344\\bin\\Hostx64\\x64\\link.exe /nologo CMakeFiles\\cmTC_76e5f.dir\\SIZEOF_LONG_LONG.c.obj  /out:cmTC_76e5f.exe /implib:cmTC_76e5f.lib /pdb:cmTC_76e5f.pdb /version:0.0 /machine:x64  /nologo    /debug /INCREMENTAL /subsystem:console  kernel32.lib user32.lib gdi32.lib winspool.lib shell32.lib ole32.lib oleaut32.lib uuid.lib comdlg32.lib advapi32.lib && cd ."
        
      exitCode: 0
  -
    kind: "try_compile-v1"
    backtrace:
      - "C:/Program Files/Microsoft Visual Studio/2022/Enterprise/Common7/IDE/CommonExtensions/Microsoft/CMake/CMake/share/cmake-3.29/Modules/CheckTypeSize.cmake:146 (try_compile)"
      - "C:/Program Files/Microsoft Visual Studio/2022/Enterprise/Common7/IDE/CommonExtensions/Microsoft/CMake/CMake/share/cmake-3.29/Modules/CheckTypeSize.cmake:271 (__check_type_size_impl)"
      - "CMakeLists.txt:1533 (check_type_size)"
    checks:
      - "Check size of long"
    directories:
      source: "D:/Seneca/GPU/work/Final_Data_Analysis_Stock/vcpkg_installed/vcpkg/blds/curl/x64-windows-dbg/CMakeFiles/CMakeScratch/TryCompile-ix8kza"
      binary: "D:/Seneca/GPU/work/Final_Data_Analysis_Stock/vcpkg_installed/vcpkg/blds/curl/x64-windows-dbg/CMakeFiles/CMakeScratch/TryCompile-ix8kza"
    cmakeVariables:
      CMAKE_C_FLAGS: " /nologo /DWIN32 /D_WINDOWS /utf-8 /MP "
      CMAKE_C_FLAGS_DEBUG: "/D_DEBUG /MDd /Z7 /Ob0 /Od /RTC1 "
      CMAKE_EXE_LINKER_FLAGS: "/machine:x64"
      CMAKE_MODULE_PATH: "D:/Seneca/GPU/work/Final_Data_Analysis_Stock/vcpkg_installed/vcpkg/blds/curl/src/url-8_11_0-2be05894fb.clean/CMake;"
      CMAKE_MSVC_DEBUG_INFORMATION_FORMAT: ""
      CMAKE_MSVC_RUNTIME_LIBRARY: "MultiThreaded$<$<CONFIG:Debug>:Debug>$<$<STREQUAL:dynamic,dynamic>:DLL>"
      VCPKG_CHAINLOAD_TOOLCHAIN_FILE: "C:/Program Files/Microsoft Visual Studio/2022/Enterprise/VC/vcpkg/scripts/toolchains/windows.cmake"
      VCPKG_CRT_LINKAGE: "dynamic"
      VCPKG_CXX_FLAGS: ""
      VCPKG_CXX_FLAGS_DEBUG: ""
      VCPKG_CXX_FLAGS_RELEASE: ""
      VCPKG_C_FLAGS: ""
      VCPKG_C_FLAGS_DEBUG: ""
      VCPKG_C_FLAGS_RELEASE: ""
      VCPKG_INSTALLED_DIR: "D:/Seneca/GPU/work/Final_Data_Analysis_Stock/vcpkg_installed"
      VCPKG_LINKER_FLAGS: ""
      VCPKG_LINKER_FLAGS_DEBUG: ""
      VCPKG_LINKER_FLAGS_RELEASE: ""
      VCPKG_PLATFORM_TOOLSET: "v143"
      VCPKG_PREFER_SYSTEM_LIBS: "OFF"
      VCPKG_SET_CHARSET_FLAG: "ON"
      VCPKG_TARGET_ARCHITECTURE: "x64"
      VCPKG_TARGET_TRIPLET: "x64-windows"
      Z_VCPKG_ROOT_DIR: "C:/Program Files/Microsoft Visual Studio/2022/Enterprise/VC/vcpkg"
    buildResult:
      variable: "HAVE_SIZEOF_LONG"
      cached: true
      stdout: |
        Change Dir: 'D:/Seneca/GPU/work/Final_Data_Analysis_Stock/vcpkg_installed/vcpkg/blds/curl/x64-windows-dbg/CMakeFiles/CMakeScratch/TryCompile-ix8kza'
        
        Run Build Command(s): "C:/Program Files/Microsoft Visual Studio/2022/Enterprise/Common7/IDE/CommonExtensions/Microsoft/CMake/Ninja/ninja.exe" -v cmTC_a5b0c
        [1/2] C:\\PROGRA~1\\MICROS~2\\2022\\ENTERP~1\\VC\\Tools\\MSVC\\1442~1.344\\bin\\Hostx64\\x64\\cl.exe  /nologo -DWIN32_LEAN_AND_MEAN  /nologo /DWIN32 /D_WINDOWS /utf-8 /MP   /D_DEBUG /MDd /Z7 /Ob0 /Od /RTC1  -MDd /showIncludes /FoCMakeFiles\\cmTC_a5b0c.dir\\SIZEOF_LONG.c.obj /FdCMakeFiles\\cmTC_a5b0c.dir\\ /FS -c D:\\Seneca\\GPU\\work\\Final_Data_Analysis_Stock\\vcpkg_installed\\vcpkg\\blds\\curl\\x64-windows-dbg\\CMakeFiles\\CMakeScratch\\TryCompile-ix8kza\\SIZEOF_LONG.c
        [2/2] C:\\Windows\\system32\\cmd.exe /C "cd . && "C:\\Program Files\\Microsoft Visual Studio\\2022\\Enterprise\\Common7\\IDE\\CommonExtensions\\Microsoft\\CMake\\CMake\\bin\\cmake.exe" -E vs_link_exe --intdir=CMakeFiles\\cmTC_a5b0c.dir --rc=C:\\PROGRA~2\\WI3CF2~1\\10\\bin\\100261~1.0\\x64\\rc.exe --mt=C:\\PROGRA~2\\WI3CF2~1\\10\\bin\\100261~1.0\\x64\\mt.exe --manifests  -- C:\\PROGRA~1\\MICROS~2\\2022\\ENTERP~1\\VC\\Tools\\MSVC\\1442~1.344\\bin\\Hostx64\\x64\\link.exe /nologo CMakeFiles\\cmTC_a5b0c.dir\\SIZEOF_LONG.c.obj  /out:cmTC_a5b0c.exe /implib:cmTC_a5b0c.lib /pdb:cmTC_a5b0c.pdb /version:0.0 /machine:x64  /nologo    /debug /INCREMENTAL /subsystem:console  kernel32.lib user32.lib gdi32.lib winspool.lib shell32.lib ole32.lib oleaut32.lib uuid.lib comdlg32.lib advapi32.lib && cd ."
        
      exitCode: 0
  -
    kind: "try_compile-v1"
    backtrace:
      - "C:/Program Files/Microsoft Visual Studio/2022/Enterprise/Common7/IDE/CommonExtensions/Microsoft/CMake/CMake/share/cmake-3.29/Modules/CheckTypeSize.cmake:146 (try_compile)"
      - "C:/Program Files/Microsoft Visual Studio/2022/Enterprise/Common7/IDE/CommonExtensions/Microsoft/CMake/CMake/share/cmake-3.29/Modules/CheckTypeSize.cmake:271 (__check_type_size_impl)"
      - "CMakeLists.txt:1534 (check_type_size)"
    checks:
      - "Check size of int"
    directories:
      source: "D:/Seneca/GPU/work/Final_Data_Analysis_Stock/vcpkg_installed/vcpkg/blds/curl/x64-windows-dbg/CMakeFiles/CMakeScratch/TryCompile-9d4rg1"
      binary: "D:/Seneca/GPU/work/Final_Data_Analysis_Stock/vcpkg_installed/vcpkg/blds/curl/x64-windows-dbg/CMakeFiles/CMakeScratch/TryCompile-9d4rg1"
    cmakeVariables:
      CMAKE_C_FLAGS: " /nologo /DWIN32 /D_WINDOWS /utf-8 /MP "
      CMAKE_C_FLAGS_DEBUG: "/D_DEBUG /MDd /Z7 /Ob0 /Od /RTC1 "
      CMAKE_EXE_LINKER_FLAGS: "/machine:x64"
      CMAKE_MODULE_PATH: "D:/Seneca/GPU/work/Final_Data_Analysis_Stock/vcpkg_installed/vcpkg/blds/curl/src/url-8_11_0-2be05894fb.clean/CMake;"
      CMAKE_MSVC_DEBUG_INFORMATION_FORMAT: ""
      CMAKE_MSVC_RUNTIME_LIBRARY: "MultiThreaded$<$<CONFIG:Debug>:Debug>$<$<STREQUAL:dynamic,dynamic>:DLL>"
      VCPKG_CHAINLOAD_TOOLCHAIN_FILE: "C:/Program Files/Microsoft Visual Studio/2022/Enterprise/VC/vcpkg/scripts/toolchains/windows.cmake"
      VCPKG_CRT_LINKAGE: "dynamic"
      VCPKG_CXX_FLAGS: ""
      VCPKG_CXX_FLAGS_DEBUG: ""
      VCPKG_CXX_FLAGS_RELEASE: ""
      VCPKG_C_FLAGS: ""
      VCPKG_C_FLAGS_DEBUG: ""
      VCPKG_C_FLAGS_RELEASE: ""
      VCPKG_INSTALLED_DIR: "D:/Seneca/GPU/work/Final_Data_Analysis_Stock/vcpkg_installed"
      VCPKG_LINKER_FLAGS: ""
      VCPKG_LINKER_FLAGS_DEBUG: ""
      VCPKG_LINKER_FLAGS_RELEASE: ""
      VCPKG_PLATFORM_TOOLSET: "v143"
      VCPKG_PREFER_SYSTEM_LIBS: "OFF"
      VCPKG_SET_CHARSET_FLAG: "ON"
      VCPKG_TARGET_ARCHITECTURE: "x64"
      VCPKG_TARGET_TRIPLET: "x64-windows"
      Z_VCPKG_ROOT_DIR: "C:/Program Files/Microsoft Visual Studio/2022/Enterprise/VC/vcpkg"
    buildResult:
      variable: "HAVE_SIZEOF_INT"
      cached: true
      stdout: |
        Change Dir: 'D:/Seneca/GPU/work/Final_Data_Analysis_Stock/vcpkg_installed/vcpkg/blds/curl/x64-windows-dbg/CMakeFiles/CMakeScratch/TryCompile-9d4rg1'
        
        Run Build Command(s): "C:/Program Files/Microsoft Visual Studio/2022/Enterprise/Common7/IDE/CommonExtensions/Microsoft/CMake/Ninja/ninja.exe" -v cmTC_ed5a7
        [1/2] C:\\PROGRA~1\\MICROS~2\\2022\\ENTERP~1\\VC\\Tools\\MSVC\\1442~1.344\\bin\\Hostx64\\x64\\cl.exe  /nologo -DWIN32_LEAN_AND_MEAN  /nologo /DWIN32 /D_WINDOWS /utf-8 /MP   /D_DEBUG /MDd /Z7 /Ob0 /Od /RTC1  -MDd /showIncludes /FoCMakeFiles\\cmTC_ed5a7.dir\\SIZEOF_INT.c.obj /FdCMakeFiles\\cmTC_ed5a7.dir\\ /FS -c D:\\Seneca\\GPU\\work\\Final_Data_Analysis_Stock\\vcpkg_installed\\vcpkg\\blds\\curl\\x64-windows-dbg\\CMakeFiles\\CMakeScratch\\TryCompile-9d4rg1\\SIZEOF_INT.c
        [2/2] C:\\Windows\\system32\\cmd.exe /C "cd . && "C:\\Program Files\\Microsoft Visual Studio\\2022\\Enterprise\\Common7\\IDE\\CommonExtensions\\Microsoft\\CMake\\CMake\\bin\\cmake.exe" -E vs_link_exe --intdir=CMakeFiles\\cmTC_ed5a7.dir --rc=C:\\PROGRA~2\\WI3CF2~1\\10\\bin\\100261~1.0\\x64\\rc.exe --mt=C:\\PROGRA~2\\WI3CF2~1\\10\\bin\\100261~1.0\\x64\\mt.exe --manifests  -- C:\\PROGRA~1\\MICROS~2\\2022\\ENTERP~1\\VC\\Tools\\MSVC\\1442~1.344\\bin\\Hostx64\\x64\\link.exe /nologo CMakeFiles\\cmTC_ed5a7.dir\\SIZEOF_INT.c.obj  /out:cmTC_ed5a7.exe /implib:cmTC_ed5a7.lib /pdb:cmTC_ed5a7.pdb /version:0.0 /machine:x64  /nologo    /debug /INCREMENTAL /subsystem:console  kernel32.lib user32.lib gdi32.lib winspool.lib shell32.lib ole32.lib oleaut32.lib uuid.lib comdlg32.lib advapi32.lib && cd ."
        
      exitCode: 0
  -
    kind: "try_compile-v1"
    backtrace:
      - "C:/Program Files/Microsoft Visual Studio/2022/Enterprise/Common7/IDE/CommonExtensions/Microsoft/CMake/CMake/share/cmake-3.29/Modules/CheckTypeSize.cmake:146 (try_compile)"
      - "C:/Program Files/Microsoft Visual Studio/2022/Enterprise/Common7/IDE/CommonExtensions/Microsoft/CMake/CMake/share/cmake-3.29/Modules/CheckTypeSize.cmake:271 (__check_type_size_impl)"
      - "CMakeLists.txt:1535 (check_type_size)"
    checks:
      - "Check size of __int64"
    directories:
      source: "D:/Seneca/GPU/work/Final_Data_Analysis_Stock/vcpkg_installed/vcpkg/blds/curl/x64-windows-dbg/CMakeFiles/CMakeScratch/TryCompile-cfxei2"
      binary: "D:/Seneca/GPU/work/Final_Data_Analysis_Stock/vcpkg_installed/vcpkg/blds/curl/x64-windows-dbg/CMakeFiles/CMakeScratch/TryCompile-cfxei2"
    cmakeVariables:
      CMAKE_C_FLAGS: " /nologo /DWIN32 /D_WINDOWS /utf-8 /MP "
      CMAKE_C_FLAGS_DEBUG: "/D_DEBUG /MDd /Z7 /Ob0 /Od /RTC1 "
      CMAKE_EXE_LINKER_FLAGS: "/machine:x64"
      CMAKE_MODULE_PATH: "D:/Seneca/GPU/work/Final_Data_Analysis_Stock/vcpkg_installed/vcpkg/blds/curl/src/url-8_11_0-2be05894fb.clean/CMake;"
      CMAKE_MSVC_DEBUG_INFORMATION_FORMAT: ""
      CMAKE_MSVC_RUNTIME_LIBRARY: "MultiThreaded$<$<CONFIG:Debug>:Debug>$<$<STREQUAL:dynamic,dynamic>:DLL>"
      VCPKG_CHAINLOAD_TOOLCHAIN_FILE: "C:/Program Files/Microsoft Visual Studio/2022/Enterprise/VC/vcpkg/scripts/toolchains/windows.cmake"
      VCPKG_CRT_LINKAGE: "dynamic"
      VCPKG_CXX_FLAGS: ""
      VCPKG_CXX_FLAGS_DEBUG: ""
      VCPKG_CXX_FLAGS_RELEASE: ""
      VCPKG_C_FLAGS: ""
      VCPKG_C_FLAGS_DEBUG: ""
      VCPKG_C_FLAGS_RELEASE: ""
      VCPKG_INSTALLED_DIR: "D:/Seneca/GPU/work/Final_Data_Analysis_Stock/vcpkg_installed"
      VCPKG_LINKER_FLAGS: ""
      VCPKG_LINKER_FLAGS_DEBUG: ""
      VCPKG_LINKER_FLAGS_RELEASE: ""
      VCPKG_PLATFORM_TOOLSET: "v143"
      VCPKG_PREFER_SYSTEM_LIBS: "OFF"
      VCPKG_SET_CHARSET_FLAG: "ON"
      VCPKG_TARGET_ARCHITECTURE: "x64"
      VCPKG_TARGET_TRIPLET: "x64-windows"
      Z_VCPKG_ROOT_DIR: "C:/Program Files/Microsoft Visual Studio/2022/Enterprise/VC/vcpkg"
    buildResult:
      variable: "HAVE_SIZEOF___INT64"
      cached: true
      stdout: |
        Change Dir: 'D:/Seneca/GPU/work/Final_Data_Analysis_Stock/vcpkg_installed/vcpkg/blds/curl/x64-windows-dbg/CMakeFiles/CMakeScratch/TryCompile-cfxei2'
        
        Run Build Command(s): "C:/Program Files/Microsoft Visual Studio/2022/Enterprise/Common7/IDE/CommonExtensions/Microsoft/CMake/Ninja/ninja.exe" -v cmTC_affe8
        [1/2] C:\\PROGRA~1\\MICROS~2\\2022\\ENTERP~1\\VC\\Tools\\MSVC\\1442~1.344\\bin\\Hostx64\\x64\\cl.exe  /nologo -DWIN32_LEAN_AND_MEAN  /nologo /DWIN32 /D_WINDOWS /utf-8 /MP   /D_DEBUG /MDd /Z7 /Ob0 /Od /RTC1  -MDd /showIncludes /FoCMakeFiles\\cmTC_affe8.dir\\SIZEOF___INT64.c.obj /FdCMakeFiles\\cmTC_affe8.dir\\ /FS -c D:\\Seneca\\GPU\\work\\Final_Data_Analysis_Stock\\vcpkg_installed\\vcpkg\\blds\\curl\\x64-windows-dbg\\CMakeFiles\\CMakeScratch\\TryCompile-cfxei2\\SIZEOF___INT64.c
        [2/2] C:\\Windows\\system32\\cmd.exe /C "cd . && "C:\\Program Files\\Microsoft Visual Studio\\2022\\Enterprise\\Common7\\IDE\\CommonExtensions\\Microsoft\\CMake\\CMake\\bin\\cmake.exe" -E vs_link_exe --intdir=CMakeFiles\\cmTC_affe8.dir --rc=C:\\PROGRA~2\\WI3CF2~1\\10\\bin\\100261~1.0\\x64\\rc.exe --mt=C:\\PROGRA~2\\WI3CF2~1\\10\\bin\\100261~1.0\\x64\\mt.exe --manifests  -- C:\\PROGRA~1\\MICROS~2\\2022\\ENTERP~1\\VC\\Tools\\MSVC\\1442~1.344\\bin\\Hostx64\\x64\\link.exe /nologo CMakeFiles\\cmTC_affe8.dir\\SIZEOF___INT64.c.obj  /out:cmTC_affe8.exe /implib:cmTC_affe8.lib /pdb:cmTC_affe8.pdb /version:0.0 /machine:x64  /nologo    /debug /INCREMENTAL /subsystem:console  kernel32.lib user32.lib gdi32.lib winspool.lib shell32.lib ole32.lib oleaut32.lib uuid.lib comdlg32.lib advapi32.lib && cd ."
        
      exitCode: 0
  -
    kind: "try_compile-v1"
    backtrace:
      - "C:/Program Files/Microsoft Visual Studio/2022/Enterprise/Common7/IDE/CommonExtensions/Microsoft/CMake/CMake/share/cmake-3.29/Modules/CheckTypeSize.cmake:146 (try_compile)"
      - "C:/Program Files/Microsoft Visual Studio/2022/Enterprise/Common7/IDE/CommonExtensions/Microsoft/CMake/CMake/share/cmake-3.29/Modules/CheckTypeSize.cmake:271 (__check_type_size_impl)"
      - "CMakeLists.txt:1536 (check_type_size)"
    checks:
      - "Check size of time_t"
    directories:
      source: "D:/Seneca/GPU/work/Final_Data_Analysis_Stock/vcpkg_installed/vcpkg/blds/curl/x64-windows-dbg/CMakeFiles/CMakeScratch/TryCompile-2ugbmm"
      binary: "D:/Seneca/GPU/work/Final_Data_Analysis_Stock/vcpkg_installed/vcpkg/blds/curl/x64-windows-dbg/CMakeFiles/CMakeScratch/TryCompile-2ugbmm"
    cmakeVariables:
      CMAKE_C_FLAGS: " /nologo /DWIN32 /D_WINDOWS /utf-8 /MP "
      CMAKE_C_FLAGS_DEBUG: "/D_DEBUG /MDd /Z7 /Ob0 /Od /RTC1 "
      CMAKE_EXE_LINKER_FLAGS: "/machine:x64"
      CMAKE_MODULE_PATH: "D:/Seneca/GPU/work/Final_Data_Analysis_Stock/vcpkg_installed/vcpkg/blds/curl/src/url-8_11_0-2be05894fb.clean/CMake;"
      CMAKE_MSVC_DEBUG_INFORMATION_FORMAT: ""
      CMAKE_MSVC_RUNTIME_LIBRARY: "MultiThreaded$<$<CONFIG:Debug>:Debug>$<$<STREQUAL:dynamic,dynamic>:DLL>"
      VCPKG_CHAINLOAD_TOOLCHAIN_FILE: "C:/Program Files/Microsoft Visual Studio/2022/Enterprise/VC/vcpkg/scripts/toolchains/windows.cmake"
      VCPKG_CRT_LINKAGE: "dynamic"
      VCPKG_CXX_FLAGS: ""
      VCPKG_CXX_FLAGS_DEBUG: ""
      VCPKG_CXX_FLAGS_RELEASE: ""
      VCPKG_C_FLAGS: ""
      VCPKG_C_FLAGS_DEBUG: ""
      VCPKG_C_FLAGS_RELEASE: ""
      VCPKG_INSTALLED_DIR: "D:/Seneca/GPU/work/Final_Data_Analysis_Stock/vcpkg_installed"
      VCPKG_LINKER_FLAGS: ""
      VCPKG_LINKER_FLAGS_DEBUG: ""
      VCPKG_LINKER_FLAGS_RELEASE: ""
      VCPKG_PLATFORM_TOOLSET: "v143"
      VCPKG_PREFER_SYSTEM_LIBS: "OFF"
      VCPKG_SET_CHARSET_FLAG: "ON"
      VCPKG_TARGET_ARCHITECTURE: "x64"
      VCPKG_TARGET_TRIPLET: "x64-windows"
      Z_VCPKG_ROOT_DIR: "C:/Program Files/Microsoft Visual Studio/2022/Enterprise/VC/vcpkg"
    buildResult:
      variable: "HAVE_SIZEOF_TIME_T"
      cached: true
      stdout: |
        Change Dir: 'D:/Seneca/GPU/work/Final_Data_Analysis_Stock/vcpkg_installed/vcpkg/blds/curl/x64-windows-dbg/CMakeFiles/CMakeScratch/TryCompile-2ugbmm'
        
        Run Build Command(s): "C:/Program Files/Microsoft Visual Studio/2022/Enterprise/Common7/IDE/CommonExtensions/Microsoft/CMake/Ninja/ninja.exe" -v cmTC_43ef3
        [1/2] C:\\PROGRA~1\\MICROS~2\\2022\\ENTERP~1\\VC\\Tools\\MSVC\\1442~1.344\\bin\\Hostx64\\x64\\cl.exe  /nologo -DWIN32_LEAN_AND_MEAN  /nologo /DWIN32 /D_WINDOWS /utf-8 /MP   /D_DEBUG /MDd /Z7 /Ob0 /Od /RTC1  -MDd /showIncludes /FoCMakeFiles\\cmTC_43ef3.dir\\SIZEOF_TIME_T.c.obj /FdCMakeFiles\\cmTC_43ef3.dir\\ /FS -c D:\\Seneca\\GPU\\work\\Final_Data_Analysis_Stock\\vcpkg_installed\\vcpkg\\blds\\curl\\x64-windows-dbg\\CMakeFiles\\CMakeScratch\\TryCompile-2ugbmm\\SIZEOF_TIME_T.c
        [2/2] C:\\Windows\\system32\\cmd.exe /C "cd . && "C:\\Program Files\\Microsoft Visual Studio\\2022\\Enterprise\\Common7\\IDE\\CommonExtensions\\Microsoft\\CMake\\CMake\\bin\\cmake.exe" -E vs_link_exe --intdir=CMakeFiles\\cmTC_43ef3.dir --rc=C:\\PROGRA~2\\WI3CF2~1\\10\\bin\\100261~1.0\\x64\\rc.exe --mt=C:\\PROGRA~2\\WI3CF2~1\\10\\bin\\100261~1.0\\x64\\mt.exe --manifests  -- C:\\PROGRA~1\\MICROS~2\\2022\\ENTERP~1\\VC\\Tools\\MSVC\\1442~1.344\\bin\\Hostx64\\x64\\link.exe /nologo CMakeFiles\\cmTC_43ef3.dir\\SIZEOF_TIME_T.c.obj  /out:cmTC_43ef3.exe /implib:cmTC_43ef3.lib /pdb:cmTC_43ef3.pdb /version:0.0 /machine:x64  /nologo    /debug /INCREMENTAL /subsystem:console  kernel32.lib user32.lib gdi32.lib winspool.lib shell32.lib ole32.lib oleaut32.lib uuid.lib comdlg32.lib advapi32.lib && cd ."
        
      exitCode: 0
  -
    kind: "try_compile-v1"
    backtrace:
      - "C:/Program Files/Microsoft Visual Studio/2022/Enterprise/Common7/IDE/CommonExtensions/Microsoft/CMake/CMake/share/cmake-3.29/Modules/CheckTypeSize.cmake:146 (try_compile)"
      - "C:/Program Files/Microsoft Visual Studio/2022/Enterprise/Common7/IDE/CommonExtensions/Microsoft/CMake/CMake/share/cmake-3.29/Modules/CheckTypeSize.cmake:271 (__check_type_size_impl)"
      - "CMakeLists.txt:1651 (check_type_size)"
    checks:
      - "Check size of ADDRESS_FAMILY"
    directories:
      source: "D:/Seneca/GPU/work/Final_Data_Analysis_Stock/vcpkg_installed/vcpkg/blds/curl/x64-windows-dbg/CMakeFiles/CMakeScratch/TryCompile-1py8pu"
      binary: "D:/Seneca/GPU/work/Final_Data_Analysis_Stock/vcpkg_installed/vcpkg/blds/curl/x64-windows-dbg/CMakeFiles/CMakeScratch/TryCompile-1py8pu"
    cmakeVariables:
      CMAKE_C_FLAGS: " /nologo /DWIN32 /D_WINDOWS /utf-8 /MP "
      CMAKE_C_FLAGS_DEBUG: "/D_DEBUG /MDd /Z7 /Ob0 /Od /RTC1 "
      CMAKE_EXE_LINKER_FLAGS: "/machine:x64"
      CMAKE_MODULE_PATH: "D:/Seneca/GPU/work/Final_Data_Analysis_Stock/vcpkg_installed/vcpkg/blds/curl/src/url-8_11_0-2be05894fb.clean/CMake;"
      CMAKE_MSVC_DEBUG_INFORMATION_FORMAT: ""
      CMAKE_MSVC_RUNTIME_LIBRARY: "MultiThreaded$<$<CONFIG:Debug>:Debug>$<$<STREQUAL:dynamic,dynamic>:DLL>"
      VCPKG_CHAINLOAD_TOOLCHAIN_FILE: "C:/Program Files/Microsoft Visual Studio/2022/Enterprise/VC/vcpkg/scripts/toolchains/windows.cmake"
      VCPKG_CRT_LINKAGE: "dynamic"
      VCPKG_CXX_FLAGS: ""
      VCPKG_CXX_FLAGS_DEBUG: ""
      VCPKG_CXX_FLAGS_RELEASE: ""
      VCPKG_C_FLAGS: ""
      VCPKG_C_FLAGS_DEBUG: ""
      VCPKG_C_FLAGS_RELEASE: ""
      VCPKG_INSTALLED_DIR: "D:/Seneca/GPU/work/Final_Data_Analysis_Stock/vcpkg_installed"
      VCPKG_LINKER_FLAGS: ""
      VCPKG_LINKER_FLAGS_DEBUG: ""
      VCPKG_LINKER_FLAGS_RELEASE: ""
      VCPKG_PLATFORM_TOOLSET: "v143"
      VCPKG_PREFER_SYSTEM_LIBS: "OFF"
      VCPKG_SET_CHARSET_FLAG: "ON"
      VCPKG_TARGET_ARCHITECTURE: "x64"
      VCPKG_TARGET_TRIPLET: "x64-windows"
      Z_VCPKG_ROOT_DIR: "C:/Program Files/Microsoft Visual Studio/2022/Enterprise/VC/vcpkg"
    buildResult:
      variable: "HAVE_SIZEOF_ADDRESS_FAMILY"
      cached: true
      stdout: |
        Change Dir: 'D:/Seneca/GPU/work/Final_Data_Analysis_Stock/vcpkg_installed/vcpkg/blds/curl/x64-windows-dbg/CMakeFiles/CMakeScratch/TryCompile-1py8pu'
        
        Run Build Command(s): "C:/Program Files/Microsoft Visual Studio/2022/Enterprise/Common7/IDE/CommonExtensions/Microsoft/CMake/Ninja/ninja.exe" -v cmTC_6892b
        [1/2] C:\\PROGRA~1\\MICROS~2\\2022\\ENTERP~1\\VC\\Tools\\MSVC\\1442~1.344\\bin\\Hostx64\\x64\\cl.exe  /nologo -DWIN32_LEAN_AND_MEAN  /nologo /DWIN32 /D_WINDOWS /utf-8 /MP   /D_DEBUG /MDd /Z7 /Ob0 /Od /RTC1  -MDd /showIncludes /FoCMakeFiles\\cmTC_6892b.dir\\SIZEOF_ADDRESS_FAMILY.c.obj /FdCMakeFiles\\cmTC_6892b.dir\\ /FS -c D:\\Seneca\\GPU\\work\\Final_Data_Analysis_Stock\\vcpkg_installed\\vcpkg\\blds\\curl\\x64-windows-dbg\\CMakeFiles\\CMakeScratch\\TryCompile-1py8pu\\SIZEOF_ADDRESS_FAMILY.c
        [2/2] C:\\Windows\\system32\\cmd.exe /C "cd . && "C:\\Program Files\\Microsoft Visual Studio\\2022\\Enterprise\\Common7\\IDE\\CommonExtensions\\Microsoft\\CMake\\CMake\\bin\\cmake.exe" -E vs_link_exe --intdir=CMakeFiles\\cmTC_6892b.dir --rc=C:\\PROGRA~2\\WI3CF2~1\\10\\bin\\100261~1.0\\x64\\rc.exe --mt=C:\\PROGRA~2\\WI3CF2~1\\10\\bin\\100261~1.0\\x64\\mt.exe --manifests  -- C:\\PROGRA~1\\MICROS~2\\2022\\ENTERP~1\\VC\\Tools\\MSVC\\1442~1.344\\bin\\Hostx64\\x64\\link.exe /nologo CMakeFiles\\cmTC_6892b.dir\\SIZEOF_ADDRESS_FAMILY.c.obj  /out:cmTC_6892b.exe /implib:cmTC_6892b.lib /pdb:cmTC_6892b.pdb /version:0.0 /machine:x64  /nologo    /debug /INCREMENTAL /subsystem:console  ws2_32.lib  kernel32.lib user32.lib gdi32.lib winspool.lib shell32.lib ole32.lib oleaut32.lib uuid.lib comdlg32.lib advapi32.lib && cd ."
        
      exitCode: 0
  -
    kind: "try_compile-v1"
    backtrace:
      - "C:/Program Files/Microsoft Visual Studio/2022/Enterprise/Common7/IDE/CommonExtensions/Microsoft/CMake/CMake/share/cmake-3.29/Modules/CheckTypeSize.cmake:146 (try_compile)"
      - "C:/Program Files/Microsoft Visual Studio/2022/Enterprise/Common7/IDE/CommonExtensions/Microsoft/CMake/CMake/share/cmake-3.29/Modules/CheckTypeSize.cmake:271 (__check_type_size_impl)"
      - "CMakeLists.txt:1691 (check_type_size)"
    checks:
      - "Check size of off_t"
    directories:
      source: "D:/Seneca/GPU/work/Final_Data_Analysis_Stock/vcpkg_installed/vcpkg/blds/curl/x64-windows-dbg/CMakeFiles/CMakeScratch/TryCompile-wytve0"
      binary: "D:/Seneca/GPU/work/Final_Data_Analysis_Stock/vcpkg_installed/vcpkg/blds/curl/x64-windows-dbg/CMakeFiles/CMakeScratch/TryCompile-wytve0"
    cmakeVariables:
      CMAKE_C_FLAGS: " /nologo /DWIN32 /D_WINDOWS /utf-8 /MP "
      CMAKE_C_FLAGS_DEBUG: "/D_DEBUG /MDd /Z7 /Ob0 /Od /RTC1 "
      CMAKE_EXE_LINKER_FLAGS: "/machine:x64"
      CMAKE_MODULE_PATH: "D:/Seneca/GPU/work/Final_Data_Analysis_Stock/vcpkg_installed/vcpkg/blds/curl/src/url-8_11_0-2be05894fb.clean/CMake;"
      CMAKE_MSVC_DEBUG_INFORMATION_FORMAT: ""
      CMAKE_MSVC_RUNTIME_LIBRARY: "MultiThreaded$<$<CONFIG:Debug>:Debug>$<$<STREQUAL:dynamic,dynamic>:DLL>"
      VCPKG_CHAINLOAD_TOOLCHAIN_FILE: "C:/Program Files/Microsoft Visual Studio/2022/Enterprise/VC/vcpkg/scripts/toolchains/windows.cmake"
      VCPKG_CRT_LINKAGE: "dynamic"
      VCPKG_CXX_FLAGS: ""
      VCPKG_CXX_FLAGS_DEBUG: ""
      VCPKG_CXX_FLAGS_RELEASE: ""
      VCPKG_C_FLAGS: ""
      VCPKG_C_FLAGS_DEBUG: ""
      VCPKG_C_FLAGS_RELEASE: ""
      VCPKG_INSTALLED_DIR: "D:/Seneca/GPU/work/Final_Data_Analysis_Stock/vcpkg_installed"
      VCPKG_LINKER_FLAGS: ""
      VCPKG_LINKER_FLAGS_DEBUG: ""
      VCPKG_LINKER_FLAGS_RELEASE: ""
      VCPKG_PLATFORM_TOOLSET: "v143"
      VCPKG_PREFER_SYSTEM_LIBS: "OFF"
      VCPKG_SET_CHARSET_FLAG: "ON"
      VCPKG_TARGET_ARCHITECTURE: "x64"
      VCPKG_TARGET_TRIPLET: "x64-windows"
      Z_VCPKG_ROOT_DIR: "C:/Program Files/Microsoft Visual Studio/2022/Enterprise/VC/vcpkg"
    buildResult:
      variable: "HAVE_SIZEOF_OFF_T"
      cached: true
      stdout: |
        Change Dir: 'D:/Seneca/GPU/work/Final_Data_Analysis_Stock/vcpkg_installed/vcpkg/blds/curl/x64-windows-dbg/CMakeFiles/CMakeScratch/TryCompile-wytve0'
        
        Run Build Command(s): "C:/Program Files/Microsoft Visual Studio/2022/Enterprise/Common7/IDE/CommonExtensions/Microsoft/CMake/Ninja/ninja.exe" -v cmTC_df1bd
        [1/2] C:\\PROGRA~1\\MICROS~2\\2022\\ENTERP~1\\VC\\Tools\\MSVC\\1442~1.344\\bin\\Hostx64\\x64\\cl.exe  /nologo -DWIN32_LEAN_AND_MEAN  /nologo /DWIN32 /D_WINDOWS /utf-8 /MP   /D_DEBUG /MDd /Z7 /Ob0 /Od /RTC1  -MDd /showIncludes /FoCMakeFiles\\cmTC_df1bd.dir\\SIZEOF_OFF_T.c.obj /FdCMakeFiles\\cmTC_df1bd.dir\\ /FS -c D:\\Seneca\\GPU\\work\\Final_Data_Analysis_Stock\\vcpkg_installed\\vcpkg\\blds\\curl\\x64-windows-dbg\\CMakeFiles\\CMakeScratch\\TryCompile-wytve0\\SIZEOF_OFF_T.c
        [2/2] C:\\Windows\\system32\\cmd.exe /C "cd . && "C:\\Program Files\\Microsoft Visual Studio\\2022\\Enterprise\\Common7\\IDE\\CommonExtensions\\Microsoft\\CMake\\CMake\\bin\\cmake.exe" -E vs_link_exe --intdir=CMakeFiles\\cmTC_df1bd.dir --rc=C:\\PROGRA~2\\WI3CF2~1\\10\\bin\\100261~1.0\\x64\\rc.exe --mt=C:\\PROGRA~2\\WI3CF2~1\\10\\bin\\100261~1.0\\x64\\mt.exe --manifests  -- C:\\PROGRA~1\\MICROS~2\\2022\\ENTERP~1\\VC\\Tools\\MSVC\\1442~1.344\\bin\\Hostx64\\x64\\link.exe /nologo CMakeFiles\\cmTC_df1bd.dir\\SIZEOF_OFF_T.c.obj  /out:cmTC_df1bd.exe /implib:cmTC_df1bd.lib /pdb:cmTC_df1bd.pdb /version:0.0 /machine:x64  /nologo    /debug /INCREMENTAL /subsystem:console  ws2_32.lib  kernel32.lib user32.lib gdi32.lib winspool.lib shell32.lib ole32.lib oleaut32.lib uuid.lib comdlg32.lib advapi32.lib && cd ."
        
      exitCode: 0
  -
    kind: "try_compile-v1"
    backtrace:
      - "C:/Program Files/Microsoft Visual Studio/2022/Enterprise/Common7/IDE/CommonExtensions/Microsoft/CMake/CMake/share/cmake-3.29/Modules/CheckTypeSize.cmake:146 (try_compile)"
      - "C:/Program Files/Microsoft Visual Studio/2022/Enterprise/Common7/IDE/CommonExtensions/Microsoft/CMake/CMake/share/cmake-3.29/Modules/CheckTypeSize.cmake:271 (__check_type_size_impl)"
      - "CMakeLists.txt:1706 (check_type_size)"
    checks:
      - "Check size of curl_off_t"
    directories:
      source: "D:/Seneca/GPU/work/Final_Data_Analysis_Stock/vcpkg_installed/vcpkg/blds/curl/x64-windows-dbg/CMakeFiles/CMakeScratch/TryCompile-rigoya"
      binary: "D:/Seneca/GPU/work/Final_Data_Analysis_Stock/vcpkg_installed/vcpkg/blds/curl/x64-windows-dbg/CMakeFiles/CMakeScratch/TryCompile-rigoya"
    cmakeVariables:
      CMAKE_C_FLAGS: " /nologo /DWIN32 /D_WINDOWS /utf-8 /MP "
      CMAKE_C_FLAGS_DEBUG: "/D_DEBUG /MDd /Z7 /Ob0 /Od /RTC1 "
      CMAKE_EXE_LINKER_FLAGS: "/machine:x64"
      CMAKE_MODULE_PATH: "D:/Seneca/GPU/work/Final_Data_Analysis_Stock/vcpkg_installed/vcpkg/blds/curl/src/url-8_11_0-2be05894fb.clean/CMake;"
      CMAKE_MSVC_DEBUG_INFORMATION_FORMAT: ""
      CMAKE_MSVC_RUNTIME_LIBRARY: "MultiThreaded$<$<CONFIG:Debug>:Debug>$<$<STREQUAL:dynamic,dynamic>:DLL>"
      VCPKG_CHAINLOAD_TOOLCHAIN_FILE: "C:/Program Files/Microsoft Visual Studio/2022/Enterprise/VC/vcpkg/scripts/toolchains/windows.cmake"
      VCPKG_CRT_LINKAGE: "dynamic"
      VCPKG_CXX_FLAGS: ""
      VCPKG_CXX_FLAGS_DEBUG: ""
      VCPKG_CXX_FLAGS_RELEASE: ""
      VCPKG_C_FLAGS: ""
      VCPKG_C_FLAGS_DEBUG: ""
      VCPKG_C_FLAGS_RELEASE: ""
      VCPKG_INSTALLED_DIR: "D:/Seneca/GPU/work/Final_Data_Analysis_Stock/vcpkg_installed"
      VCPKG_LINKER_FLAGS: ""
      VCPKG_LINKER_FLAGS_DEBUG: ""
      VCPKG_LINKER_FLAGS_RELEASE: ""
      VCPKG_PLATFORM_TOOLSET: "v143"
      VCPKG_PREFER_SYSTEM_LIBS: "OFF"
      VCPKG_SET_CHARSET_FLAG: "ON"
      VCPKG_TARGET_ARCHITECTURE: "x64"
      VCPKG_TARGET_TRIPLET: "x64-windows"
      Z_VCPKG_ROOT_DIR: "C:/Program Files/Microsoft Visual Studio/2022/Enterprise/VC/vcpkg"
    buildResult:
      variable: "HAVE_SIZEOF_CURL_OFF_T"
      cached: true
      stdout: |
        Change Dir: 'D:/Seneca/GPU/work/Final_Data_Analysis_Stock/vcpkg_installed/vcpkg/blds/curl/x64-windows-dbg/CMakeFiles/CMakeScratch/TryCompile-rigoya'
        
        Run Build Command(s): "C:/Program Files/Microsoft Visual Studio/2022/Enterprise/Common7/IDE/CommonExtensions/Microsoft/CMake/Ninja/ninja.exe" -v cmTC_166b1
        [1/2] C:\\PROGRA~1\\MICROS~2\\2022\\ENTERP~1\\VC\\Tools\\MSVC\\1442~1.344\\bin\\Hostx64\\x64\\cl.exe  /nologo -DWIN32_LEAN_AND_MEAN -ID:\\Seneca\\GPU\\work\\Final_Data_Analysis_Stock\\vcpkg_installed\\vcpkg\\blds\\curl\\src\\url-8_11_0-2be05894fb.clean\\include /nologo /DWIN32 /D_WINDOWS /utf-8 /MP   /D_DEBUG /MDd /Z7 /Ob0 /Od /RTC1  -MDd /showIncludes /FoCMakeFiles\\cmTC_166b1.dir\\SIZEOF_CURL_OFF_T.c.obj /FdCMakeFiles\\cmTC_166b1.dir\\ /FS -c D:\\Seneca\\GPU\\work\\Final_Data_Analysis_Stock\\vcpkg_installed\\vcpkg\\blds\\curl\\x64-windows-dbg\\CMakeFiles\\CMakeScratch\\TryCompile-rigoya\\SIZEOF_CURL_OFF_T.c
        [2/2] C:\\Windows\\system32\\cmd.exe /C "cd . && "C:\\Program Files\\Microsoft Visual Studio\\2022\\Enterprise\\Common7\\IDE\\CommonExtensions\\Microsoft\\CMake\\CMake\\bin\\cmake.exe" -E vs_link_exe --intdir=CMakeFiles\\cmTC_166b1.dir --rc=C:\\PROGRA~2\\WI3CF2~1\\10\\bin\\100261~1.0\\x64\\rc.exe --mt=C:\\PROGRA~2\\WI3CF2~1\\10\\bin\\100261~1.0\\x64\\mt.exe --manifests  -- C:\\PROGRA~1\\MICROS~2\\2022\\ENTERP~1\\VC\\Tools\\MSVC\\1442~1.344\\bin\\Hostx64\\x64\\link.exe /nologo CMakeFiles\\cmTC_166b1.dir\\SIZEOF_CURL_OFF_T.c.obj  /out:cmTC_166b1.exe /implib:cmTC_166b1.lib /pdb:cmTC_166b1.pdb /version:0.0 /machine:x64  /nologo    /debug /INCREMENTAL /subsystem:console  ws2_32.lib  kernel32.lib user32.lib gdi32.lib winspool.lib shell32.lib ole32.lib oleaut32.lib uuid.lib comdlg32.lib advapi32.lib && cd ."
        
      exitCode: 0
  -
    kind: "try_compile-v1"
    backtrace:
      - "C:/Program Files/Microsoft Visual Studio/2022/Enterprise/Common7/IDE/CommonExtensions/Microsoft/CMake/CMake/share/cmake-3.29/Modules/CheckTypeSize.cmake:146 (try_compile)"
      - "C:/Program Files/Microsoft Visual Studio/2022/Enterprise/Common7/IDE/CommonExtensions/Microsoft/CMake/CMake/share/cmake-3.29/Modules/CheckTypeSize.cmake:271 (__check_type_size_impl)"
      - "CMakeLists.txt:1708 (check_type_size)"
    checks:
      - "Check size of curl_socket_t"
    directories:
      source: "D:/Seneca/GPU/work/Final_Data_Analysis_Stock/vcpkg_installed/vcpkg/blds/curl/x64-windows-dbg/CMakeFiles/CMakeScratch/TryCompile-tbw9im"
      binary: "D:/Seneca/GPU/work/Final_Data_Analysis_Stock/vcpkg_installed/vcpkg/blds/curl/x64-windows-dbg/CMakeFiles/CMakeScratch/TryCompile-tbw9im"
    cmakeVariables:
      CMAKE_C_FLAGS: " /nologo /DWIN32 /D_WINDOWS /utf-8 /MP "
      CMAKE_C_FLAGS_DEBUG: "/D_DEBUG /MDd /Z7 /Ob0 /Od /RTC1 "
      CMAKE_EXE_LINKER_FLAGS: "/machine:x64"
      CMAKE_MODULE_PATH: "D:/Seneca/GPU/work/Final_Data_Analysis_Stock/vcpkg_installed/vcpkg/blds/curl/src/url-8_11_0-2be05894fb.clean/CMake;"
      CMAKE_MSVC_DEBUG_INFORMATION_FORMAT: ""
      CMAKE_MSVC_RUNTIME_LIBRARY: "MultiThreaded$<$<CONFIG:Debug>:Debug>$<$<STREQUAL:dynamic,dynamic>:DLL>"
      VCPKG_CHAINLOAD_TOOLCHAIN_FILE: "C:/Program Files/Microsoft Visual Studio/2022/Enterprise/VC/vcpkg/scripts/toolchains/windows.cmake"
      VCPKG_CRT_LINKAGE: "dynamic"
      VCPKG_CXX_FLAGS: ""
      VCPKG_CXX_FLAGS_DEBUG: ""
      VCPKG_CXX_FLAGS_RELEASE: ""
      VCPKG_C_FLAGS: ""
      VCPKG_C_FLAGS_DEBUG: ""
      VCPKG_C_FLAGS_RELEASE: ""
      VCPKG_INSTALLED_DIR: "D:/Seneca/GPU/work/Final_Data_Analysis_Stock/vcpkg_installed"
      VCPKG_LINKER_FLAGS: ""
      VCPKG_LINKER_FLAGS_DEBUG: ""
      VCPKG_LINKER_FLAGS_RELEASE: ""
      VCPKG_PLATFORM_TOOLSET: "v143"
      VCPKG_PREFER_SYSTEM_LIBS: "OFF"
      VCPKG_SET_CHARSET_FLAG: "ON"
      VCPKG_TARGET_ARCHITECTURE: "x64"
      VCPKG_TARGET_TRIPLET: "x64-windows"
      Z_VCPKG_ROOT_DIR: "C:/Program Files/Microsoft Visual Studio/2022/Enterprise/VC/vcpkg"
    buildResult:
      variable: "HAVE_SIZEOF_CURL_SOCKET_T"
      cached: true
      stdout: |
        Change Dir: 'D:/Seneca/GPU/work/Final_Data_Analysis_Stock/vcpkg_installed/vcpkg/blds/curl/x64-windows-dbg/CMakeFiles/CMakeScratch/TryCompile-tbw9im'
        
        Run Build Command(s): "C:/Program Files/Microsoft Visual Studio/2022/Enterprise/Common7/IDE/CommonExtensions/Microsoft/CMake/Ninja/ninja.exe" -v cmTC_23bcc
        [1/2] C:\\PROGRA~1\\MICROS~2\\2022\\ENTERP~1\\VC\\Tools\\MSVC\\1442~1.344\\bin\\Hostx64\\x64\\cl.exe  /nologo -DWIN32_LEAN_AND_MEAN -ID:\\Seneca\\GPU\\work\\Final_Data_Analysis_Stock\\vcpkg_installed\\vcpkg\\blds\\curl\\src\\url-8_11_0-2be05894fb.clean\\include /nologo /DWIN32 /D_WINDOWS /utf-8 /MP   /D_DEBUG /MDd /Z7 /Ob0 /Od /RTC1  -MDd /showIncludes /FoCMakeFiles\\cmTC_23bcc.dir\\SIZEOF_CURL_SOCKET_T.c.obj /FdCMakeFiles\\cmTC_23bcc.dir\\ /FS -c D:\\Seneca\\GPU\\work\\Final_Data_Analysis_Stock\\vcpkg_installed\\vcpkg\\blds\\curl\\x64-windows-dbg\\CMakeFiles\\CMakeScratch\\TryCompile-tbw9im\\SIZEOF_CURL_SOCKET_T.c
        [2/2] C:\\Windows\\system32\\cmd.exe /C "cd . && "C:\\Program Files\\Microsoft Visual Studio\\2022\\Enterprise\\Common7\\IDE\\CommonExtensions\\Microsoft\\CMake\\CMake\\bin\\cmake.exe" -E vs_link_exe --intdir=CMakeFiles\\cmTC_23bcc.dir --rc=C:\\PROGRA~2\\WI3CF2~1\\10\\bin\\100261~1.0\\x64\\rc.exe --mt=C:\\PROGRA~2\\WI3CF2~1\\10\\bin\\100261~1.0\\x64\\mt.exe --manifests  -- C:\\PROGRA~1\\MICROS~2\\2022\\ENTERP~1\\VC\\Tools\\MSVC\\1442~1.344\\bin\\Hostx64\\x64\\link.exe /nologo CMakeFiles\\cmTC_23bcc.dir\\SIZEOF_CURL_SOCKET_T.c.obj  /out:cmTC_23bcc.exe /implib:cmTC_23bcc.lib /pdb:cmTC_23bcc.pdb /version:0.0 /machine:x64  /nologo    /debug /INCREMENTAL /subsystem:console  ws2_32.lib  kernel32.lib user32.lib gdi32.lib winspool.lib shell32.lib ole32.lib oleaut32.lib uuid.lib comdlg32.lib advapi32.lib && cd ."
        
      exitCode: 0
...
