[1/2] "C:/Program Files/Microsoft Visual Studio/2022/Enterprise/Common7/IDE/CommonExtensions/Microsoft/CMake/CMake/bin/cmake.exe" -E chdir ".." "C:/Program Files/Microsoft Visual Studio/2022/Enterprise/Common7/IDE/CommonExtensions/Microsoft/CMake/CMake/bin/cmake.exe" "D:/Seneca/GPU/work/Final_Data_Analysis_Stock/vcpkg_installed/vcpkg/blds/curl/src/url-8_11_0-2be05894fb.clean" "-G" "Ninja" "-DCMAKE_BUILD_TYPE=Release" "-DCMAKE_INSTALL_PREFIX=D:/Seneca/GPU/work/Final_Data_Analysis_Stock/vcpkg_installed/vcpkg/pkgs/curl_x64-windows" "-DFETCHCONTENT_FULLY_DISCONNECTED=ON" "-DCMAKE_PROJECT_INCLUDE=C:/Users/10123/AppData/Local/vcpkg/registries/git-trees/6ef1763f3cbe570d6378632c9b5793479c37fb07/cmake-project-include.cmake" "-DPKG_CONFIG_EXECUTABLE=C:/Users/10123/AppData/Local/vcpkg/downloads/tools/msys2/1e74ca60daa10104/mingw64/bin/pkg-config.exe" "-DUSE_NGHTTP2=OFF" "-DCURL_USE_WOLFSSL=OFF" "-DCURL_USE_OPENSSL=OFF" "-DCURL_USE_MBEDTLS=OFF" "-DCURL_USE_LIBSSH2=OFF" "-DBUILD_CURL_EXE=OFF" "-DENABLE_ARES=OFF" "-DCURL_WINDOWS_SSPI=ON" "-DCURL_BROTLI=OFF" "-DCURL_USE_SCHANNEL=ON" "-DCURL_USE_SECTRANSP=OFF" "-DUSE_LIBIDN2=OFF" "-DUSE_WIN32_IDN=OFF" "-DCURL_ZSTD=OFF" "-DCURL_USE_LIBPSL=OFF" "-DCURL_USE_GSSAPI=OFF" "-DCURL_USE_GSASL=OFF" "-DCURL_USE_GNUTLS=OFF" "-DCURL_DISABLE_LDAP=ON" "-DCURL_DISABLE_LDAPS=ON" "-DHTTP_ONLY=OFF" "-DCURL_DISABLE_WEBSOCKETS=ON" "-DENABLE_UNICODE=ON" "-DBUILD_TESTING=OFF" "-DENABLE_CURL_MANUAL=OFF" "-DCURL_CA_FALLBACK=ON" "-DCURL_USE_PKGCONFIG=OFF" "-DCMAKE_DISABLE_FIND_PACKAGE_Perl=ON" "-DCMAKE_MAKE_PROGRAM=C:/Program Files/Microsoft Visual Studio/2022/Enterprise/Common7/IDE/CommonExtensions/Microsoft/CMake/Ninja/ninja.exe" "-DBUILD_SHARED_LIBS=ON" "-DVCPKG_CHAINLOAD_TOOLCHAIN_FILE=C:/Program Files/Microsoft Visual Studio/2022/Enterprise/VC/vcpkg/scripts/toolchains/windows.cmake" "-DVCPKG_TARGET_TRIPLET=x64-windows" "-DVCPKG_SET_CHARSET_FLAG=ON" "-DVCPKG_PLATFORM_TOOLSET=v143" "-DCMAKE_EXPORT_NO_PACKAGE_REGISTRY=ON" "-DCMAKE_FIND_PACKAGE_NO_PACKAGE_REGISTRY=ON" "-DCMAKE_FIND_PACKAGE_NO_SYSTEM_PACKAGE_REGISTRY=ON" "-DCMAKE_INSTALL_SYSTEM_RUNTIME_LIBS_SKIP=TRUE" "-DCMAKE_VERBOSE_MAKEFILE=ON" "-DVCPKG_APPLOCAL_DEPS=OFF" "-DCMAKE_TOOLCHAIN_FILE=C:/Program Files/Microsoft Visual Studio/2022/Enterprise/VC/vcpkg/scripts/buildsystems/vcpkg.cmake" "-DCMAKE_ERROR_ON_ABSOLUTE_INSTALL_DESTINATION=ON" "-DVCPKG_CXX_FLAGS=" "-DVCPKG_CXX_FLAGS_RELEASE=" "-DVCPKG_CXX_FLAGS_DEBUG=" "-DVCPKG_C_FLAGS=" "-DVCPKG_C_FLAGS_RELEASE=" "-DVCPKG_C_FLAGS_DEBUG=" "-DVCPKG_CRT_LINKAGE=dynamic" "-DVCPKG_LINKER_FLAGS=" "-DVCPKG_LINKER_FLAGS_RELEASE=" "-DVCPKG_LINKER_FLAGS_DEBUG=" "-DVCPKG_TARGET_ARCHITECTURE=x64" "-DCMAKE_INSTALL_LIBDIR:STRING=lib" "-DCMAKE_INSTALL_BINDIR:STRING=bin" "-D_VCPKG_ROOT_DIR=C:/Program Files/Microsoft Visual Studio/2022/Enterprise/VC/vcpkg" "-D_VCPKG_INSTALLED_DIR=D:/Seneca/GPU/work/Final_Data_Analysis_Stock/vcpkg_installed" "-DVCPKG_MANIFEST_INSTALL=OFF"
-- Using CMake version 3.29.5-msvc4
-- curl version=[8.11.0-DEV]
-- The C compiler identification is MSVC 19.42.34435.0
-- Detecting C compiler ABI info
-- Detecting C compiler ABI info - done
-- Check for working C compiler: C:/Program Files/Microsoft Visual Studio/2022/Enterprise/VC/Tools/MSVC/14.42.34433/bin/Hostx64/x64/cl.exe - skipped
-- Detecting C compile features
-- Detecting C compile features - done
-- CMake platform flags: WIN32 MSVC VCPKG
-- Performing Test HAVE_WIN32_WINNT
-- Performing Test HAVE_WIN32_WINNT - Success
-- Found _WIN32_WINNT=0x0a00
CMake Warning at CMakeLists.txt:446 (message):
  Perl not found.  Will not build manuals.


-- Found ZLIB: optimized;D:/Seneca/GPU/work/Final_Data_Analysis_Stock/vcpkg_installed/x64-windows/lib/zlib.lib;debug;D:/Seneca/GPU/work/Final_Data_Analysis_Stock/vcpkg_installed/x64-windows/debug/lib/zlibd.lib (found version "1.3.1")
-- Looking for stdint.h
-- Looking for stdint.h - found
-- Check size of size_t
-- Check size of size_t - done
-- Check size of ssize_t
-- Check size of ssize_t - failed
-- Check size of long long
-- Check size of long long - done
-- Check size of long
-- Check size of long - done
-- Check size of int
-- Check size of int - done
-- Check size of __int64
-- Check size of __int64 - done
-- Check size of time_t
-- Check size of time_t - done
-- Check size of ADDRESS_FAMILY
-- Check size of ADDRESS_FAMILY - done
-- Check size of off_t
-- Check size of off_t - done
-- Check size of curl_off_t
-- Check size of curl_off_t - done
-- Check size of curl_socket_t
-- Check size of curl_socket_t - done
-- Protocols: dict file ftp ftps gopher gophers http https imap imaps ipfs ipns mqtt pop3 pop3s rtsp smb smbs smtp smtps telnet tftp
-- Features: alt-svc AsynchDNS HSTS HTTPS-proxy IPv6 Kerberos Largefile libz NTLM SPNEGO SSL SSPI threadsafe Unicode UnixSockets
-- Enabled SSL backends: Schannel
-- Configuring done (6.9s)
-- Generating done (0.1s)
CMake Warning:
  Manually-specified variables were not used by the project:

    FETCHCONTENT_FULLY_DISCONNECTED
    PKG_CONFIG_EXECUTABLE
    _VCPKG_ROOT_DIR


-- Build files have been written to: D:/Seneca/GPU/work/Final_Data_Analysis_Stock/vcpkg_installed/vcpkg/blds/curl/x64-windows-rel
[2/2] "C:/Program Files/Microsoft Visual Studio/2022/Enterprise/Common7/IDE/CommonExtensions/Microsoft/CMake/CMake/bin/cmake.exe" -E chdir "../../x64-windows-dbg" "C:/Program Files/Microsoft Visual Studio/2022/Enterprise/Common7/IDE/CommonExtensions/Microsoft/CMake/CMake/bin/cmake.exe" "D:/Seneca/GPU/work/Final_Data_Analysis_Stock/vcpkg_installed/vcpkg/blds/curl/src/url-8_11_0-2be05894fb.clean" "-G" "Ninja" "-DCMAKE_BUILD_TYPE=Debug" "-DCMAKE_INSTALL_PREFIX=D:/Seneca/GPU/work/Final_Data_Analysis_Stock/vcpkg_installed/vcpkg/pkgs/curl_x64-windows/debug" "-DFETCHCONTENT_FULLY_DISCONNECTED=ON" "-DCMAKE_PROJECT_INCLUDE=C:/Users/10123/AppData/Local/vcpkg/registries/git-trees/6ef1763f3cbe570d6378632c9b5793479c37fb07/cmake-project-include.cmake" "-DPKG_CONFIG_EXECUTABLE=C:/Users/10123/AppData/Local/vcpkg/downloads/tools/msys2/1e74ca60daa10104/mingw64/bin/pkg-config.exe" "-DUSE_NGHTTP2=OFF" "-DCURL_USE_WOLFSSL=OFF" "-DCURL_USE_OPENSSL=OFF" "-DCURL_USE_MBEDTLS=OFF" "-DCURL_USE_LIBSSH2=OFF" "-DBUILD_CURL_EXE=OFF" "-DENABLE_ARES=OFF" "-DCURL_WINDOWS_SSPI=ON" "-DCURL_BROTLI=OFF" "-DCURL_USE_SCHANNEL=ON" "-DCURL_USE_SECTRANSP=OFF" "-DUSE_LIBIDN2=OFF" "-DUSE_WIN32_IDN=OFF" "-DCURL_ZSTD=OFF" "-DCURL_USE_LIBPSL=OFF" "-DCURL_USE_GSSAPI=OFF" "-DCURL_USE_GSASL=OFF" "-DCURL_USE_GNUTLS=OFF" "-DCURL_DISABLE_LDAP=ON" "-DCURL_DISABLE_LDAPS=ON" "-DHTTP_ONLY=OFF" "-DCURL_DISABLE_WEBSOCKETS=ON" "-DENABLE_UNICODE=ON" "-DBUILD_TESTING=OFF" "-DENABLE_CURL_MANUAL=OFF" "-DCURL_CA_FALLBACK=ON" "-DCURL_USE_PKGCONFIG=OFF" "-DCMAKE_DISABLE_FIND_PACKAGE_Perl=ON" "-DCMAKE_MAKE_PROGRAM=C:/Program Files/Microsoft Visual Studio/2022/Enterprise/Common7/IDE/CommonExtensions/Microsoft/CMake/Ninja/ninja.exe" "-DBUILD_SHARED_LIBS=ON" "-DVCPKG_CHAINLOAD_TOOLCHAIN_FILE=C:/Program Files/Microsoft Visual Studio/2022/Enterprise/VC/vcpkg/scripts/toolchains/windows.cmake" "-DVCPKG_TARGET_TRIPLET=x64-windows" "-DVCPKG_SET_CHARSET_FLAG=ON" "-DVCPKG_PLATFORM_TOOLSET=v143" "-DCMAKE_EXPORT_NO_PACKAGE_REGISTRY=ON" "-DCMAKE_FIND_PACKAGE_NO_PACKAGE_REGISTRY=ON" "-DCMAKE_FIND_PACKAGE_NO_SYSTEM_PACKAGE_REGISTRY=ON" "-DCMAKE_INSTALL_SYSTEM_RUNTIME_LIBS_SKIP=TRUE" "-DCMAKE_VERBOSE_MAKEFILE=ON" "-DVCPKG_APPLOCAL_DEPS=OFF" "-DCMAKE_TOOLCHAIN_FILE=C:/Program Files/Microsoft Visual Studio/2022/Enterprise/VC/vcpkg/scripts/buildsystems/vcpkg.cmake" "-DCMAKE_ERROR_ON_ABSOLUTE_INSTALL_DESTINATION=ON" "-DVCPKG_CXX_FLAGS=" "-DVCPKG_CXX_FLAGS_RELEASE=" "-DVCPKG_CXX_FLAGS_DEBUG=" "-DVCPKG_C_FLAGS=" "-DVCPKG_C_FLAGS_RELEASE=" "-DVCPKG_C_FLAGS_DEBUG=" "-DVCPKG_CRT_LINKAGE=dynamic" "-DVCPKG_LINKER_FLAGS=" "-DVCPKG_LINKER_FLAGS_RELEASE=" "-DVCPKG_LINKER_FLAGS_DEBUG=" "-DVCPKG_TARGET_ARCHITECTURE=x64" "-DCMAKE_INSTALL_LIBDIR:STRING=lib" "-DCMAKE_INSTALL_BINDIR:STRING=bin" "-D_VCPKG_ROOT_DIR=C:/Program Files/Microsoft Visual Studio/2022/Enterprise/VC/vcpkg" "-D_VCPKG_INSTALLED_DIR=D:/Seneca/GPU/work/Final_Data_Analysis_Stock/vcpkg_installed" "-DVCPKG_MANIFEST_INSTALL=OFF"
-- Using CMake version 3.29.5-msvc4
-- curl version=[8.11.0-DEV]
-- The C compiler identification is MSVC 19.42.34435.0
-- Detecting C compiler ABI info
-- Detecting C compiler ABI info - done
-- Check for working C compiler: C:/Program Files/Microsoft Visual Studio/2022/Enterprise/VC/Tools/MSVC/14.42.34433/bin/Hostx64/x64/cl.exe - skipped
-- Detecting C compile features
-- Detecting C compile features - done
-- CMake platform flags: WIN32 MSVC VCPKG
-- Performing Test HAVE_WIN32_WINNT
-- Performing Test HAVE_WIN32_WINNT - Success
-- Found _WIN32_WINNT=0x0a00
CMake Warning at CMakeLists.txt:446 (message):
  Perl not found.  Will not build manuals.


-- Found ZLIB: optimized;D:/Seneca/GPU/work/Final_Data_Analysis_Stock/vcpkg_installed/x64-windows/lib/zlib.lib;debug;D:/Seneca/GPU/work/Final_Data_Analysis_Stock/vcpkg_installed/x64-windows/debug/lib/zlibd.lib (found version "1.3.1")
-- Looking for stdint.h
-- Looking for stdint.h - found
-- Check size of size_t
-- Check size of size_t - done
-- Check size of ssize_t
-- Check size of ssize_t - failed
-- Check size of long long
-- Check size of long long - done
-- Check size of long
-- Check size of long - done
-- Check size of int
-- Check size of int - done
-- Check size of __int64
-- Check size of __int64 - done
-- Check size of time_t
-- Check size of time_t - done
-- Check size of ADDRESS_FAMILY
-- Check size of ADDRESS_FAMILY - done
-- Check size of off_t
-- Check size of off_t - done
-- Check size of curl_off_t
-- Check size of curl_off_t - done
-- Check size of curl_socket_t
-- Check size of curl_socket_t - done
-- Protocols: dict file ftp ftps gopher gophers http https imap imaps ipfs ipns mqtt pop3 pop3s rtsp smb smbs smtp smtps telnet tftp
-- Features: alt-svc AsynchDNS HSTS HTTPS-proxy IPv6 Kerberos Largefile libz NTLM SPNEGO SSL SSPI threadsafe Unicode UnixSockets
-- Enabled SSL backends: Schannel
-- Configuring done (6.9s)
-- Generating done (0.1s)
CMake Warning:
  Manually-specified variables were not used by the project:

    FETCHCONTENT_FULLY_DISCONNECTED
    PKG_CONFIG_EXECUTABLE
    _VCPKG_ROOT_DIR


-- Build files have been written to: D:/Seneca/GPU/work/Final_Data_Analysis_Stock/vcpkg_installed/vcpkg/blds/curl/x64-windows-dbg
