cl : Command line warning D9002 : ignoring unknown option '-Xcompiler'
cl : Command line warning D9002 : ignoring unknown option '-Xcompiler'
cl : Command line warning D9002 : ignoring unknown option '-Xcompiler'
cl : Command line warning D9002 : ignoring unknown option '-Xcompiler'
cl : Command line warning D9002 : ignoring unknown option '-Xcompiler'
cl : Command line warning D9002 : ignoring unknown option '-Xcompiler'
cl : Command line warning D9002 : ignoring unknown option '-Xcompiler'
cl : Command line warning D9002 : ignoring unknown option '-Xcompiler'
cl : Command line warning D9002 : ignoring unknown option '-Xcompiler'
cl : Command line warning D9002 : ignoring unknown option '-Xcompiler'
cl : Command line warning D9002 : ignoring unknown option '-Xcompiler'
cl : Command line warning D9002 : cl : Command line warning D9002 : ignoring unknown option '-Xcompiler'ignoring unknown option '-Xcompiler'

cl : Command line warning D9002 : cl : Command line warning D9002 : ignoring unknown option '-Xcompiler'ignoring unknown option '-Xcompiler'

cl : Command line warning D9002 : cl : Command line warning D9002 : ignoring unknown option '-Xcompiler'ignoring unknown option '-Xcompiler'

cl : Command line warning D9002 : cl : Command line warning D9002 : ignoring unknown option '-Xcompiler'ignoring unknown option '-Xcompiler'

cl : Command line warning D9002 : cl : Command line warning D9002 : ignoring unknown option '-Xcompiler'ignoring unknown option '-Xcompiler'

cl : Command line warning D9002 : ignoring unknown option '-Xcompiler'
cl : Command line warning D9002 : ignoring unknown option '-Xcompiler'
cl : Command line warning D9002 : ignoring unknown option '-Xcompiler'
cl : Command line warning D9002 : ignoring unknown option '-Xcompiler'
cl : Command line warning D9002 : ignoring unknown option '-Xcompiler'
cl : Command line warning D9002 : ignoring unknown option '-Xcompiler'
cl : Command line warning D9002 : ignoring unknown option '-Xcompiler'
cl : Command line warning D9002 : ignoring unknown option '-Xcompiler'
cl : Command line warning D9002 : ignoring unknown option '-Xcompiler'
cl : Command line warning D9002 : ignoring unknown option '-Xcompiler'
cl : Command line warning D9002 : ignoring unknown option '-Xcompiler'
cl : Command line warning D9002 : ignoring unknown option '-Xcompiler'
cl : Command line warning D9002 : ignoring unknown option '-Xcompiler'
cl : Command line warning D9002 : ignoring unknown option '-Xcompiler'
cl : Command line warning D9002 : ignoring unknown option '-Xcompiler'
cl : Command line warning D9002 : ignoring unknown option '-Xcompiler'
cl : Command line warning D9002 : ignoring unknown option '-Xcompiler'
cl : Command line warning D9002 : ignoring unknown option '-Xcompiler'
cl : Command line warning D9002 : ignoring unknown option '-Xcompiler'
cl : Command line warning D9002 : ignoring unknown option '-Xcompiler'
cl : Command line warning D9002 : ignoring unknown option '-Xcompiler'
cl : Command line warning D9002 : ignoring unknown option '-Xcompiler'
cl : Command line warning D9002 : ignoring unknown option '-Xcompiler'
cl : Command line warning D9002 : ignoring unknown option '-Xcompiler'cl : Command line warning D9002 : 
ignoring unknown option '-Xcompiler'
cl : Command line warning D9002 : cl : Command line warning D9002 : ignoring unknown option '-Xcompiler'ignoring unknown option '-Xcompiler'

cl : Command line warning D9002 : ignoring unknown option '-Xcompiler'cl : Command line warning D9002 : 
ignoring unknown option '-Xcompiler'cl : Command line warning D9002 : 
ignoring unknown option '-Xcompiler'cl : Command line warning D9002 : 
ignoring unknown option '-Xcompiler'
cl : Command line warning D9002 : ignoring unknown option '-Xcompiler'
cl : Command line warning D9002 : ignoring unknown option '-Xcompiler'
cl : Command line warning D9002 : ignoring unknown option '-Xcompiler'
cl : Command line warning D9002 : ignoring unknown option '-Xcompiler'
cl : Command line warning D9002 : ignoring unknown option '-Xcompiler'
cl : Command line warning D9002 : ignoring unknown option '-Xcompiler'
cl : Command line warning D9002 : ignoring unknown option '-Xcompiler'
cl : Command line warning D9002 : ignoring unknown option '-Xcompiler'
cl : Command line warning D9002 : ignoring unknown option '-Xcompiler'
cl : Command line warning D9002 : ignoring unknown option '-Xcompiler'
cl : Command line warning D9002 : ignoring unknown option '-Xcompiler'
cl : Command line warning D9002 : ignoring unknown option '-Xcompiler'
cl : Command line warning D9002 : ignoring unknown option '-Xcompiler'
cl : Command line warning D9002 : ignoring unknown option '-Xcompiler'
cl : Command line warning D9002 : ignoring unknown option '-Xcompiler'
cl : Command line warning D9002 : ignoring unknown option '-Xcompiler'
cl : Command line warning D9002 : ignoring unknown option '-Xcompiler'
cl : Command line warning D9002 : ignoring unknown option '-Xcompiler'
cl : Command line warning D9002 : ignoring unknown option '-Xcompiler'
cl : Command line warning D9002 : ignoring unknown option '-Xcompiler'
cl : Command line warning D9002 : ignoring unknown option '-Xcompiler'
cl : Command line warning D9002 : cl : Command line warning D9002 : ignoring unknown option '-Xcompiler'ignoring unknown option '-Xcompiler'

cl : Command line warning D9002 : ignoring unknown option '-Xcompiler'cl : Command line warning D9002 : 
ignoring unknown option '-Xcompiler'cl : Command line warning D9002 : 
ignoring unknown option '-Xcompiler'cl : Command line warning D9002 : 
ignoring unknown option '-Xcompiler'cl : Command line warning D9002 : 
ignoring unknown option '-Xcompiler'cl : Command line warning D9002 : 
ignoring unknown option '-Xcompiler'cl : Command line warning D9002 : 
ignoring unknown option '-Xcompiler'cl : Command line warning D9002 : 
ignoring unknown option '-Xcompiler'cl : Command line warning D9002 : 
ignoring unknown option '-Xcompiler'cl : Command line warning D9002 : 
ignoring unknown option '-Xcompiler'cl : Command line warning D9002 : 
ignoring unknown option '-Xcompiler'cl : Command line warning D9002 : 
ignoring unknown option '-Xcompiler'cl : Command line warning D9002 : 
ignoring unknown option '-Xcompiler'
cl : Command line warning D9002 : ignoring unknown option '-Xcompiler'
cl : Command line warning D9002 : ignoring unknown option '-Xcompiler'
cl : Command line warning D9002 : ignoring unknown option '-Xcompiler'
cl : Command line warning D9002 : ignoring unknown option '-Xcompiler'cl : Command line warning D9002 : 
ignoring unknown option '-Xcompiler'cl : Command line warning D9002 : 
ignoring unknown option '-Xcompiler'cl : Command line warning D9002 : 
ignoring unknown option '-Xcompiler'
cl : Command line warning D9002 : cl : Command line warning D9002 : ignoring unknown option '-Xcompiler'ignoring unknown option '-Xcompiler'

cl : Command line warning D9002 : cl : Command line warning D9002 : ignoring unknown option '-Xcompiler'ignoring unknown option '-Xcompiler'

cl : Command line warning D9002 : cl : Command line warning D9002 : ignoring unknown option '-Xcompiler'ignoring unknown option '-Xcompiler'

cl : Command line warning D9002 : ignoring unknown option '-Xcompiler'
cl : Command line warning D9002 : ignoring unknown option '-Xcompiler'
cl : Command line warning D9002 : ignoring unknown option '-Xcompiler'
cl : Command line warning D9002 : ignoring unknown option '-Xcompiler'
cl : Command line warning D9002 : ignoring unknown option '-Xcompiler'
cl : Command line warning D9002 : ignoring unknown option '-Xcompiler'
cl : Command line warning D9002 : ignoring unknown option '-Xcompiler'
cl : Command line warning D9002 : ignoring unknown option '-Xcompiler'
cl : Command line warning D9002 : ignoring unknown option '-Xcompiler'
cl : Command line warning D9002 : ignoring unknown option '-Xcompiler'
cl : Command line warning D9002 : ignoring unknown option '-Xcompiler'
cl : Command line warning D9002 : ignoring unknown option '-Xcompiler'
cl : Command line warning D9002 : ignoring unknown option '-Xcompiler'
cl : Command line warning D9002 : ignoring unknown option '-Xcompiler'
cl : Command line warning D9002 : ignoring unknown option '-Xcompiler'
cl : Command line warning D9002 : ignoring unknown option '-Xcompiler'
cl : Command line warning D9002 : ignoring unknown option '-Xcompiler'
cl : Command line warning D9002 : ignoring unknown option '-Xcompiler'
cl : Command line warning D9002 : ignoring unknown option '-Xcompiler'
cl : Command line warning D9002 : ignoring unknown option '-mwindows'
cl : Command line warning D9002 : ignoring unknown option '-Xcompiler'
cl : Command line warning D9002 : ignoring unknown option '-Xcompiler'
cl : Command line warning D9002 : ignoring unknown option '-Xcompiler'
cl : Command line warning D9002 : ignoring unknown option '-Xcompiler'
cl : Command line warning D9002 : ignoring unknown option '-Xcompiler'
cl : Command line warning D9002 : ignoring unknown option '-Xcompiler'
cl : Command line warning D9002 : ignoring unknown option '-Xcompiler'
cl : Command line warning D9002 : ignoring unknown option '-Xcompiler'
cl : Command line warning D9002 : cl : Command line warning D9002 : cl : Command line warning D9002 : cl : Command line warning D9002 : ignoring unknown option '-Xcompiler'ignoring unknown option '-mwindows'ignoring unknown option '-mwindows'ignoring unknown option '-Xcompiler'


cl : Command line warning D9002 : 
cl : Command line warning D9002 : ignoring unknown option '-Xcompiler'cl : Command line warning D9002 : cl : Command line warning D9002 : ignoring unknown option '-Xcompiler'
ignoring unknown option '-Xcompiler'ignoring unknown option '-Xcompiler'


cl : Command line warning D9002 : cl : Command line warning D9002 : cl : Command line warning D9002 : cl : Command line warning D9002 : ignoring unknown option '-Xcompiler'ignoring unknown option '-Xcompiler'ignoring unknown option '-Xcompiler'
ignoring unknown option '-Xcompiler'

cl : Command line warning D9002 : 
cl : Command line warning D9002 : cl : Command line warning D9002 : ignoring unknown option '-Xcompiler'cl : Command line warning D9002 : ignoring unknown option '-Xcompiler'
cl : Command line warning D9002 : ignoring unknown option '-Xcompiler'
cl : Command line warning D9002 : ignoring unknown option '-Xcompiler'
ignoring unknown option '-Xcompiler'cl : Command line warning D9002 : ignoring unknown option '-Xcompiler'ignoring unknown option '-Xcompiler'



cl : Command line warning D9002 : cl : Command line warning D9002 : cl : Command line warning D9002 : ignoring unknown option '-Xcompiler'cl : Command line warning D9002 : ignoring unknown option '-Xcompiler'
ignoring unknown option '-Xcompiler'ignoring unknown option '-Xcompiler'

cl : Command line warning D9002 : 
cl : Command line warning D9002 : cl : Command line warning D9002 : ignoring unknown option '-Xcompiler'ignoring unknown option '-Xcompiler'ignoring unknown option '-Xcompiler'


cl : Command line warning D9002 : cl : Command line warning D9002 : ignoring unknown option '-Xcompiler'cl : Command line warning D9002 : ignoring unknown option '-Xcompiler'ignoring unknown option '-Xcompiler'


cl : Command line warning D9002 : cl : Command line warning D9002 : cl : Command line warning D9002 : ignoring unknown option '-Xcompiler'ignoring unknown option '-Xcompiler'ignoring unknown option '-Xcompiler'


cl : Command line warning D9002 : cl : Command line warning D9002 : ignoring unknown option '-Xcompiler'
ignoring unknown option '-Xcompiler'
cl : Command line warning D9002 : ignoring unknown option '-mwindows'
cl : Command line warning D9002 : ignoring unknown option '-Xcompiler'
cl : Command line warning D9002 : ignoring unknown option '-Xcompiler'
cl : Command line warning D9002 : ignoring unknown option '-Xcompiler'
cl : Command line warning D9002 : ignoring unknown option '-Xcompiler'
cl : Command line warning D9002 : ignoring unknown option '-Xcompiler'
cl : Command line warning D9002 : ignoring unknown option '-Xcompiler'
cl : Command line warning D9002 : ignoring unknown option '-Xcompiler'
cl : Command line warning D9002 : ignoring unknown option '-Xcompiler'
cl : Command line warning D9002 : ignoring unknown option '-Xcompiler'
cl : Command line warning D9002 : ignoring unknown option '-Xcompiler'
cl : Command line warning D9002 : ignoring unknown option '-Xcompiler'
cl : Command line warning D9002 : ignoring unknown option '-Xcompiler'
cl : Command line warning D9002 : ignoring unknown option '-Xcompiler'
cl : Command line warning D9002 : ignoring unknown option '-Xcompiler'
cl : Command line warning D9002 : ignoring unknown option '-Xcompiler'
cl : Command line warning D9002 : ignoring unknown option '-Xcompiler'
cl : Command line warning D9002 : cl : Command line warning D9002 : ignoring unknown option '-Xcompiler'ignoring unknown option '-Xcompiler'

cl : Command line warning D9002 : cl : Command line warning D9002 : cl : Command line warning D9002 : cl : Command line warning D9002 : ignoring unknown option '-mwindows'ignoring unknown option '-Xcompiler'ignoring unknown option '-Xcompiler'ignoring unknown option '-Xcompiler'



cl : Command line warning D9002 : cl : Command line warning D9002 : cl : Command line warning D9002 : cl : Command line warning D9002 : ignoring unknown option '-Xcompiler'ignoring unknown option '-Xcompiler'ignoring unknown option '-Xcompiler'
ignoring unknown option '-Xcompiler'

cl : Command line warning D9002 : 
cl : Command line warning D9002 : cl : Command line warning D9002 : ignoring unknown option '-Xcompiler'ignoring unknown option '-Xcompiler'cl : Command line warning D9002 : ignoring unknown option '-Xcompiler'

ignoring unknown option '-Xcompiler'
cl : Command line warning D9002 : 
cl : Command line warning D9002 : cl : Command line warning D9002 : ignoring unknown option '-Xcompiler'cl : Command line warning D9002 : ignoring unknown option '-Xcompiler'ignoring unknown option '-Xcompiler'ignoring unknown option '-Xcompiler'



cl : Command line warning D9002 : cl : Command line warning D9002 : cl : Command line warning D9002 : ignoring unknown option '-Xcompiler'ignoring unknown option '-Xcompiler'cl : Command line warning D9002 : 

ignoring unknown option '-Xcompiler'ignoring unknown option '-Xcompiler'cl : Command line warning D9002 : 
cl : Command line warning D9002 : ignoring unknown option '-Xcompiler'
cl : Command line warning D9002 : ignoring unknown option '-Xcompiler'ignoring unknown option '-Xcompiler'
cl : Command line warning D9002 : 

cl : Command line warning D9002 : ignoring unknown option '-Xcompiler'cl : Command line warning D9002 : cl : Command line warning D9002 : ignoring unknown option '-Xcompiler'
ignoring unknown option '-Xcompiler'
ignoring unknown option '-Xcompiler'cl : Command line warning D9002 : 
cl : Command line warning D9002 : ignoring unknown option '-Xcompiler'
ignoring unknown option '-Xcompiler'cl : Command line warning D9002 : 

ignoring unknown option '-Xcompiler'cl : Command line warning D9002 : 
ignoring unknown option '-Xcompiler'
cl : Command line warning D9002 : ignoring unknown option '-Xcompiler'
cl : Command line warning D9002 : cl : Command line warning D9002 : ignoring unknown option '-Xcompiler'ignoring unknown option '-Xcompiler'

cl : Command line warning D9002 : cl : Command line warning D9002 : ignoring unknown option '-Xcompiler'ignoring unknown option '-Xcompiler'

cl : Command line warning D9002 : cl : Command line warning D9002 : ignoring unknown option '-Xcompiler'ignoring unknown option '-Xcompiler'

cl : Command line warning D9002 : cl : Command line warning D9002 : ignoring unknown option '-Xcompiler'ignoring unknown option '-Xcompiler'

cl : Command line warning D9002 : cl : Command line warning D9002 : ignoring unknown option '-Xcompiler'ignoring unknown option '-Xcompiler'
cl : Command line warning D9002 : 
cl : Command line warning D9002 : ignoring unknown option '-Xcompiler'ignoring unknown option '-Xcompiler'cl : Command line warning D9002 : 
ignoring unknown option '-Xcompiler'
cl : Command line warning D9002 : 
cl : Command line warning D9002 : ignoring unknown option '-Xcompiler'cl : Command line warning D9002 : cl : Command line warning D9002 : ignoring unknown option '-Xcompiler'
ignoring unknown option '-Xcompiler'ignoring unknown option '-Xcompiler'
cl : Command line warning D9002 : cl : Command line warning D9002 : ignoring unknown option '-Xcompiler'


ignoring unknown option '-Xcompiler'cl : Command line warning D9002 : ignoring unknown option '-Xcompiler'

cl : Command line warning D9002 : ignoring unknown option '-Xcompiler'cl : Command line warning D9002 : 
ignoring unknown option '-Xcompiler'
cl : Command line warning D9002 : cl : Command line warning D9002 : ignoring unknown option '-Xcompiler'ignoring unknown option '-Xcompiler'

cl : Command line warning D9002 : cl : Command line warning D9002 : ignoring unknown option '-Xcompiler'ignoring unknown option '-Xcompiler'

cl : Command line warning D9002 : cl : Command line warning D9002 : ignoring unknown option '-Xcompiler'ignoring unknown option '-Xcompiler'

cl : Command line warning D9002 : cl : Command line warning D9002 : ignoring unknown option '-Xcompiler'
ignoring unknown option '-Xcompiler'
cl : Command line warning D9002 : ignoring unknown option '-Xcompiler'
cl : Command line warning D9002 : cl : Command line warning D9002 : ignoring unknown option '-Xcompiler'ignoring unknown option '-Xcompiler'

cl : Command line warning D9002 : cl : Command line warning D9002 : cl : Command line warning D9002 : ignoring unknown option '-Xcompiler'ignoring unknown option '-Xcompiler'ignoring unknown option '-Xcompiler'
cl : Command line warning D9002 : ignoring unknown option '-Xcompiler'

cl : Command line warning D9002 : 
ignoring unknown option '-Xcompiler'cl : Command line warning D9002 : cl : Command line warning D9002 : 
ignoring unknown option '-Xcompiler'ignoring unknown option '-Xcompiler'cl : Command line warning D9002 : 
ignoring unknown option '-Xcompiler'
cl : Command line warning D9002 : 
cl : Command line warning D9002 : ignoring unknown option '-Xcompiler'cl : Command line warning D9002 : 
ignoring unknown option '-Xcompiler'ignoring unknown option '-Xcompiler'

cl : Command line warning D9002 : cl : Command line warning D9002 : cl : Command line warning D9002 : ignoring unknown option '-Xcompiler'ignoring unknown option '-Xcompiler'ignoring unknown option '-Xcompiler'

cl : Command line warning D9002 : 
cl : Command line warning D9002 : ignoring unknown option '-Xcompiler'ignoring unknown option '-Xcompiler'cl : Command line warning D9002 : 

ignoring unknown option '-Xcompiler'cl : Command line warning D9002 : cl : Command line warning D9002 : 
ignoring unknown option '-Xcompiler'ignoring unknown option '-Xcompiler'cl : Command line warning D9002 : 

ignoring unknown option '-Xcompiler'cl : Command line warning D9002 : 
ignoring unknown option '-Xcompiler'
cl : Command line warning D9002 : ignoring unknown option '-Xcompiler'
cl : Command line warning D9002 : ignoring unknown option '-Xcompiler'
cl : Command line warning D9002 : ignoring unknown option '-Xcompiler'
cl : Command line warning D9002 : ignoring unknown option '-Xcompiler'
cl : Command line warning D9002 : ignoring unknown option '-Xcompiler'
cl : Command line warning D9002 : ignoring unknown option '-Xcompiler'
cl : Command line warning D9002 : ignoring unknown option '-Xcompiler'
cl : Command line warning D9002 : ignoring unknown option '-Xcompiler'
cl : Command line warning D9002 : ignoring unknown option '-Xcompiler'
cl : Command line warning D9002 : ignoring unknown option '-mwindows'
cl : Command line warning D9002 : ignoring unknown option '-Xcompiler'
cl : Command line warning D9002 : ignoring unknown option '-Xcompiler'
cl : Command line warning D9002 : ignoring unknown option '-Xcompiler'
cl : Command line warning D9002 : ignoring unknown option '-Xcompiler'
cl : Command line warning D9002 : ignoring unknown option '-Xcompiler'
cl : Command line warning D9002 : ignoring unknown option '-Xcompiler'
cl : Command line warning D9002 : ignoring unknown option '-Xcompiler'
cl : Command line warning D9002 : ignoring unknown option '-Xcompiler'
cl : Command line warning D9002 : cl : Command line warning D9002 : ignoring unknown option '-mwindows'ignoring unknown option '-Xcompiler'

cl : Command line warning D9002 : cl : Command line warning D9002 : ignoring unknown option '-Xcompiler'ignoring unknown option '-Xcompiler'

cl : Command line warning D9002 : cl : Command line warning D9002 : ignoring unknown option '-Xcompiler'ignoring unknown option '-Xcompiler'

cl : Command line warning D9002 : cl : Command line warning D9002 : ignoring unknown option '-Xcompiler'cl : Command line warning D9002 : ignoring unknown option '-Xcompiler'

ignoring unknown option '-mwindows'cl : Command line warning D9002 : 
cl : Command line warning D9002 : cl : Command line warning D9002 : ignoring unknown option '-Xcompiler'cl : Command line warning D9002 : cl : Command line warning D9002 : ignoring unknown option '-Xcompiler'ignoring unknown option '-Xcompiler'
ignoring unknown option '-mwindows'

cl : Command line warning D9002 : 
ignoring unknown option '-Xcompiler'cl : Command line warning D9002 : cl : Command line warning D9002 : ignoring unknown option '-Xcompiler'cl : Command line warning D9002 : ignoring unknown option '-Xcompiler'

ignoring unknown option '-Xcompiler'ignoring unknown option '-Xcompiler'

cl : Command line warning D9002 : 
cl : Command line warning D9002 : cl : Command line warning D9002 : cl : Command line warning D9002 : ignoring unknown option '-Xcompiler'ignoring unknown option '-Xcompiler'cl : Command line warning D9002 : 

ignoring unknown option '-Xcompiler'cl : Command line warning D9002 : cl : Command line warning D9002 : ignoring unknown option '-Xcompiler'
ignoring unknown option '-Xcompiler'ignoring unknown option '-Xcompiler'
cl : Command line warning D9002 : 
cl : Command line warning D9002 : ignoring unknown option '-Xcompiler'cl : Command line warning D9002 : ignoring unknown option '-Xcompiler'

ignoring unknown option '-Xcompiler'
cl : Command line warning D9002 : ignoring unknown option '-Xcompiler'ignoring unknown option '-Xcompiler'cl : Command line warning D9002 : 

cl : Command line warning D9002 : 
cl : Command line warning D9002 : ignoring unknown option '-Xcompiler'ignoring unknown option '-Xcompiler'ignoring unknown option '-Xcompiler'cl : Command line warning D9002 : 
cl : Command line warning D9002 : 
ignoring unknown option '-Xcompiler'
ignoring unknown option '-Xcompiler'

cl : Command line warning D9002 : cl : Command line warning D9002 : ignoring unknown option '-Xcompiler'ignoring unknown option '-Xcompiler'

cl : Command line warning D9002 : cl : Command line warning D9002 : ignoring unknown option '-Xcompiler'ignoring unknown option '-Xcompiler'

cl : Command line warning D9002 : cl : Command line warning D9002 : ignoring unknown option '-Xcompiler'ignoring unknown option '-Xcompiler'

cl : Command line warning D9002 : ignoring unknown option '-Xcompiler'cl : Command line warning D9002 : 
ignoring unknown option '-Xcompiler'
cl : Command line warning D9002 : ignoring unknown option '-Xcompiler'
cl : Command line warning D9002 : ignoring unknown option '-mwindows'
cl : Command line warning D9002 : cl : Command line warning D9002 : ignoring unknown option '-Xcompiler'ignoring unknown option '-Xcompiler'

cl : Command line warning D9002 : cl : Command line warning D9002 : ignoring unknown option '-Xcompiler'ignoring unknown option '-Xcompiler'

cl : Command line warning D9002 : cl : Command line warning D9002 : ignoring unknown option '-Xcompiler'ignoring unknown option '-Xcompiler'

cl : Command line warning D9002 : cl : Command line warning D9002 : ignoring unknown option '-Xcompiler'ignoring unknown option '-Xcompiler'

cl : Command line warning D9002 : cl : Command line warning D9002 : ignoring unknown option '-Xcompiler'ignoring unknown option '-Xcompiler'

cl : Command line warning D9002 : cl : Command line warning D9002 : ignoring unknown option '-Xcompiler'ignoring unknown option '-Xcompiler'

cl : Command line warning D9002 : cl : Command line warning D9002 : ignoring unknown option '-Xcompiler'ignoring unknown option '-Xcompiler'

cl : Command line warning D9002 : cl : Command line warning D9002 : ignoring unknown option '-Xcompiler'ignoring unknown option '-Xcompiler'

cl : Command line warning D9002 : ignoring unknown option '-Xcompiler'
cl : Command line warning D9002 : ignoring unknown option '-Xcompiler'
cl : Command line warning D9002 : ignoring unknown option '-Xcompiler'
cl : Command line warning D9002 : ignoring unknown option '-Xcompiler'
cl : Command line warning D9002 : ignoring unknown option '-Xcompiler'
cl : Command line warning D9002 : ignoring unknown option '-Xcompiler'
cl : Command line warning D9002 : ignoring unknown option '-Xcompiler'
cl : Command line warning D9002 : ignoring unknown option '-Xcompiler'
