[33;1mVERBOSE: Resolving base path D:/Seneca/GPU/work/Final_Data_Analysis_Stock/vcpkg_installed/vcpkg/pkgs/hwloc_x64-windows/tools/hwloc/bin/hwloc-patch.exe...[0m
[33;1mVERBOSE: Resolving D:/Seneca/GPU/work/Final_Data_Analysis_Stock/vcpkg_installed/vcpkg/pkgs/hwloc_x64-windows/tools/hwloc/bin/hwloc-patch.exe...[0m
[33;1mVERBOSE:   hwloc-15.dll: already present[0m
[33;1mVERBOSE: Resolving D:\Seneca\GPU\work\Final_Data_Analysis_Stock\vcpkg_installed\vcpkg\pkgs\hwloc_x64-windows\tools\hwloc\bin\hwloc-15.dll...[0m
[33;1mVERBOSE:   KERNEL32.dll: D:\Seneca\GPU\work\Final_Data_Analysis_Stock\vcpkg_installed\vcpkg\pkgs\hwloc_x64-windows\bin\KERNEL32.dll not found[0m
[33;1mVERBOSE:   VCRUNTIME140.dll: D:\Seneca\GPU\work\Final_Data_Analysis_Stock\vcpkg_installed\vcpkg\pkgs\hwloc_x64-windows\bin\VCRUNTIME140.dll not found[0m
[33;1mVERBOSE:   api-ms-win-crt-runtime-l1-1-0.dll: D:\Seneca\GPU\work\Final_Data_Analysis_Stock\vcpkg_installed\vcpkg\pkgs\hwloc_x64-windows\bin\api-ms-win-crt-runtime-l1-1-0.dll not found[0m
[33;1mVERBOSE:   api-ms-win-crt-string-l1-1-0.dll: D:\Seneca\GPU\work\Final_Data_Analysis_Stock\vcpkg_installed\vcpkg\pkgs\hwloc_x64-windows\bin\api-ms-win-crt-string-l1-1-0.dll not found[0m
[33;1mVERBOSE:   api-ms-win-crt-stdio-l1-1-0.dll: D:\Seneca\GPU\work\Final_Data_Analysis_Stock\vcpkg_installed\vcpkg\pkgs\hwloc_x64-windows\bin\api-ms-win-crt-stdio-l1-1-0.dll not found[0m
[33;1mVERBOSE:   api-ms-win-crt-heap-l1-1-0.dll: D:\Seneca\GPU\work\Final_Data_Analysis_Stock\vcpkg_installed\vcpkg\pkgs\hwloc_x64-windows\bin\api-ms-win-crt-heap-l1-1-0.dll not found[0m
[33;1mVERBOSE:   api-ms-win-crt-utility-l1-1-0.dll: D:\Seneca\GPU\work\Final_Data_Analysis_Stock\vcpkg_installed\vcpkg\pkgs\hwloc_x64-windows\bin\api-ms-win-crt-utility-l1-1-0.dll not found[0m
[33;1mVERBOSE:   api-ms-win-crt-convert-l1-1-0.dll: D:\Seneca\GPU\work\Final_Data_Analysis_Stock\vcpkg_installed\vcpkg\pkgs\hwloc_x64-windows\bin\api-ms-win-crt-convert-l1-1-0.dll not found[0m
[33;1mVERBOSE:   api-ms-win-crt-environment-l1-1-0.dll: D:\Seneca\GPU\work\Final_Data_Analysis_Stock\vcpkg_installed\vcpkg\pkgs\hwloc_x64-windows\bin\api-ms-win-crt-environment-l1-1-0.dll not found[0m
[33;1mVERBOSE:   api-ms-win-crt-filesystem-l1-1-0.dll: D:\Seneca\GPU\work\Final_Data_Analysis_Stock\vcpkg_installed\vcpkg\pkgs\hwloc_x64-windows\bin\api-ms-win-crt-filesystem-l1-1-0.dll not found[0m
[33;1mVERBOSE:   api-ms-win-crt-math-l1-1-0.dll: D:\Seneca\GPU\work\Final_Data_Analysis_Stock\vcpkg_installed\vcpkg\pkgs\hwloc_x64-windows\bin\api-ms-win-crt-math-l1-1-0.dll not found[0m
[33;1mVERBOSE: Done Resolving D:\Seneca\GPU\work\Final_Data_Analysis_Stock\vcpkg_installed\vcpkg\pkgs\hwloc_x64-windows\tools\hwloc\bin\hwloc-15.dll.[0m
[33;1mVERBOSE:   VCRUNTIME140.dll: previously searched - Skip[0m
[33;1mVERBOSE:   api-ms-win-crt-heap-l1-1-0.dll: previously searched - Skip[0m
[33;1mVERBOSE:   api-ms-win-crt-runtime-l1-1-0.dll: previously searched - Skip[0m
[33;1mVERBOSE:   api-ms-win-crt-environment-l1-1-0.dll: previously searched - Skip[0m
[33;1mVERBOSE:   api-ms-win-crt-stdio-l1-1-0.dll: previously searched - Skip[0m
[33;1mVERBOSE:   api-ms-win-crt-string-l1-1-0.dll: previously searched - Skip[0m
[33;1mVERBOSE:   api-ms-win-crt-math-l1-1-0.dll: previously searched - Skip[0m
[33;1mVERBOSE:   api-ms-win-crt-locale-l1-1-0.dll: D:\Seneca\GPU\work\Final_Data_Analysis_Stock\vcpkg_installed\vcpkg\pkgs\hwloc_x64-windows\bin\api-ms-win-crt-locale-l1-1-0.dll not found[0m
[33;1mVERBOSE:   KERNEL32.dll: previously searched - Skip[0m
[33;1mVERBOSE: Done Resolving D:/Seneca/GPU/work/Final_Data_Analysis_Stock/vcpkg_installed/vcpkg/pkgs/hwloc_x64-windows/tools/hwloc/bin/hwloc-patch.exe.[0m
[33;1mVERBOSE: 
Name                           Value
----                           -----
api-ms-win-crt-runtime-l1-1-0… True
api-ms-win-crt-filesystem-l1-… True
hwloc-15.dll                   True
api-ms-win-crt-convert-l1-1-0… True
api-ms-win-crt-string-l1-1-0.… True
api-ms-win-crt-heap-l1-1-0.dll True
api-ms-win-crt-utility-l1-1-0… True
api-ms-win-crt-locale-l1-1-0.… True
api-ms-win-crt-environment-l1… True
KERNEL32.dll                   True
VCRUNTIME140.dll               True
api-ms-win-crt-math-l1-1-0.dll True
api-ms-win-crt-stdio-l1-1-0.d… True

[0m
